17:13:21 **** Build of configuration x86_64-debug for project central_controller_node ****
make -j4 all 
qcc -Vgcc_ntox86_64 -c -Wp,-MMD,build/x86_64-debug/src/central_controller_node.d,-MT,build/x86_64-debug/src/central_controller_node.o -o build/x86_64-debug/src/central_controller_node.o  -Wall -fmessage-length=0 -g -O0 -fno-builtin  src/central_controller_node.c
qcc -Vgcc_ntox86_64 -o build/x86_64-debug/central_controller_node   build/x86_64-debug/src/central_controller_node.o  
17:30:56 **** Incremental Build of configuration x86_64-debug for project central_controller_node ****
make -j4 all 
qcc -Vgcc_ntox86_64 -c -Wp,-MMD,build/x86_64-debug/src/central_controller_node.d,-MT,build/x86_64-debug/src/central_controller_node.o -o build/x86_64-debug/src/central_controller_node.o -I ../../include/ -Wall -fmessage-length=0 -g -O0 -fno-builtin  src/central_controller_node.c
qcc -Vgcc_ntox86_64 -o build/x86_64-debug/central_controller_node   build/x86_64-debug/src/central_controller_node.o  
17:38:06 **** Incremental Build of configuration x86_64-debug for project central_controller_node ****
make -j4 all 
qcc -Vgcc_ntox86_64 -c -Wp,-MMD,build/x86_64-debug/src/central_controller_node.d,-MT,build/x86_64-debug/src/central_controller_node.o -o build/x86_64-debug/src/central_controller_node.o -I ../../include/ -Wall -fmessage-length=0 -g -O0 -fno-builtin  src/central_controller_node.c
In file included from src/central_controller_node.c:4:0:
../../include/global_include.h:14:0: warning: "X1_QNET_ATTACH_POINT" redefined
 #define X1_QNET_ATTACH_POINT "/net/s3484378-02/dev/name/local/c1_group_14" 
 ^
../../include/global_include.h:13:0: note: this is the location of the previous definition
 #define X1_QNET_ATTACH_POINT "/net/s3484378-01/dev/name/local/x1_group_14" // Need to update to match node hostname
 ^
qcc -Vgcc_ntox86_64 -o build/x86_64-debug/central_controller_node   build/x86_64-debug/src/central_controller_node.o  
17:41:21 **** Incremental Build of configuration x86_64-debug for project central_controller_node ****
make -j4 all 
make: Nothing to be done for 'all'.
17:44:30 **** Incremental Build of configuration x86_64-debug for project central_controller_node ****
make -j4 all 
qcc -Vgcc_ntox86_64 -c -Wp,-MMD,build/x86_64-debug/src/central_controller_node.d,-MT,build/x86_64-debug/src/central_controller_node.o -o build/x86_64-debug/src/central_controller_node.o -I ../../include/ -Wall -fmessage-length=0 -g -O0 -fno-builtin  src/central_controller_node.c
In file included from src/central_controller_node.c:4:0:
../../include/global_include.h:14:0: warning: "X1_QNET_ATTACH_POINT" redefined
 #define X1_QNET_ATTACH_POINT "/net/s3484378-02/dev/name/local/c1_group_14" 
 ^
../../include/global_include.h:13:0: note: this is the location of the previous definition
 #define X1_QNET_ATTACH_POINT "/net/s3484378-01/dev/name/local/x1_group_14" // Need to update to match node hostname
 ^
src/central_controller_node.c: In function 'c1_message_server_thread':
src/central_controller_node.c:15:1: warning: control reaches end of non-void function [-Wreturn-type]
 }
 ^
qcc -Vgcc_ntox86_64 -o build/x86_64-debug/central_controller_node   build/x86_64-debug/src/central_controller_node.o  
17:44:37 **** Incremental Build of configuration x86_64-debug for project central_controller_node ****
make -j4 all 
qcc -Vgcc_ntox86_64 -c -Wp,-MMD,build/x86_64-debug/src/central_controller_node.d,-MT,build/x86_64-debug/src/central_controller_node.o -o build/x86_64-debug/src/central_controller_node.o -I ../../include/ -Wall -fmessage-length=0 -g -O0 -fno-builtin  src/central_controller_node.c
In file included from src/central_controller_node.c:4:0:
../../include/global_include.h:14:0: warning: "X1_QNET_ATTACH_POINT" redefined
 #define X1_QNET_ATTACH_POINT "/net/s3484378-02/dev/name/local/c1_group_14" 
 ^
../../include/global_include.h:13:0: note: this is the location of the previous definition
 #define X1_QNET_ATTACH_POINT "/net/s3484378-01/dev/name/local/x1_group_14" // Need to update to match node hostname
 ^
qcc -Vgcc_ntox86_64 -o build/x86_64-debug/central_controller_node   build/x86_64-debug/src/central_controller_node.o  
17:46:39 **** Incremental Build of configuration x86_64-debug for project central_controller_node ****
make -j4 all 
qcc -Vgcc_ntox86_64 -c -Wp,-MMD,build/x86_64-debug/src/central_controller_node.d,-MT,build/x86_64-debug/src/central_controller_node.o -o build/x86_64-debug/src/central_controller_node.o -I ../../include/ -Wall -fmessage-length=0 -g -O0 -fno-builtin  src/central_controller_node.c
qcc -Vgcc_ntox86_64 -o build/x86_64-debug/central_controller_node   build/x86_64-debug/src/central_controller_node.o  
17:48:14 **** Incremental Build of configuration x86_64-debug for project central_controller_node ****
make -j4 all 
qcc -Vgcc_ntox86_64 -c -Wp,-MMD,build/x86_64-debug/src/central_controller_node.d,-MT,build/x86_64-debug/src/central_controller_node.o -o build/x86_64-debug/src/central_controller_node.o -I ../../include/ -Wall -fmessage-length=0 -g -O0 -fno-builtin  src/central_controller_node.c
qcc -Vgcc_ntox86_64 -o build/x86_64-debug/central_controller_node   build/x86_64-debug/src/central_controller_node.o  
17:50:48 **** Incremental Build of configuration x86_64-debug for project central_controller_node ****
make -j4 all 
qcc -Vgcc_ntox86_64 -c -Wp,-MMD,build/x86_64-debug/src/central_controller_node.d,-MT,build/x86_64-debug/src/central_controller_node.o -o build/x86_64-debug/src/central_controller_node.o -I ../../include/ -Wall -fmessage-length=0 -g -O0 -fno-builtin  src/central_controller_node.c
src/central_controller_node.c: In function 'c1_message_server_thread':
src/central_controller_node.c:21:34: error: 'C1_LOCAL_ATTACH_POINT' undeclared (first use in this function)
  if ((attach = name_attach(NULL, C1_LOCAL_ATTACH_POINT, 0)) == NULL){
                                  ^
src/central_controller_node.c:21:34: note: each undeclared identifier is reported only once for each function it appears in
src/central_controller_node.c:20:17: warning: variable 'attach' set but not used [-Wunused-but-set-variable]
  name_attach_t *attach;
                 ^
cc: C:/QNX/qnx700/host/win64/x86_64/usr/lib/gcc/x86_64-pc-nto-qnx7.0.0/5.4.0/cc1 caught signal 1
Makefile:56: recipe for target 'build/x86_64-debug/src/central_controller_node.o' failed
make: *** [build/x86_64-debug/src/central_controller_node.o] Error 1
17:50:57 **** Incremental Build of configuration x86_64-debug for project central_controller_node ****
make -j4 all 
qcc -Vgcc_ntox86_64 -c -Wp,-MMD,build/x86_64-debug/src/central_controller_node.d,-MT,build/x86_64-debug/src/central_controller_node.o -o build/x86_64-debug/src/central_controller_node.o -I ../../include/ -Wall -fmessage-length=0 -g -O0 -fno-builtin  src/central_controller_node.c
qcc -Vgcc_ntox86_64 -o build/x86_64-debug/central_controller_node   build/x86_64-debug/src/central_controller_node.o  
17:53:01 **** Incremental Build of configuration x86_64-debug for project central_controller_node ****
make -j4 all 
qcc -Vgcc_ntox86_64 -c -Wp,-MMD,build/x86_64-debug/src/central_controller_node.d,-MT,build/x86_64-debug/src/central_controller_node.o -o build/x86_64-debug/src/central_controller_node.o -I ../../include/ -Wall -fmessage-length=0 -g -O0 -fno-builtin  src/central_controller_node.c
src/central_controller_node.c: In function 'c1_message_server_thread':
src/central_controller_node.c:75:16: error: 'state_data' undeclared (first use in this function)
      sem_wait(&state_data->sem);
                ^
src/central_controller_node.c:75:16: note: each undeclared identifier is reported only once for each function it appears in
cc: C:/QNX/qnx700/host/win64/x86_64/usr/lib/gcc/x86_64-pc-nto-qnx7.0.0/5.4.0/cc1 caught signal 1
Makefile:56: recipe for target 'build/x86_64-debug/src/central_controller_node.o' failed
make: *** [build/x86_64-debug/src/central_controller_node.o] Error 1
17:53:42 **** Incremental Build of configuration x86_64-debug for project central_controller_node ****
make -j4 all 
qcc -Vgcc_ntox86_64 -c -Wp,-MMD,build/x86_64-debug/src/central_controller_node.d,-MT,build/x86_64-debug/src/central_controller_node.o -o build/x86_64-debug/src/central_controller_node.o -I ../../include/ -Wall -fmessage-length=0 -g -O0 -fno-builtin  src/central_controller_node.c
qcc -Vgcc_ntox86_64 -o build/x86_64-debug/central_controller_node   build/x86_64-debug/src/central_controller_node.o  
17:55:07 **** Incremental Build of configuration x86_64-debug for project central_controller_node ****
make -j4 all 
make: Nothing to be done for 'all'.
17:57:05 **** Incremental Build of configuration x86_64-debug for project central_controller_node ****
make -j4 all 
make: Nothing to be done for 'all'.
17:57:12 **** Build of configuration x86_64-debug for project message_client ****
make -j4 all 
qcc -Vgcc_ntox86_64 -c -Wp,-MMD,build/x86_64-debug/src/message_client.d,-MT,build/x86_64-debug/src/message_client.o -o build/x86_64-debug/src/message_client.o -I ../../include/ -Wall -fmessage-length=0 -g -O0 -fno-builtin  src/message_client.c
qcc -Vgcc_ntox86_64 -o build/x86_64-debug/message_client   build/x86_64-debug/src/message_client.o  
18:02:18 **** Incremental Build of configuration x86_64-debug for project central_controller_node ****
make -j4 all 
qcc -Vgcc_ntox86_64 -c -Wp,-MMD,build/x86_64-debug/src/central_controller_node.d,-MT,build/x86_64-debug/src/central_controller_node.o -o build/x86_64-debug/src/central_controller_node.o -I ../../include/ -Wall -fmessage-length=0 -g -O0 -fno-builtin  src/central_controller_node.c
src/central_controller_node.c: In function 'c1_message_server_thread':
src/central_controller_node.c:28:2: error: unknown type name 'controller_data_t'
  controller_data_t* controller_data = (controller_data_t*) arg;
  ^
src/central_controller_node.c:28:40: error: 'controller_data_t' undeclared (first use in this function)
  controller_data_t* controller_data = (controller_data_t*) arg;
                                        ^
src/central_controller_node.c:28:40: note: each undeclared identifier is reported only once for each function it appears in
src/central_controller_node.c:28:58: error: expected expression before ')' token
  controller_data_t* controller_data = (controller_data_t*) arg;
                                                          ^
src/central_controller_node.c:28:21: warning: unused variable 'controller_data' [-Wunused-variable]
  controller_data_t* controller_data = (controller_data_t*) arg;
                     ^
cc: C:/QNX/qnx700/host/win64/x86_64/usr/lib/gcc/x86_64-pc-nto-qnx7.0.0/5.4.0/cc1 caught signal 1
make: *** [build/x86_64-debug/src/central_controller_node.o] Error 1
Makefile:56: recipe for target 'build/x86_64-debug/src/central_controller_node.o' failed
18:03:27 **** Incremental Build of configuration x86_64-debug for project central_controller_node ****
make -j4 all 
qcc -Vgcc_ntox86_64 -c -Wp,-MMD,build/x86_64-debug/src/central_controller_node.d,-MT,build/x86_64-debug/src/central_controller_node.o -o build/x86_64-debug/src/central_controller_node.o -I ../../include/ -Wall -fmessage-length=0 -g -O0 -fno-builtin  src/central_controller_node.c
src/central_controller_node.c: In function 'c1_message_server_thread':
src/central_controller_node.c:29:21: warning: unused variable 'controller_data' [-Wunused-variable]
  controller_data_t* controller_data = (controller_data_t*) arg;
                     ^
qcc -Vgcc_ntox86_64 -o build/x86_64-debug/central_controller_node   build/x86_64-debug/src/central_controller_node.o  
18:05:13 **** Incremental Build of configuration x86_64-debug for project central_controller_node ****
make -j4 all 
qcc -Vgcc_ntox86_64 -c -Wp,-MMD,build/x86_64-debug/src/central_controller_node.d,-MT,build/x86_64-debug/src/central_controller_node.o -o build/x86_64-debug/src/central_controller_node.o -I ../../include/ -Wall -fmessage-length=0 -g -O0 -fno-builtin  src/central_controller_node.c
src/central_controller_node.c: In function 'c1_message_server_thread':
src/central_controller_node.c:107:9: error: 'EXIT_FAIL' undeclared (first use in this function)
  return EXIT_FAIL;
         ^
src/central_controller_node.c:107:9: note: each undeclared identifier is reported only once for each function it appears in
src/central_controller_node.c:29:21: warning: unused variable 'controller_data' [-Wunused-variable]
  controller_data_t* controller_data = (controller_data_t*) arg;
                     ^
src/central_controller_node.c:108:1: warning: control reaches end of non-void function [-Wreturn-type]
 }
 ^
cc: C:/QNX/qnx700/host/win64/x86_64/usr/lib/gcc/x86_64-pc-nto-qnx7.0.0/5.4.0/cc1 caught signal 1
make: *** [build/x86_64-debug/src/central_controller_node.o] Error 1
Makefile:56: recipe for target 'build/x86_64-debug/src/central_controller_node.o' failed
18:05:40 **** Incremental Build of configuration x86_64-debug for project central_controller_node ****
make -j4 all 
qcc -Vgcc_ntox86_64 -c -Wp,-MMD,build/x86_64-debug/src/central_controller_node.d,-MT,build/x86_64-debug/src/central_controller_node.o -o build/x86_64-debug/src/central_controller_node.o -I ../../include/ -Wall -fmessage-length=0 -g -O0 -fno-builtin  src/central_controller_node.c
src/central_controller_node.c: In function 'c1_message_server_thread':
src/central_controller_node.c:107:9: warning: return makes pointer from integer without a cast [-Wint-conversion]
  return EXIT_FAILURE;
         ^
src/central_controller_node.c:29:21: warning: unused variable 'controller_data' [-Wunused-variable]
  controller_data_t* controller_data = (controller_data_t*) arg;
                     ^
qcc -Vgcc_ntox86_64 -o build/x86_64-debug/central_controller_node   build/x86_64-debug/src/central_controller_node.o  
18:05:58 **** Incremental Build of configuration x86_64-debug for project central_controller_node ****
make -j4 all 
qcc -Vgcc_ntox86_64 -c -Wp,-MMD,build/x86_64-debug/src/central_controller_node.d,-MT,build/x86_64-debug/src/central_controller_node.o -o build/x86_64-debug/src/central_controller_node.o -I ../../include/ -Wall -fmessage-length=0 -g -O0 -fno-builtin  src/central_controller_node.c
src/central_controller_node.c: In function 'c1_message_server_thread':
src/central_controller_node.c:107:9: error: lvalue required as unary '&' operand
  return &EXIT_FAILURE;
         ^
src/central_controller_node.c:29:21: warning: unused variable 'controller_data' [-Wunused-variable]
  controller_data_t* controller_data = (controller_data_t*) arg;
                     ^
src/central_controller_node.c:108:1: warning: control reaches end of non-void function [-Wreturn-type]
 }
 ^
cc: C:/QNX/qnx700/host/win64/x86_64/usr/lib/gcc/x86_64-pc-nto-qnx7.0.0/5.4.0/cc1 caught signal 1
make: *** [build/x86_64-debug/src/central_controller_node.o] Error 1
Makefile:56: recipe for target 'build/x86_64-debug/src/central_controller_node.o' failed
18:06:13 **** Incremental Build of configuration x86_64-debug for project central_controller_node ****
make -j4 all 
qcc -Vgcc_ntox86_64 -c -Wp,-MMD,build/x86_64-debug/src/central_controller_node.d,-MT,build/x86_64-debug/src/central_controller_node.o -o build/x86_64-debug/src/central_controller_node.o -I ../../include/ -Wall -fmessage-length=0 -g -O0 -fno-builtin  src/central_controller_node.c
src/central_controller_node.c: In function 'c1_message_server_thread':
src/central_controller_node.c:29:21: warning: unused variable 'controller_data' [-Wunused-variable]
  controller_data_t* controller_data = (controller_data_t*) arg;
                     ^
qcc -Vgcc_ntox86_64 -o build/x86_64-debug/central_controller_node   build/x86_64-debug/src/central_controller_node.o  
18:11:26 **** Incremental Build of configuration x86_64-debug for project central_controller_node ****
make -j4 all 
qcc -Vgcc_ntox86_64 -c -Wp,-MMD,build/x86_64-debug/src/central_controller_node.d,-MT,build/x86_64-debug/src/central_controller_node.o -o build/x86_64-debug/src/central_controller_node.o -I ../../include/ -Wall -fmessage-length=0 -g -O0 -fno-builtin  src/central_controller_node.c
In file included from src/central_controller_node.c:6:0:
../../include/controller_include.h:4:17: fatal error: sem.h: No such file or directory
compilation terminated.
cc: C:/QNX/qnx700/host/win64/x86_64/usr/lib/gcc/x86_64-pc-nto-qnx7.0.0/5.4.0/cc1 caught signal 1
make: *** [build/x86_64-debug/src/central_controller_node.o] Error 1
Makefile:56: recipe for target 'build/x86_64-debug/src/central_controller_node.o' failed
18:11:43 **** Incremental Build of configuration x86_64-debug for project central_controller_node ****
make -j4 all 
qcc -Vgcc_ntox86_64 -c -Wp,-MMD,build/x86_64-debug/src/central_controller_node.d,-MT,build/x86_64-debug/src/central_controller_node.o -o build/x86_64-debug/src/central_controller_node.o -I ../../include/ -Wall -fmessage-length=0 -g -O0 -fno-builtin  src/central_controller_node.c
src/central_controller_node.c: In function 'c1_message_server_thread':
src/central_controller_node.c:30:21: warning: unused variable 'controller_data' [-Wunused-variable]
  controller_data_t* controller_data = (controller_data_t*) arg;
                     ^
qcc -Vgcc_ntox86_64 -o build/x86_64-debug/central_controller_node   build/x86_64-debug/src/central_controller_node.o  
18:12:29 **** Incremental Build of configuration x86_64-debug for project central_controller_node ****
make -j4 all 
qcc -Vgcc_ntox86_64 -c -Wp,-MMD,build/x86_64-debug/src/central_controller_node.d,-MT,build/x86_64-debug/src/central_controller_node.o -o build/x86_64-debug/src/central_controller_node.o -I ../../include/ -Wall -fmessage-length=0 -g -O0 -fno-builtin  src/central_controller_node.c
src/central_controller_node.c: In function 'main':
src/central_controller_node.c:15:20: warning: unused variable 'global_data' [-Wunused-variable]
  controller_data_t global_data;
                    ^
src/central_controller_node.c: In function 'c1_message_server_thread':
src/central_controller_node.c:34:2: warning: implicit declaration of function 'x1_global_init' [-Wimplicit-function-declaration]
  x1_global_init(&controller_data);
  ^
src/central_controller_node.c: At top level:
src/central_controller_node.c:127:6: warning: conflicting types for 'x1_global_init'
 void x1_global_init(controller_data_t* data){
      ^
src/central_controller_node.c:34:2: note: previous implicit declaration of 'x1_global_init' was here
  x1_global_init(&controller_data);
  ^
qcc -Vgcc_ntox86_64 -o build/x86_64-debug/central_controller_node   build/x86_64-debug/src/central_controller_node.o  
18:12:51 **** Incremental Build of configuration x86_64-debug for project central_controller_node ****
make -j4 all 
qcc -Vgcc_ntox86_64 -c -Wp,-MMD,build/x86_64-debug/src/central_controller_node.d,-MT,build/x86_64-debug/src/central_controller_node.o -o build/x86_64-debug/src/central_controller_node.o -I ../../include/ -Wall -fmessage-length=0 -g -O0 -fno-builtin  src/central_controller_node.c
src/central_controller_node.c: In function 'main':
src/central_controller_node.c:16:2: warning: implicit declaration of function 'x1_global_init' [-Wimplicit-function-declaration]
  x1_global_init(&controller_data);
  ^
src/central_controller_node.c:16:18: error: 'controller_data' undeclared (first use in this function)
  x1_global_init(&controller_data);
                  ^
src/central_controller_node.c:16:18: note: each undeclared identifier is reported only once for each function it appears in
src/central_controller_node.c:15:20: warning: unused variable 'global_data' [-Wunused-variable]
  controller_data_t global_data;
                    ^
src/central_controller_node.c: In function 'c1_message_server_thread':
src/central_controller_node.c:34:21: warning: unused variable 'controller_data' [-Wunused-variable]
  controller_data_t* controller_data = (controller_data_t*) arg;
                     ^
src/central_controller_node.c: At top level:
src/central_controller_node.c:127:6: warning: conflicting types for 'x1_global_init'
 void x1_global_init(controller_data_t* data){
      ^
src/central_controller_node.c:16:2: note: previous implicit declaration of 'x1_global_init' was here
  x1_global_init(&controller_data);
  ^
cc: C:/QNX/qnx700/host/win64/x86_64/usr/lib/gcc/x86_64-pc-nto-qnx7.0.0/5.4.0/cc1 caught signal 1
make: *** [build/x86_64-debug/src/central_controller_node.o] Error 1
Makefile:56: recipe for target 'build/x86_64-debug/src/central_controller_node.o' failed
18:12:57 **** Incremental Build of configuration x86_64-debug for project central_controller_node ****
make -j4 all 
qcc -Vgcc_ntox86_64 -c -Wp,-MMD,build/x86_64-debug/src/central_controller_node.d,-MT,build/x86_64-debug/src/central_controller_node.o -o build/x86_64-debug/src/central_controller_node.o -I ../../include/ -Wall -fmessage-length=0 -g -O0 -fno-builtin  src/central_controller_node.c
src/central_controller_node.c: In function 'main':
src/central_controller_node.c:16:2: warning: implicit declaration of function 'x1_global_init' [-Wimplicit-function-declaration]
  x1_global_init(&global_data);
  ^
src/central_controller_node.c: In function 'c1_message_server_thread':
src/central_controller_node.c:34:21: warning: unused variable 'controller_data' [-Wunused-variable]
  controller_data_t* controller_data = (controller_data_t*) arg;
                     ^
src/central_controller_node.c: At top level:
src/central_controller_node.c:127:6: warning: conflicting types for 'x1_global_init'
 void x1_global_init(controller_data_t* data){
      ^
src/central_controller_node.c:16:2: note: previous implicit declaration of 'x1_global_init' was here
  x1_global_init(&global_data);
  ^
qcc -Vgcc_ntox86_64 -o build/x86_64-debug/central_controller_node   build/x86_64-debug/src/central_controller_node.o  
18:13:55 **** Incremental Build of configuration x86_64-debug for project central_controller_node ****
make -j4 all 
qcc -Vgcc_ntox86_64 -c -Wp,-MMD,build/x86_64-debug/src/central_controller_node.d,-MT,build/x86_64-debug/src/central_controller_node.o -o build/x86_64-debug/src/central_controller_node.o -I ../../include/ -Wall -fmessage-length=0 -g -O0 -fno-builtin  src/central_controller_node.c
src/central_controller_node.c: In function 'c1_message_server_thread':
src/central_controller_node.c:35:21: warning: unused variable 'controller_data' [-Wunused-variable]
  controller_data_t* controller_data = (controller_data_t*) arg;
                     ^
qcc -Vgcc_ntox86_64 -o build/x86_64-debug/central_controller_node   build/x86_64-debug/src/central_controller_node.o  
14:55:38 **** Incremental Build of configuration x86_64-debug for project central_controller_node ****
make -j4 all 
qcc -Vgcc_ntox86_64 -c -Wp,-MMD,build/x86_64-debug/src/central_controller_node.d,-MT,build/x86_64-debug/src/central_controller_node.o -o build/x86_64-debug/src/central_controller_node.o -I ../../include/ -Wall -fmessage-length=0 -g -O0 -fno-builtin  src/central_controller_node.c
src/central_controller_node.c: In function 'c1_message_server_thread':
src/central_controller_node.c:35:21: warning: unused variable 'controller_data' [-Wunused-variable]
  controller_data_t* controller_data = (controller_data_t*) arg;
                     ^
qcc -Vgcc_ntox86_64 -o build/x86_64-debug/central_controller_node   build/x86_64-debug/src/central_controller_node.o  
17:07:27 **** Incremental Build of configuration x86_64-debug for project message_client ****
make -j4 all 
qcc -Vgcc_ntox86_64 -c -Wp,-MMD,build/x86_64-debug/src/message_client.d,-MT,build/x86_64-debug/src/message_client.o -o build/x86_64-debug/src/message_client.o -I ../../include/ -Wall -fmessage-length=0 -g -O0 -fno-builtin  src/message_client.c
src/message_client.c: In function 'sensor_send_thread':
src/message_client.c:43:20: error: 'MSG_CURRENT_STATE' undeclared (first use in this function)
     msg.msg_type = MSG_CURRENT_STATE;
                    ^
src/message_client.c:43:20: note: each undeclared identifier is reported only once for each function it appears in
cc: D:/qnx700_QNX_SDK/host/win64/x86_64/usr/lib/gcc/x86_64-pc-nto-qnx7.0.0/5.4.0/cc1 caught signal 1
Makefile:56: recipe for target 'build/x86_64-debug/src/message_client.o' failed
make: *** [build/x86_64-debug/src/message_client.o] Error 1
17:07:53 **** Incremental Build of configuration x86_64-debug for project message_client ****
make -j4 all 
qcc -Vgcc_ntox86_64 -c -Wp,-MMD,build/x86_64-debug/src/message_client.d,-MT,build/x86_64-debug/src/message_client.o -o build/x86_64-debug/src/message_client.o -I ../../include/ -Wall -fmessage-length=0 -g -O0 -fno-builtin  src/message_client.c
src/message_client.c: In function 'sensor_send_thread':
src/message_client.c:73:20: error: 'MSG_CURRENT_STATE' undeclared (first use in this function)
     msg.msg_type = MSG_CURRENT_STATE;
                    ^
src/message_client.c:73:20: note: each undeclared identifier is reported only once for each function it appears in
cc: D:/qnx700_QNX_SDK/host/win64/x86_64/usr/lib/gcc/x86_64-pc-nto-qnx7.0.0/5.4.0/cc1 caught signal 1
make: *** [build/x86_64-debug/src/message_client.o] Error 1
Makefile:56: recipe for target 'build/x86_64-debug/src/message_client.o' failed
17:08:01 **** Incremental Build of configuration x86_64-debug for project message_client ****
make -j4 all 
qcc -Vgcc_ntox86_64 -c -Wp,-MMD,build/x86_64-debug/src/message_client.d,-MT,build/x86_64-debug/src/message_client.o -o build/x86_64-debug/src/message_client.o -I ../../include/ -Wall -fmessage-length=0 -g -O0 -fno-builtin  src/message_client.c
qcc -Vgcc_ntox86_64 -o build/x86_64-debug/message_client   build/x86_64-debug/src/message_client.o  
17:09:42 **** Incremental Build of configuration x86_64-debug for project central_controller_node ****
make -j4 all 
qcc -Vgcc_ntox86_64 -c -Wp,-MMD,build/x86_64-debug/src/central_controller_node.d,-MT,build/x86_64-debug/src/central_controller_node.o -o build/x86_64-debug/src/central_controller_node.o -I ../../include/ -Wall -fmessage-length=0 -g -O0 -fno-builtin  src/central_controller_node.c
src/central_controller_node.c: In function 'print_x1_state':
src/central_controller_node.c:14:60: error: 'arg' undeclared (first use in this function)
  controller_data_t* controller_data = (controller_data_t*) arg;
                                                            ^
src/central_controller_node.c:14:60: note: each undeclared identifier is reported only once for each function it appears in
cc: D:/qnx700_QNX_SDK/host/win64/x86_64/usr/lib/gcc/x86_64-pc-nto-qnx7.0.0/5.4.0/cc1 caught signal 1
make: *** [build/x86_64-debug/src/central_controller_node.o] Error 1
Makefile:56: recipe for target 'build/x86_64-debug/src/central_controller_node.o' failed
17:10:05 **** Incremental Build of configuration x86_64-debug for project central_controller_node ****
make -j4 all 
qcc -Vgcc_ntox86_64 -c -Wp,-MMD,build/x86_64-debug/src/central_controller_node.d,-MT,build/x86_64-debug/src/central_controller_node.o -o build/x86_64-debug/src/central_controller_node.o -I ../../include/ -Wall -fmessage-length=0 -g -O0 -fno-builtin  src/central_controller_node.c
qcc -Vgcc_ntox86_64 -o build/x86_64-debug/central_controller_node   build/x86_64-debug/src/central_controller_node.o  
17:10:08 **** Incremental Build of configuration x86_64-debug for project central_controller_node ****
make -j4 all 
make: Nothing to be done for 'all'.
17:14:55 **** Incremental Build of configuration x86_64-debug for project central_controller_node ****
make -j4 all 
make: Nothing to be done for 'all'.
17:15:10 **** Incremental Build of configuration x86_64-debug for project central_controller_node ****
make -j4 all 
make: Nothing to be done for 'all'.
17:15:20 **** Incremental Build of configuration x86_64-debug for project message_client ****
make -j4 all 
make: Nothing to be done for 'all'.
17:18:59 **** Incremental Build of configuration x86_64-debug for project message_client ****
make -j4 all 
qcc -Vgcc_ntox86_64 -c -Wp,-MMD,build/x86_64-debug/src/message_client.d,-MT,build/x86_64-debug/src/message_client.o -o build/x86_64-debug/src/message_client.o -I ../../include/ -Wall -fmessage-length=0 -g -O0 -fno-builtin  src/message_client.c
qcc -Vgcc_ntox86_64 -o build/x86_64-debug/message_client   build/x86_64-debug/src/message_client.o  
17:19:17 **** Clean-only build of configuration x86_64-debug for project central_controller_node ****
make -j4 clean 
rm -fr build/x86_64-debug
17:19:17 **** Clean-only build of configuration x86_64-debug for project message_client ****
make -j4 clean 
rm -fr build/x86_64-debug
17:19:25 **** Build of configuration x86_64-debug for project message_client ****
make -j4 all 
qcc -Vgcc_ntox86_64 -c -Wp,-MMD,build/x86_64-debug/src/message_client.d,-MT,build/x86_64-debug/src/message_client.o -o build/x86_64-debug/src/message_client.o -I ../../include/ -Wall -fmessage-length=0 -g -O0 -fno-builtin  src/message_client.c
qcc -Vgcc_ntox86_64 -o build/x86_64-debug/message_client   build/x86_64-debug/src/message_client.o  
17:19:35 **** Incremental Build of configuration x86_64-debug for project message_client ****
make -j4 all 
make: Nothing to be done for 'all'.
17:20:07 **** Incremental Build of configuration x86_64-debug for project message_client ****
make -j4 all 
make: Nothing to be done for 'all'.
17:20:56 **** Incremental Build of configuration x86_64-debug for project message_client ****
make -j4 all 
qcc -Vgcc_ntox86_64 -c -Wp,-MMD,build/x86_64-debug/src/message_client.d,-MT,build/x86_64-debug/src/message_client.o -o build/x86_64-debug/src/message_client.o -I ../../include/ -Wall -fmessage-length=0 -g -O0 -fno-builtin  src/message_client.c
qcc -Vgcc_ntox86_64 -o build/x86_64-debug/message_client   build/x86_64-debug/src/message_client.o  
17:22:57 **** Build of configuration x86_64-debug for project central_controller_node ****
make -j4 all 
qcc -Vgcc_ntox86_64 -c -Wp,-MMD,build/x86_64-debug/src/central_controller_node.d,-MT,build/x86_64-debug/src/central_controller_node.o -o build/x86_64-debug/src/central_controller_node.o -I ../../include/ -Wall -fmessage-length=0 -g -O0 -fno-builtin  src/central_controller_node.c
qcc -Vgcc_ntox86_64 -o build/x86_64-debug/central_controller_node   build/x86_64-debug/src/central_controller_node.o  
17:23:05 **** Incremental Build of configuration x86_64-debug for project message_client ****
make -j4 all 
qcc -Vgcc_ntox86_64 -c -Wp,-MMD,build/x86_64-debug/src/message_client.d,-MT,build/x86_64-debug/src/message_client.o -o build/x86_64-debug/src/message_client.o -I ../../include/ -Wall -fmessage-length=0 -g -O0 -fno-builtin  src/message_client.c
src/message_client.c: In function 'sensor_send_thread':
src/message_client.c:53:8: error: 'message_data_t {aka struct <anonymous>}' has no member named 'msg_data'
     msg.msg_data = X1_STATE_0;
        ^
cc: D:/qnx700_QNX_SDK/host/win64/x86_64/usr/lib/gcc/x86_64-pc-nto-qnx7.0.0/5.4.0/cc1 caught signal 1
Makefile:56: recipe for target 'build/x86_64-debug/src/message_client.o' failed
make: *** [build/x86_64-debug/src/message_client.o] Error 1
17:23:20 **** Incremental Build of configuration x86_64-debug for project message_client ****
make -j4 all 
qcc -Vgcc_ntox86_64 -c -Wp,-MMD,build/x86_64-debug/src/message_client.d,-MT,build/x86_64-debug/src/message_client.o -o build/x86_64-debug/src/message_client.o -I ../../include/ -Wall -fmessage-length=0 -g -O0 -fno-builtin  src/message_client.c
qcc -Vgcc_ntox86_64 -o build/x86_64-debug/message_client   build/x86_64-debug/src/message_client.o  
17:26:31 **** Incremental Build of configuration x86_64-debug for project central_controller_node ****
make -j4 all 
make: Nothing to be done for 'all'.
17:26:59 **** Incremental Build of configuration x86_64-debug for project central_controller_node ****
make -j4 all 
make: Nothing to be done for 'all'.
10:57:00 **** Incremental Build of configuration x86_64-debug for project central_controller_node ****
make -j4 all 
make: Nothing to be done for 'all'.
10:59:20 **** Incremental Build of configuration x86_64-debug for project message_client ****
make -j4 all 
qcc -Vgcc_ntox86_64 -c -Wp,-MMD,build/x86_64-debug/src/message_client.d,-MT,build/x86_64-debug/src/message_client.o -o build/x86_64-debug/src/message_client.o -I ../../include/ -Wall -fmessage-length=0 -g -O0 -fno-builtin  src/message_client.c
src/message_client.c: In function 'send_message':
src/message_client.c:23:5: error: request for member 'hdr' in something not a structure or union
  msg.hdr.type = 0x00;
     ^
src/message_client.c:24:5: error: request for member 'hdr' in something not a structure or union
  msg.hdr.subtype = 0x00;
     ^
cc: D:/qnx700_QNX_SDK/host/win64/x86_64/usr/lib/gcc/x86_64-pc-nto-qnx7.0.0/5.4.0/cc1 caught signal 1
Makefile:56: recipe for target 'build/x86_64-debug/src/message_client.o' failed
make: *** [build/x86_64-debug/src/message_client.o] Error 1
10:59:46 **** Clean-only build of configuration x86_64-debug for project message_client ****
make -j4 clean 
rm -fr build/x86_64-debug
11:00:45 **** Build of configuration x86_64-debug for project message_client ****
make -j4 all 
qcc -Vgcc_ntox86_64 -c -Wp,-MMD,build/x86_64-debug/src/message_client.d,-MT,build/x86_64-debug/src/message_client.o -o build/x86_64-debug/src/message_client.o -I ../../include/ -Wall -fmessage-length=0 -g -O0 -fno-builtin  src/message_client.c
qcc -Vgcc_ntox86_64 -o build/x86_64-debug/message_client   build/x86_64-debug/src/message_client.o  
11:01:12 **** Incremental Build of configuration x86_64-debug for project message_client ****
make -j4 all 
make: Nothing to be done for 'all'.
11:01:32 **** Incremental Build of configuration x86_64-debug for project central_controller_node ****
make -j4 all 
make: Nothing to be done for 'all'.
11:01:40 **** Incremental Build of configuration x86_64-debug for project message_client ****
make -j4 all 
make: Nothing to be done for 'all'.
11:02:08 **** Incremental Build of configuration x86_64-debug for project central_controller_node ****
make -j4 all 
make: Nothing to be done for 'all'.
11:02:13 **** Incremental Build of configuration x86_64-debug for project message_client ****
make -j4 all 
make: Nothing to be done for 'all'.
11:03:47 **** Incremental Build of configuration x86_64-debug for project message_client ****
make -j4 all 
qcc -Vgcc_ntox86_64 -c -Wp,-MMD,build/x86_64-debug/src/message_client.d,-MT,build/x86_64-debug/src/message_client.o -o build/x86_64-debug/src/message_client.o -I ../../include/ -Wall -fmessage-length=0 -g -O0 -fno-builtin  src/message_client.c
qcc -Vgcc_ntox86_64 -o build/x86_64-debug/message_client   build/x86_64-debug/src/message_client.o  
11:04:43 **** Incremental Build of configuration x86_64-debug for project central_controller_node ****
make -j4 all 
qcc -Vgcc_ntox86_64 -c -Wp,-MMD,build/x86_64-debug/src/central_controller_node.d,-MT,build/x86_64-debug/src/central_controller_node.o -o build/x86_64-debug/src/central_controller_node.o -I ../../include/ -Wall -fmessage-length=0 -g -O0 -fno-builtin  src/central_controller_node.c
qcc -Vgcc_ntox86_64 -o build/x86_64-debug/central_controller_node   build/x86_64-debug/src/central_controller_node.o  
11:04:50 **** Incremental Build of configuration x86_64-debug for project message_client ****
make -j4 all 
make: Nothing to be done for 'all'.
11:06:50 **** Incremental Build of configuration x86_64-debug for project central_controller_node ****
make -j4 all 
qcc -Vgcc_ntox86_64 -c -Wp,-MMD,build/x86_64-debug/src/central_controller_node.d,-MT,build/x86_64-debug/src/central_controller_node.o -o build/x86_64-debug/src/central_controller_node.o -I ../../include/ -Wall -fmessage-length=0 -g -O0 -fno-builtin  src/central_controller_node.c
qcc -Vgcc_ntox86_64 -o build/x86_64-debug/central_controller_node   build/x86_64-debug/src/central_controller_node.o  
11:06:58 **** Incremental Build of configuration x86_64-debug for project central_controller_node ****
make -j4 all 
make: Nothing to be done for 'all'.
11:07:14 **** Incremental Build of configuration x86_64-debug for project message_client ****
make -j4 all 
make: Nothing to be done for 'all'.
11:07:39 **** Incremental Build of configuration x86_64-debug for project message_client ****
make -j4 all 
qcc -Vgcc_ntox86_64 -c -Wp,-MMD,build/x86_64-debug/src/message_client.d,-MT,build/x86_64-debug/src/message_client.o -o build/x86_64-debug/src/message_client.o -I ../../include/ -Wall -fmessage-length=0 -g -O0 -fno-builtin  src/message_client.c
qcc -Vgcc_ntox86_64 -o build/x86_64-debug/message_client   build/x86_64-debug/src/message_client.o  
11:09:36 **** Incremental Build of configuration x86_64-debug for project central_controller_node ****
make -j4 all 
make: Nothing to be done for 'all'.
11:09:49 **** Incremental Build of configuration x86_64-debug for project message_client ****
make -j4 all 
qcc -Vgcc_ntox86_64 -c -Wp,-MMD,build/x86_64-debug/src/message_client.d,-MT,build/x86_64-debug/src/message_client.o -o build/x86_64-debug/src/message_client.o -I ../../include/ -Wall -fmessage-length=0 -g -O0 -fno-builtin  src/message_client.c
qcc -Vgcc_ntox86_64 -o build/x86_64-debug/message_client   build/x86_64-debug/src/message_client.o  
11:13:15 **** Incremental Build of configuration x86_64-debug for project central_controller_node ****
make -j4 all 
qcc -Vgcc_ntox86_64 -c -Wp,-MMD,build/x86_64-debug/src/central_controller_node.d,-MT,build/x86_64-debug/src/central_controller_node.o -o build/x86_64-debug/src/central_controller_node.o -I ../../include/ -Wall -fmessage-length=0 -g -O0 -fno-builtin  src/central_controller_node.c
qcc -Vgcc_ntox86_64 -o build/x86_64-debug/central_controller_node   build/x86_64-debug/src/central_controller_node.o  
11:13:18 **** Incremental Build of configuration x86_64-debug for project message_client ****
make -j4 all 
make: Nothing to be done for 'all'.
11:13:50 **** Incremental Build of configuration x86_64-debug for project central_controller_node ****
make -j4 all 
qcc -Vgcc_ntox86_64 -c -Wp,-MMD,build/x86_64-debug/src/central_controller_node.d,-MT,build/x86_64-debug/src/central_controller_node.o -o build/x86_64-debug/src/central_controller_node.o -I ../../include/ -Wall -fmessage-length=0 -g -O0 -fno-builtin  src/central_controller_node.c
qcc -Vgcc_ntox86_64 -o build/x86_64-debug/central_controller_node   build/x86_64-debug/src/central_controller_node.o  
11:17:19 **** Incremental Build of configuration x86_64-debug for project central_controller_node ****
make -j4 all 
qcc -Vgcc_ntox86_64 -c -Wp,-MMD,build/x86_64-debug/src/central_controller_node.d,-MT,build/x86_64-debug/src/central_controller_node.o -o build/x86_64-debug/src/central_controller_node.o -I ../../include/ -Wall -fmessage-length=0 -g -O0 -fno-builtin  src/central_controller_node.c
qcc -Vgcc_ntox86_64 -o build/x86_64-debug/central_controller_node   build/x86_64-debug/src/central_controller_node.o  
11:20:02 **** Incremental Build of configuration x86_64-debug for project central_controller_node ****
make -j4 all 
qcc -Vgcc_ntox86_64 -c -Wp,-MMD,build/x86_64-debug/src/central_controller_node.d,-MT,build/x86_64-debug/src/central_controller_node.o -o build/x86_64-debug/src/central_controller_node.o -I ../../include/ -Wall -fmessage-length=0 -g -O0 -fno-builtin  src/central_controller_node.c
qcc -Vgcc_ntox86_64 -o build/x86_64-debug/central_controller_node   build/x86_64-debug/src/central_controller_node.o  
11:20:49 **** Incremental Build of configuration x86_64-debug for project central_controller_node ****
make -j4 all 
qcc -Vgcc_ntox86_64 -c -Wp,-MMD,build/x86_64-debug/src/central_controller_node.d,-MT,build/x86_64-debug/src/central_controller_node.o -o build/x86_64-debug/src/central_controller_node.o -I ../../include/ -Wall -fmessage-length=0 -g -O0 -fno-builtin  src/central_controller_node.c
qcc -Vgcc_ntox86_64 -o build/x86_64-debug/central_controller_node   build/x86_64-debug/src/central_controller_node.o  
11:22:01 **** Incremental Build of configuration x86_64-debug for project central_controller_node ****
make -j4 all 
qcc -Vgcc_ntox86_64 -c -Wp,-MMD,build/x86_64-debug/src/central_controller_node.d,-MT,build/x86_64-debug/src/central_controller_node.o -o build/x86_64-debug/src/central_controller_node.o -I ../../include/ -Wall -fmessage-length=0 -g -O0 -fno-builtin  src/central_controller_node.c
qcc -Vgcc_ntox86_64 -o build/x86_64-debug/central_controller_node   build/x86_64-debug/src/central_controller_node.o  
11:23:46 **** Incremental Build of configuration x86_64-debug for project central_controller_node ****
make -j4 all 
make: Nothing to be done for 'all'.
11:25:00 **** Incremental Build of configuration x86_64-debug for project central_controller_node ****
make -j4 all 
qcc -Vgcc_ntox86_64 -c -Wp,-MMD,build/x86_64-debug/src/central_controller_node.d,-MT,build/x86_64-debug/src/central_controller_node.o -o build/x86_64-debug/src/central_controller_node.o -I ../../include/ -Wall -fmessage-length=0 -g -O0 -fno-builtin  src/central_controller_node.c
qcc -Vgcc_ntox86_64 -o build/x86_64-debug/central_controller_node   build/x86_64-debug/src/central_controller_node.o  
11:25:32 **** Incremental Build of configuration x86_64-debug for project central_controller_node ****
make -j4 all 
qcc -Vgcc_ntox86_64 -c -Wp,-MMD,build/x86_64-debug/src/central_controller_node.d,-MT,build/x86_64-debug/src/central_controller_node.o -o build/x86_64-debug/src/central_controller_node.o -I ../../include/ -Wall -fmessage-length=0 -g -O0 -fno-builtin  src/central_controller_node.c
qcc -Vgcc_ntox86_64 -o build/x86_64-debug/central_controller_node   build/x86_64-debug/src/central_controller_node.o  
11:26:00 **** Incremental Build of configuration x86_64-debug for project central_controller_node ****
make -j4 all 
qcc -Vgcc_ntox86_64 -c -Wp,-MMD,build/x86_64-debug/src/central_controller_node.d,-MT,build/x86_64-debug/src/central_controller_node.o -o build/x86_64-debug/src/central_controller_node.o -I ../../include/ -Wall -fmessage-length=0 -g -O0 -fno-builtin  src/central_controller_node.c
qcc -Vgcc_ntox86_64 -o build/x86_64-debug/central_controller_node   build/x86_64-debug/src/central_controller_node.o  
11:26:20 **** Incremental Build of configuration x86_64-debug for project central_controller_node ****
make -j4 all 
qcc -Vgcc_ntox86_64 -c -Wp,-MMD,build/x86_64-debug/src/central_controller_node.d,-MT,build/x86_64-debug/src/central_controller_node.o -o build/x86_64-debug/src/central_controller_node.o -I ../../include/ -Wall -fmessage-length=0 -g -O0 -fno-builtin  src/central_controller_node.c
qcc -Vgcc_ntox86_64 -o build/x86_64-debug/central_controller_node   build/x86_64-debug/src/central_controller_node.o  
11:29:30 **** Incremental Build of configuration x86_64-debug for project message_client ****
make -j4 all 
qcc -Vgcc_ntox86_64 -c -Wp,-MMD,build/x86_64-debug/src/message_client.d,-MT,build/x86_64-debug/src/message_client.o -o build/x86_64-debug/src/message_client.o -I ../../include/ -Wall -fmessage-length=0 -g -O0 -fno-builtin  src/message_client.c
qcc -Vgcc_ntox86_64 -o build/x86_64-debug/message_client   build/x86_64-debug/src/message_client.o  
11:29:43 **** Incremental Build of configuration x86_64-debug for project central_controller_node ****
make -j4 all 
qcc -Vgcc_ntox86_64 -c -Wp,-MMD,build/x86_64-debug/src/central_controller_node.d,-MT,build/x86_64-debug/src/central_controller_node.o -o build/x86_64-debug/src/central_controller_node.o -I ../../include/ -Wall -fmessage-length=0 -g -O0 -fno-builtin  src/central_controller_node.c
qcc -Vgcc_ntox86_64 -o build/x86_64-debug/central_controller_node   build/x86_64-debug/src/central_controller_node.o  
11:31:01 **** Incremental Build of configuration x86_64-debug for project message_client ****
make -j4 all 
qcc -Vgcc_ntox86_64 -c -Wp,-MMD,build/x86_64-debug/src/message_client.d,-MT,build/x86_64-debug/src/message_client.o -o build/x86_64-debug/src/message_client.o -I ../../include/ -Wall -fmessage-length=0 -g -O0 -fno-builtin  src/message_client.c
qcc -Vgcc_ntox86_64 -o build/x86_64-debug/message_client   build/x86_64-debug/src/message_client.o  
11:32:20 **** Incremental Build of configuration x86_64-debug for project message_client ****
make -j4 all 
qcc -Vgcc_ntox86_64 -c -Wp,-MMD,build/x86_64-debug/src/message_client.d,-MT,build/x86_64-debug/src/message_client.o -o build/x86_64-debug/src/message_client.o -I ../../include/ -Wall -fmessage-length=0 -g -O0 -fno-builtin  src/message_client.c
qcc -Vgcc_ntox86_64 -o build/x86_64-debug/message_client   build/x86_64-debug/src/message_client.o  
11:43:49 **** Incremental Build of configuration x86_64-debug for project message_client ****
make -j4 all 
qcc -Vgcc_ntox86_64 -c -Wp,-MMD,build/x86_64-debug/src/message_client.d,-MT,build/x86_64-debug/src/message_client.o -o build/x86_64-debug/src/message_client.o -I ../../include/ -Wall -fmessage-length=0 -g -O0 -fno-builtin  src/message_client.c
qcc -Vgcc_ntox86_64 -o build/x86_64-debug/message_client   build/x86_64-debug/src/message_client.o  
11:44:09 **** Incremental Build of configuration x86_64-debug for project central_controller_node ****
make -j4 all 
qcc -Vgcc_ntox86_64 -c -Wp,-MMD,build/x86_64-debug/src/central_controller_node.d,-MT,build/x86_64-debug/src/central_controller_node.o -o build/x86_64-debug/src/central_controller_node.o -I ../../include/ -Wall -fmessage-length=0 -g -O0 -fno-builtin  src/central_controller_node.c
qcc -Vgcc_ntox86_64 -o build/x86_64-debug/central_controller_node   build/x86_64-debug/src/central_controller_node.o  
11:46:24 **** Incremental Build of configuration x86_64-debug for project central_controller_node ****
make -j4 all 
make: Nothing to be done for 'all'.
11:46:29 **** Incremental Build of configuration x86_64-debug for project message_client ****
make -j4 all 
qcc -Vgcc_ntox86_64 -c -Wp,-MMD,build/x86_64-debug/src/message_client.d,-MT,build/x86_64-debug/src/message_client.o -o build/x86_64-debug/src/message_client.o -I ../../include/ -Wall -fmessage-length=0 -g -O0 -fno-builtin  src/message_client.c
qcc -Vgcc_ntox86_64 -o build/x86_64-debug/message_client   build/x86_64-debug/src/message_client.o  
00:08:21 **** Incremental Build of configuration x86_64-debug for project central_controller_node ****
make -j4 all 
qcc -Vgcc_ntox86_64 -c -Wp,-MMD,build/x86_64-debug/src/central_controller_node.d,-MT,build/x86_64-debug/src/central_controller_node.o -o build/x86_64-debug/src/central_controller_node.o -I ../../include/ -Wall -fmessage-length=0 -g -O0 -fno-builtin  src/central_controller_node.c
qcc -Vgcc_ntox86_64 -o build/x86_64-debug/central_controller_node   build/x86_64-debug/src/central_controller_node.o  
00:08:47 **** Incremental Build of configuration x86_64-debug for project central_controller_node ****
make -j4 all 
qcc -Vgcc_ntox86_64 -c -Wp,-MMD,build/x86_64-debug/../../include//global_include.d,-MT,build/x86_64-debug/../../include//global_include.o -o build/x86_64-debug/../../include//global_include.o -I ../../include/ -Wall -fmessage-length=0 -g -O0 -fno-builtin  ../../include//global_include.c
qcc -Vgcc_ntox86_64 -o build/x86_64-debug/central_controller_node   build/x86_64-debug/../../include//global_include.o  
C:/QNX/qnx700/target/qnx7/x86_64/lib/crt1.o: In function `_start':
(.text+0xc1): undefined reference to `main'
cc: C:/QNX/qnx700/host/win64/x86_64/usr/bin/x86_64-pc-nto-qnx7.0.0-ld caught signal 1
Makefile:62: recipe for target 'build/x86_64-debug/central_controller_node' failed
make: *** [build/x86_64-debug/central_controller_node] Error 1
00:09:23 **** Clean-only build of configuration x86_64-debug for project central_controller_node ****
make -j4 clean 
rm -fr build/x86_64-debug
00:09:23 **** Clean-only build of configuration x86_64-debug for project message_client ****
make -j4 clean 
rm -fr build/x86_64-debug
00:09:24 **** Build of configuration x86_64-debug for project central_controller_node ****
make -j4 all 
qcc -Vgcc_ntox86_64 -c -Wp,-MMD,build/x86_64-debug/src/central_controller_node.d,-MT,build/x86_64-debug/src/central_controller_node.o -o build/x86_64-debug/src/central_controller_node.o -I ../../include/ -Wall -fmessage-length=0 -g -O0 -fno-builtin  src/central_controller_node.c
qcc -Vgcc_ntox86_64 -o build/x86_64-debug/central_controller_node   build/x86_64-debug/src/central_controller_node.o build/x86_64-debug/../../include//global_include.o  
00:11:51 **** Build of configuration x86_64-debug for project message_client ****
make -j4 all 
qcc -Vgcc_ntox86_64 -c -Wp,-MMD,build/x86_64-debug/src/message_client.d,-MT,build/x86_64-debug/src/message_client.o -o build/x86_64-debug/src/message_client.o -I ../../include/ -Wall -fmessage-length=0 -g -O0 -fno-builtin  src/message_client.c
qcc -Vgcc_ntox86_64 -c -Wp,-MMD,build/x86_64-debug/../../include//global_include.d,-MT,build/x86_64-debug/../../include//global_include.o -o build/x86_64-debug/../../include//global_include.o -I ../../include/ -Wall -fmessage-length=0 -g -O0 -fno-builtin  ../../include//global_include.c
src/message_client.c:22:16: error: conflicting types for 'send_message'
 message_data_t send_message(message_data_t* msg){
                ^
In file included from src/message_client.c:4:0:
../../include/global_include.h:53:16: note: previous declaration of 'send_message' was here
 message_data_t send_message(message_data_t*, char*);
                ^
cc: C:/QNX/qnx700/host/win64/x86_64/usr/lib/gcc/x86_64-pc-nto-qnx7.0.0/5.4.0/cc1 caught signal 1
Makefile:57: recipe for target 'build/x86_64-debug/src/message_client.o' failed
make: *** [build/x86_64-debug/src/message_client.o] Error 1
make: *** Waiting for unfinished jobs....
00:12:28 **** Incremental Build of configuration x86_64-debug for project message_client ****
make -j4 all 
qcc -Vgcc_ntox86_64 -c -Wp,-MMD,build/x86_64-debug/src/message_client.d,-MT,build/x86_64-debug/src/message_client.o -o build/x86_64-debug/src/message_client.o -I ../../include/ -Wall -fmessage-length=0 -g -O0 -fno-builtin  src/message_client.c
src/message_client.c: In function 'sensor_send_thread':
src/message_client.c:39:13: error: too few arguments to function 'send_message'
     reply = send_message(&msg);
             ^
In file included from src/message_client.c:4:0:
../../include/global_include.h:53:16: note: declared here
 message_data_t send_message(message_data_t*, char*);
                ^
src/message_client.c:59:13: error: too few arguments to function 'send_message'
     reply = send_message(&msg);
             ^
In file included from src/message_client.c:4:0:
../../include/global_include.h:53:16: note: declared here
 message_data_t send_message(message_data_t*, char*);
                ^
cc: C:/QNX/qnx700/host/win64/x86_64/usr/lib/gcc/x86_64-pc-nto-qnx7.0.0/5.4.0/cc1 caught signal 1
make: *** [build/x86_64-debug/src/message_client.o] Error 1
Makefile:57: recipe for target 'build/x86_64-debug/src/message_client.o' failed
00:12:58 **** Incremental Build of configuration x86_64-debug for project message_client ****
make -j4 all 
qcc -Vgcc_ntox86_64 -c -Wp,-MMD,build/x86_64-debug/src/message_client.d,-MT,build/x86_64-debug/src/message_client.o -o build/x86_64-debug/src/message_client.o -I ../../include/ -Wall -fmessage-length=0 -g -O0 -fno-builtin  src/message_client.c
qcc -Vgcc_ntox86_64 -o build/x86_64-debug/message_client   build/x86_64-debug/src/message_client.o build/x86_64-debug/../../include//global_include.o  
00:13:02 **** Incremental Build of configuration x86_64-debug for project message_client ****
make -j4 all 
make: Nothing to be done for 'all'.
00:36:00 **** Incremental Build of configuration x86_64-debug for project central_controller_node ****
make -j4 all 
qcc -Vgcc_ntox86_64 -c -Wp,-MMD,build/x86_64-debug/src/central_controller_node.d,-MT,build/x86_64-debug/src/central_controller_node.o -o build/x86_64-debug/src/central_controller_node.o -I ../../include/ -Wall -fmessage-length=0 -g -O0 -fno-builtin  src/central_controller_node.c
qcc -Vgcc_ntox86_64 -c -Wp,-MMD,build/x86_64-debug/../../include//global_include.d,-MT,build/x86_64-debug/../../include//global_include.o -o build/x86_64-debug/../../include//global_include.o -I ../../include/ -Wall -fmessage-length=0 -g -O0 -fno-builtin  ../../include//global_include.c
qcc -Vgcc_ntox86_64 -o build/x86_64-debug/central_controller_node   build/x86_64-debug/src/central_controller_node.o build/x86_64-debug/../../include//global_include.o  
00:36:12 **** Incremental Build of configuration x86_64-debug for project central_controller_node ****
make -j4 all 
make: Nothing to be done for 'all'.
00:37:54 **** Incremental Build of configuration x86_64-debug for project central_controller_node ****
make -j4 all 
qcc -Vgcc_ntox86_64 -c -Wp,-MMD,build/x86_64-debug/src/central_controller_node.d,-MT,build/x86_64-debug/src/central_controller_node.o -o build/x86_64-debug/src/central_controller_node.o -I ../../include/ -Wall -fmessage-length=0 -g -O0 -fno-builtin  src/central_controller_node.c
src/central_controller_node.c: In function 'c1_message_server_thread':
src/central_controller_node.c:122:8: warning: implicit declaration of function 'prinf' [-Wimplicit-function-declaration]
        prinf("NODE_I1 Current State %d\n", msg.data);
        ^
qcc -Vgcc_ntox86_64 -o build/x86_64-debug/central_controller_node   build/x86_64-debug/src/central_controller_node.o build/x86_64-debug/../../include//global_include.o  
build/x86_64-debug/src/central_controller_node.o: In function `c1_message_server_thread':
C:\Users\Ben\git_rts\centralController\central_controller_node/src/central_controller_node.c:122: undefined reference to `prinf'
C:\Users\Ben\git_rts\centralController\central_controller_node/src/central_controller_node.c:125: undefined reference to `prinf'
cc: C:/QNX/qnx700/host/win64/x86_64/usr/bin/x86_64-pc-nto-qnx7.0.0-ld caught signal 1
Makefile:62: recipe for target 'build/x86_64-debug/central_controller_node' failed
make: *** [build/x86_64-debug/central_controller_node] Error 1
00:38:08 **** Incremental Build of configuration x86_64-debug for project central_controller_node ****
make -j4 all 
qcc -Vgcc_ntox86_64 -c -Wp,-MMD,build/x86_64-debug/src/central_controller_node.d,-MT,build/x86_64-debug/src/central_controller_node.o -o build/x86_64-debug/src/central_controller_node.o -I ../../include/ -Wall -fmessage-length=0 -g -O0 -fno-builtin  src/central_controller_node.c
qcc -Vgcc_ntox86_64 -o build/x86_64-debug/central_controller_node   build/x86_64-debug/src/central_controller_node.o build/x86_64-debug/../../include//global_include.o  
00:38:10 **** Incremental Build of configuration x86_64-debug for project central_controller_node ****
make -j4 all 
make: Nothing to be done for 'all'.
00:43:17 **** Incremental Build of configuration x86_64-debug for project central_controller_node ****
make -j4 all 
qcc -Vgcc_ntox86_64 -c -Wp,-MMD,build/x86_64-debug/src/central_controller_node.d,-MT,build/x86_64-debug/src/central_controller_node.o -o build/x86_64-debug/src/central_controller_node.o -I ../../include/ -Wall -fmessage-length=0 -g -O0 -fno-builtin  src/central_controller_node.c
qcc -Vgcc_ntox86_64 -c -Wp,-MMD,build/x86_64-debug/../../include//global_include.d,-MT,build/x86_64-debug/../../include//global_include.o -o build/x86_64-debug/../../include//global_include.o -I ../../include/ -Wall -fmessage-length=0 -g -O0 -fno-builtin  ../../include//global_include.c
qcc -Vgcc_ntox86_64 -o build/x86_64-debug/central_controller_node   build/x86_64-debug/src/central_controller_node.o build/x86_64-debug/../../include//global_include.o  
00:45:14 **** Incremental Build of configuration x86_64-debug for project central_controller_node ****
make -j4 all 
make: Nothing to be done for 'all'.
00:46:29 **** Incremental Build of configuration x86_64-debug for project central_controller_node ****
make -j4 all 
qcc -Vgcc_ntox86_64 -c -Wp,-MMD,build/x86_64-debug/../../include//global_include.d,-MT,build/x86_64-debug/../../include//global_include.o -o build/x86_64-debug/../../include//global_include.o -I ../../include/ -Wall -fmessage-length=0 -g -O0 -fno-builtin  ../../include//global_include.c
qcc -Vgcc_ntox86_64 -o build/x86_64-debug/central_controller_node   build/x86_64-debug/src/central_controller_node.o build/x86_64-debug/../../include//global_include.o  
00:46:47 **** Incremental Build of configuration x86_64-debug for project central_controller_node ****
make -j4 all 
make: Nothing to be done for 'all'.
00:47:33 **** Incremental Build of configuration x86_64-debug for project central_controller_node ****
make -j4 all 
qcc -Vgcc_ntox86_64 -c -Wp,-MMD,build/x86_64-debug/src/central_controller_node.d,-MT,build/x86_64-debug/src/central_controller_node.o -o build/x86_64-debug/src/central_controller_node.o -I ../../include/ -Wall -fmessage-length=0 -g -O0 -fno-builtin  src/central_controller_node.c
qcc -Vgcc_ntox86_64 -o build/x86_64-debug/central_controller_node   build/x86_64-debug/src/central_controller_node.o build/x86_64-debug/../../include//global_include.o  
00:49:10 **** Incremental Build of configuration x86_64-debug for project central_controller_node ****
make -j4 all 
make: Nothing to be done for 'all'.
00:58:51 **** Incremental Build of configuration x86_64-debug for project central_controller_node ****
make -j4 all 
qcc -Vgcc_ntox86_64 -c -Wp,-MMD,build/x86_64-debug/../../include//global_include.d,-MT,build/x86_64-debug/../../include//global_include.o -o build/x86_64-debug/../../include//global_include.o -I ../../include/ -Wall -fmessage-length=0 -g -O0 -fno-builtin  ../../include//global_include.c
qcc -Vgcc_ntox86_64 -o build/x86_64-debug/central_controller_node   build/x86_64-debug/src/central_controller_node.o build/x86_64-debug/../../include//global_include.o  
00:59:21 **** Incremental Build of configuration x86_64-debug for project central_controller_node ****
make -j4 all 
qcc -Vgcc_ntox86_64 -c -Wp,-MMD,build/x86_64-debug/../../include//global_include.d,-MT,build/x86_64-debug/../../include//global_include.o -o build/x86_64-debug/../../include//global_include.o -I ../../include/ -Wall -fmessage-length=0 -g -O0 -fno-builtin  ../../include//global_include.c
qcc -Vgcc_ntox86_64 -o build/x86_64-debug/central_controller_node   build/x86_64-debug/src/central_controller_node.o build/x86_64-debug/../../include//global_include.o  
01:02:51 **** Incremental Build of configuration x86_64-debug for project central_controller_node ****
make -j4 all 
qcc -Vgcc_ntox86_64 -c -Wp,-MMD,build/x86_64-debug/src/central_controller_node.d,-MT,build/x86_64-debug/src/central_controller_node.o -o build/x86_64-debug/src/central_controller_node.o -I ../../include/ -Wall -fmessage-length=0 -g -O0 -fno-builtin  src/central_controller_node.c
In file included from src/central_controller_node.c:6:0:
../../include/controller_include.h:9:5: error: unknown type name 'i1_states'
     i1_states i1_current_state;
     ^
cc: C:/QNX/qnx700/host/win64/x86_64/usr/lib/gcc/x86_64-pc-nto-qnx7.0.0/5.4.0/cc1 caught signal 1
Makefile:57: recipe for target 'build/x86_64-debug/src/central_controller_node.o' failed
make: *** [build/x86_64-debug/src/central_controller_node.o] Error 1
01:04:55 **** Clean-only build of configuration x86_64-debug for project central_controller_node ****
make -j4 clean 
rm -fr build/x86_64-debug
01:04:57 **** Build of configuration x86_64-debug for project central_controller_node ****
make -j4 all 
qcc -Vgcc_ntox86_64 -c -Wp,-MMD,build/x86_64-debug/src/central_controller_node.d,-MT,build/x86_64-debug/src/central_controller_node.o -o build/x86_64-debug/src/central_controller_node.o -I ../../include/ -Wall -fmessage-length=0 -g -O0 -fno-builtin  src/central_controller_node.c
qcc -Vgcc_ntox86_64 -c -Wp,-MMD,build/x86_64-debug/../../include//global_include.d,-MT,build/x86_64-debug/../../include//global_include.o -o build/x86_64-debug/../../include//global_include.o -I ../../include/ -Wall -fmessage-length=0 -g -O0 -fno-builtin  ../../include//global_include.c
In file included from ../../include/global_include.h:14:0,
                 from src/central_controller_node.c:4:
../../include/controller_include.h:9:5: error: unknown type name 'i1_states'
     i1_states i1_current_state;
     ^
cc: C:/QNX/qnx700/host/win64/x86_64/usr/lib/gcc/x86_64-pc-nto-qnx7.0.0/5.4.0/cc1 caught signal 1
In file included from ../../include//global_include.h:14:0,
                 from ../../include//global_include.c:1:
../../include//controller_include.h:9:5: error: unknown type name 'i1_states'
     i1_states i1_current_state;
     ^
Makefile:57: recipe for target 'build/x86_64-debug/src/central_controller_node.o' failed
make: *** [build/x86_64-debug/src/central_controller_node.o] Error 1
make: *** Waiting for unfinished jobs....
cc: C:/QNX/qnx700/host/win64/x86_64/usr/lib/gcc/x86_64-pc-nto-qnx7.0.0/5.4.0/cc1 caught signal 1
Makefile:57: recipe for target 'build/x86_64-debug/../../include//global_include.o' failed
make: *** [build/x86_64-debug/../../include//global_include.o] Error 1
01:05:24 **** Incremental Build of configuration x86_64-debug for project central_controller_node ****
make -j4 all 
qcc -Vgcc_ntox86_64 -c -Wp,-MMD,build/x86_64-debug/src/central_controller_node.d,-MT,build/x86_64-debug/src/central_controller_node.o -o build/x86_64-debug/src/central_controller_node.o -I ../../include -Wall -fmessage-length=0 -g -O0 -fno-builtin  src/central_controller_node.c
qcc -Vgcc_ntox86_64 -c -Wp,-MMD,build/x86_64-debug/../../include/global_include.d,-MT,build/x86_64-debug/../../include/global_include.o -o build/x86_64-debug/../../include/global_include.o -I ../../include -Wall -fmessage-length=0 -g -O0 -fno-builtin  ../../include/global_include.c
In file included from ../../include/global_include.h:14:0,
                 from ../../include/global_include.c:1:
../../include/controller_include.h:9:5: error: unknown type name 'i1_states'
     i1_states i1_current_state;
     ^
In file included from ../../include/global_include.h:14:0,
                 from src/central_controller_node.c:4:
../../include/controller_include.h:9:5: error: unknown type name 'i1_states'
     i1_states i1_current_state;
     ^
cc: C:/QNX/qnx700/host/win64/x86_64/usr/lib/gcc/x86_64-pc-nto-qnx7.0.0/5.4.0/cc1 caught signal 1
Makefile:57: recipe for target 'build/x86_64-debug/../../include/global_include.o' failed
make: *** [build/x86_64-debug/../../include/global_include.o] Error 1
make: *** Waiting for unfinished jobs....
cc: C:/QNX/qnx700/host/win64/x86_64/usr/lib/gcc/x86_64-pc-nto-qnx7.0.0/5.4.0/cc1 caught signal 1
Makefile:57: recipe for target 'build/x86_64-debug/src/central_controller_node.o' failed
make: *** [build/x86_64-debug/src/central_controller_node.o] Error 1
01:06:14 **** Incremental Build of configuration x86_64-debug for project central_controller_node ****
make -j4 all 
qcc -Vgcc_ntox86_64 -c -Wp,-MMD,build/x86_64-debug/src/central_controller_node.d,-MT,build/x86_64-debug/src/central_controller_node.o -o build/x86_64-debug/src/central_controller_node.o -I ../../include -Wall -fmessage-length=0 -g -O0 -fno-builtin  src/central_controller_node.c
qcc -Vgcc_ntox86_64 -c -Wp,-MMD,build/x86_64-debug/../../include/global_include.d,-MT,build/x86_64-debug/../../include/global_include.o -o build/x86_64-debug/../../include/global_include.o -I ../../include -Wall -fmessage-length=0 -g -O0 -fno-builtin  ../../include/global_include.c
In file included from ../../include/global_include.h:14:0,
                 from ../../include/global_include.c:1:
../../include/controller_include.h:8:5: error: unknown type name 'x1_states'
     x1_states x1_current_state;
     ^
../../include/controller_include.h:9:5: error: unknown type name 'i1_states'
     i1_states i1_current_state;
     ^
In file included from ../../include/global_include.h:14:0,
                 from src/central_controller_node.c:4:
../../include/controller_include.h:8:5: error: unknown type name 'x1_states'
     x1_states x1_current_state;
     ^
../../include/controller_include.h:9:5: error: unknown type name 'i1_states'
     i1_states i1_current_state;
     ^
cc: C:/QNX/qnx700/host/win64/x86_64/usr/lib/gcc/x86_64-pc-nto-qnx7.0.0/5.4.0/cc1 caught signal 1
Makefile:57: recipe for target 'build/x86_64-debug/../../include/global_include.o' failed
make: *** [build/x86_64-debug/../../include/global_include.o] Error 1
make: *** Waiting for unfinished jobs....
cc: C:/QNX/qnx700/host/win64/x86_64/usr/lib/gcc/x86_64-pc-nto-qnx7.0.0/5.4.0/cc1 caught signal 1
Makefile:57: recipe for target 'build/x86_64-debug/src/central_controller_node.o' failed
make: *** [build/x86_64-debug/src/central_controller_node.o] Error 1
01:06:57 **** Clean-only build of configuration x86_64-debug for project central_controller_node ****
make -j4 clean 
rm -fr build/x86_64-debug
01:07:01 **** Build of configuration x86_64-debug for project central_controller_node ****
make -j4 all 
qcc -Vgcc_ntox86_64 -c -Wp,-MMD,build/x86_64-debug/src/central_controller_node.d,-MT,build/x86_64-debug/src/central_controller_node.o -o build/x86_64-debug/src/central_controller_node.o -I ../../include -Wall -fmessage-length=0 -g -O0 -fno-builtin  src/central_controller_node.c
qcc -Vgcc_ntox86_64 -c -Wp,-MMD,build/x86_64-debug/../../include/global_include.d,-MT,build/x86_64-debug/../../include/global_include.o -o build/x86_64-debug/../../include/global_include.o -I ../../include -Wall -fmessage-length=0 -g -O0 -fno-builtin  ../../include/global_include.c
qcc -Vgcc_ntox86_64 -o build/x86_64-debug/central_controller_node   build/x86_64-debug/src/central_controller_node.o build/x86_64-debug/../../include/global_include.o  
01:07:16 **** Incremental Build of configuration x86_64-debug for project central_controller_node ****
make -j4 all 
qcc -Vgcc_ntox86_64 -c -Wp,-MMD,build/x86_64-debug/src/central_controller_node.d,-MT,build/x86_64-debug/src/central_controller_node.o -o build/x86_64-debug/src/central_controller_node.o -I ../../include -Wall -fmessage-length=0 -g -O0 -fno-builtin  src/central_controller_node.c
qcc -Vgcc_ntox86_64 -c -Wp,-MMD,build/x86_64-debug/../../include/global_include.d,-MT,build/x86_64-debug/../../include/global_include.o -o build/x86_64-debug/../../include/global_include.o -I ../../include -Wall -fmessage-length=0 -g -O0 -fno-builtin  ../../include/global_include.c
src/central_controller_node.c:12:21: error: unknown type name 'controller_data_t'
 void c1_global_init(controller_data_t*);
                     ^
src/central_controller_node.c: In function 'print_x1_state':
src/central_controller_node.c:15:2: error: unknown type name 'controller_data_t'
  controller_data_t* controller_data = (controller_data_t*) arg;
  ^
src/central_controller_node.c:15:40: error: 'controller_data_t' undeclared (first use in this function)
  controller_data_t* controller_data = (controller_data_t*) arg;
                                        ^
src/central_controller_node.c:15:40: note: each undeclared identifier is reported only once for each function it appears in
src/central_controller_node.c:15:58: error: expected expression before ')' token
  controller_data_t* controller_data = (controller_data_t*) arg;
                                                          ^
src/central_controller_node.c:16:2: error: unknown type name 'x1_states'
  x1_states x1_current = X1_STATE_0;
  ^
src/central_controller_node.c:16:25: error: 'X1_STATE_0' undeclared (first use in this function)
  x1_states x1_current = X1_STATE_0;
                         ^
src/central_controller_node.c:18:3: warning: implicit declaration of function 'sem_wait' [-Wimplicit-function-declaration]
   sem_wait(&controller_data->sem);
   ^
src/central_controller_node.c:18:28: error: request for member 'sem' in something not a structure or union
   sem_wait(&controller_data->sem);
                            ^
src/central_controller_node.c:19:35: error: request for member 'x1_current_state' in something not a structure or union
   if(x1_current != controller_data->x1_current_state){
                                   ^
src/central_controller_node.c:20:60: error: request for member 'x1_current_state' in something not a structure or union
    printf("X1 Updated, current state %d\n", controller_data->x1_current_state);
                                                            ^
src/central_controller_node.c:21:32: error: request for member 'x1_current_state' in something not a structure or union
    x1_current = controller_data->x1_current_state;
                                ^
src/central_controller_node.c:23:3: warning: implicit declaration of function 'sem_post' [-Wimplicit-function-declaration]
   sem_post(&controller_data->sem);
   ^
src/central_controller_node.c:23:28: error: request for member 'sem' in something not a structure or union
   sem_post(&controller_data->sem);
                            ^
src/central_controller_node.c: In function 'main':
src/central_controller_node.c:29:2: error: unknown type name 'controller_data_t'
  controller_data_t global_data;
  ^
src/central_controller_node.c:30:2: warning: implicit declaration of function 'c1_global_init' [-Wimplicit-function-declaration]
  c1_global_init(&global_data);
  ^
src/central_controller_node.c: In function 'c1_message_server_thread':
src/central_controller_node.c:50:2: error: unknown type name 'controller_data_t'
  controller_data_t* controller_data = (controller_data_t*) arg;
  ^
src/central_controller_node.c:50:40: error: 'controller_data_t' undeclared (first use in this function)
  controller_data_t* controller_data = (controller_data_t*) arg;
                                        ^
src/central_controller_node.c:50:58: error: expected expression before ')' token
  controller_data_t* controller_data = (controller_data_t*) arg;
                                                          ^
src/central_controller_node.c:129:33: error: request for member 'sem' in something not a structure or union
        sem_wait(&controller_data->sem);
                                 ^
src/central_controller_node.c:130:23: error: request for member 'x1_current_state' in something not a structure or union
        controller_data->x1_current_state = msg.data;
                       ^
src/central_controller_node.c:131:33: error: request for member 'sem' in something not a structure or union
        sem_post(&controller_data->sem);
                                 ^
src/central_controller_node.c: At top level:
src/central_controller_node.c:158:21: error: unknown type name 'controller_data_t'
 void c1_global_init(controller_data_t* data){
                     ^
cc: C:/QNX/qnx700/host/win64/x86_64/usr/lib/gcc/x86_64-pc-nto-qnx7.0.0/5.4.0/cc1 caught signal 1
Makefile:57: recipe for target 'build/x86_64-debug/src/central_controller_node.o' failed
make: *** [build/x86_64-debug/src/central_controller_node.o] Error 1
make: *** Waiting for unfinished jobs....
01:07:31 **** Incremental Build of configuration x86_64-debug for project central_controller_node ****
make -j4 all 
qcc -Vgcc_ntox86_64 -c -Wp,-MMD,build/x86_64-debug/src/central_controller_node.d,-MT,build/x86_64-debug/src/central_controller_node.o -o build/x86_64-debug/src/central_controller_node.o -I ../../include -Wall -fmessage-length=0 -g -O0 -fno-builtin  src/central_controller_node.c
src/central_controller_node.c:13:21: error: unknown type name 'controller_data_t'
 void c1_global_init(controller_data_t*);
                     ^
src/central_controller_node.c: In function 'print_x1_state':
src/central_controller_node.c:16:2: error: unknown type name 'controller_data_t'
  controller_data_t* controller_data = (controller_data_t*) arg;
  ^
src/central_controller_node.c:16:40: error: 'controller_data_t' undeclared (first use in this function)
  controller_data_t* controller_data = (controller_data_t*) arg;
                                        ^
src/central_controller_node.c:16:40: note: each undeclared identifier is reported only once for each function it appears in
src/central_controller_node.c:16:58: error: expected expression before ')' token
  controller_data_t* controller_data = (controller_data_t*) arg;
                                                          ^
src/central_controller_node.c:19:28: error: request for member 'sem' in something not a structure or union
   sem_wait(&controller_data->sem);
                            ^
src/central_controller_node.c:20:35: error: request for member 'x1_current_state' in something not a structure or union
   if(x1_current != controller_data->x1_current_state){
                                   ^
src/central_controller_node.c:21:60: error: request for member 'x1_current_state' in something not a structure or union
    printf("X1 Updated, current state %d\n", controller_data->x1_current_state);
                                                            ^
src/central_controller_node.c:22:32: error: request for member 'x1_current_state' in something not a structure or union
    x1_current = controller_data->x1_current_state;
                                ^
src/central_controller_node.c:24:28: error: request for member 'sem' in something not a structure or union
   sem_post(&controller_data->sem);
                            ^
src/central_controller_node.c: In function 'main':
src/central_controller_node.c:30:2: error: unknown type name 'controller_data_t'
  controller_data_t global_data;
  ^
src/central_controller_node.c:31:2: warning: implicit declaration of function 'c1_global_init' [-Wimplicit-function-declaration]
  c1_global_init(&global_data);
  ^
src/central_controller_node.c: In function 'c1_message_server_thread':
src/central_controller_node.c:51:2: error: unknown type name 'controller_data_t'
  controller_data_t* controller_data = (controller_data_t*) arg;
  ^
src/central_controller_node.c:51:40: error: 'controller_data_t' undeclared (first use in this function)
  controller_data_t* controller_data = (controller_data_t*) arg;
                                        ^
src/central_controller_node.c:51:58: error: expected expression before ')' token
  controller_data_t* controller_data = (controller_data_t*) arg;
                                                          ^
src/central_controller_node.c:130:33: error: request for member 'sem' in something not a structure or union
        sem_wait(&controller_data->sem);
                                 ^
src/central_controller_node.c:131:23: error: request for member 'x1_current_state' in something not a structure or union
        controller_data->x1_current_state = msg.data;
                       ^
src/central_controller_node.c:132:33: error: request for member 'sem' in something not a structure or union
        sem_post(&controller_data->sem);
                                 ^
src/central_controller_node.c: At top level:
src/central_controller_node.c:159:21: error: unknown type name 'controller_data_t'
 void c1_global_init(controller_data_t* data){
                     ^
cc: C:/QNX/qnx700/host/win64/x86_64/usr/lib/gcc/x86_64-pc-nto-qnx7.0.0/5.4.0/cc1 caught signal 1
Makefile:57: recipe for target 'build/x86_64-debug/src/central_controller_node.o' failed
make: *** [build/x86_64-debug/src/central_controller_node.o] Error 1
01:07:37 **** Incremental Build of configuration x86_64-debug for project central_controller_node ****
make -j4 all 
qcc -Vgcc_ntox86_64 -c -Wp,-MMD,build/x86_64-debug/src/central_controller_node.d,-MT,build/x86_64-debug/src/central_controller_node.o -o build/x86_64-debug/src/central_controller_node.o -I ../../include -Wall -fmessage-length=0 -g -O0 -fno-builtin  src/central_controller_node.c
qcc -Vgcc_ntox86_64 -o build/x86_64-debug/central_controller_node   build/x86_64-debug/src/central_controller_node.o build/x86_64-debug/../../include/global_include.o  
01:07:52 **** Incremental Build of configuration x86_64-debug for project central_controller_node ****
make -j4 all 
qcc -Vgcc_ntox86_64 -c -Wp,-MMD,build/x86_64-debug/src/central_controller_node.d,-MT,build/x86_64-debug/src/central_controller_node.o -o build/x86_64-debug/src/central_controller_node.o -I ../../include -Wall -fmessage-length=0 -g -O0 -fno-builtin  src/central_controller_node.c
qcc -Vgcc_ntox86_64 -c -Wp,-MMD,build/x86_64-debug/../../include/global_include.d,-MT,build/x86_64-debug/../../include/global_include.o -o build/x86_64-debug/../../include/global_include.o -I ../../include -Wall -fmessage-length=0 -g -O0 -fno-builtin  ../../include/global_include.c
qcc -Vgcc_ntox86_64 -o build/x86_64-debug/central_controller_node   build/x86_64-debug/src/central_controller_node.o build/x86_64-debug/../../include/global_include.o  
01:15:32 **** Incremental Build of configuration x86_64-debug for project central_controller_node ****
make -j4 all 
qcc -Vgcc_ntox86_64 -c -Wp,-MMD,build/x86_64-debug/src/central_controller_node.d,-MT,build/x86_64-debug/src/central_controller_node.o -o build/x86_64-debug/src/central_controller_node.o -I ../../include -Wall -fmessage-length=0 -g -O0 -fno-builtin  src/central_controller_node.c
src/central_controller_node.c: In function 'software_output_thread':
src/central_controller_node.c:159:15: error: invalid operands to binary != (have 'controller_data_t {aka struct <anonymous>}' and 'controller_data_t * {aka struct <anonymous> *}')
   if(old_data != controller_data){
               ^
src/central_controller_node.c:161:13: error: incompatible types when assigning to type 'controller_data_t {aka struct <anonymous>}' from type 'controller_data_t * {aka struct <anonymous> *}'
    old_data = controller_data;
             ^
cc: C:/QNX/qnx700/host/win64/x86_64/usr/lib/gcc/x86_64-pc-nto-qnx7.0.0/5.4.0/cc1 caught signal 1
Makefile:57: recipe for target 'build/x86_64-debug/src/central_controller_node.o' failed
make: *** [build/x86_64-debug/src/central_controller_node.o] Error 1
01:15:50 **** Incremental Build of configuration x86_64-debug for project central_controller_node ****
make -j4 all 
qcc -Vgcc_ntox86_64 -c -Wp,-MMD,build/x86_64-debug/src/central_controller_node.d,-MT,build/x86_64-debug/src/central_controller_node.o -o build/x86_64-debug/src/central_controller_node.o -I ../../include -Wall -fmessage-length=0 -g -O0 -fno-builtin  src/central_controller_node.c
src/central_controller_node.c: In function 'software_output_thread':
src/central_controller_node.c:159:15: error: invalid operands to binary != (have 'controller_data_t {aka struct <anonymous>}' and 'controller_data_t {aka struct <anonymous>}')
   if(old_data != *controller_data){
               ^
cc: C:/QNX/qnx700/host/win64/x86_64/usr/lib/gcc/x86_64-pc-nto-qnx7.0.0/5.4.0/cc1 caught signal 1
make: *** [build/x86_64-debug/src/central_controller_node.o] Error 1
Makefile:57: recipe for target 'build/x86_64-debug/src/central_controller_node.o' failed
01:18:48 **** Incremental Build of configuration x86_64-debug for project central_controller_node ****
make -j4 all 
qcc -Vgcc_ntox86_64 -c -Wp,-MMD,build/x86_64-debug/src/central_controller_node.d,-MT,build/x86_64-debug/src/central_controller_node.o -o build/x86_64-debug/src/central_controller_node.o -I ../../include -Wall -fmessage-length=0 -g -O0 -fno-builtin  src/central_controller_node.c
src/central_controller_node.c: In function 'software_output_thread':
src/central_controller_node.c:159:6: error: expected expression before ')' token
   if()
      ^
cc: C:/QNX/qnx700/host/win64/x86_64/usr/lib/gcc/x86_64-pc-nto-qnx7.0.0/5.4.0/cc1 caught signal 1
Makefile:57: recipe for target 'build/x86_64-debug/src/central_controller_node.o' failed
make: *** [build/x86_64-debug/src/central_controller_node.o] Error 1
01:19:32 **** Incremental Build of configuration x86_64-debug for project central_controller_node ****
make -j4 all 
qcc -Vgcc_ntox86_64 -c -Wp,-MMD,build/x86_64-debug/src/central_controller_node.d,-MT,build/x86_64-debug/src/central_controller_node.o -o build/x86_64-debug/src/central_controller_node.o -I ../../include -Wall -fmessage-length=0 -g -O0 -fno-builtin  src/central_controller_node.c
qcc -Vgcc_ntox86_64 -o build/x86_64-debug/central_controller_node   build/x86_64-debug/src/central_controller_node.o build/x86_64-debug/../../include/global_include.o  
01:43:38 **** Incremental Build of configuration x86_64-debug for project central_controller_node ****
make -j4 all 
qcc -Vgcc_ntox86_64 -c -Wp,-MMD,build/x86_64-debug/src/central_controller_node.d,-MT,build/x86_64-debug/src/central_controller_node.o -o build/x86_64-debug/src/central_controller_node.o -I ../../include -Wall -fmessage-length=0 -g -O0 -fno-builtin  src/central_controller_node.c
qcc -Vgcc_ntox86_64 -c -Wp,-MMD,build/x86_64-debug/../../include/global_include.d,-MT,build/x86_64-debug/../../include/global_include.o -o build/x86_64-debug/../../include/global_include.o -I ../../include -Wall -fmessage-length=0 -g -O0 -fno-builtin  ../../include/global_include.c
qcc -Vgcc_ntox86_64 -o build/x86_64-debug/central_controller_node   build/x86_64-debug/src/central_controller_node.o build/x86_64-debug/../../include/global_include.o  
01:46:35 **** Incremental Build of configuration x86_64-debug for project central_controller_node ****
make -j4 all 
qcc -Vgcc_ntox86_64 -c -Wp,-MMD,build/x86_64-debug/src/central_controller_node.d,-MT,build/x86_64-debug/src/central_controller_node.o -o build/x86_64-debug/src/central_controller_node.o -I ../../include -Wall -fmessage-length=0 -g -O0 -fno-builtin  src/central_controller_node.c
qcc -Vgcc_ntox86_64 -c -Wp,-MMD,build/x86_64-debug/../../include/global_include.d,-MT,build/x86_64-debug/../../include/global_include.o -o build/x86_64-debug/../../include/global_include.o -I ../../include -Wall -fmessage-length=0 -g -O0 -fno-builtin  ../../include/global_include.c
src/central_controller_node.c: In function 'software_input_thread':
src/central_controller_node.c:159:17: warning: unused variable 'msg_reply' [-Wunused-variable]
  message_data_t msg_reply;
                 ^
src/central_controller_node.c:158:17: warning: variable 'msg' set but not used [-Wunused-but-set-variable]
  message_data_t msg;
                 ^
src/central_controller_node.c:157:21: warning: unused variable 'controller_data' [-Wunused-variable]
  controller_data_t* controller_data = (controller_data_t*) arg;
                     ^
qcc -Vgcc_ntox86_64 -o build/x86_64-debug/central_controller_node   build/x86_64-debug/src/central_controller_node.o build/x86_64-debug/../../include/global_include.o  
01:49:51 **** Incremental Build of configuration x86_64-debug for project central_controller_node ****
make -j4 all 
qcc -Vgcc_ntox86_64 -c -Wp,-MMD,build/x86_64-debug/src/central_controller_node.d,-MT,build/x86_64-debug/src/central_controller_node.o -o build/x86_64-debug/src/central_controller_node.o -I ../../include -Wall -fmessage-length=0 -g -O0 -fno-builtin  src/central_controller_node.c
src/central_controller_node.c: In function 'software_input_thread':
src/central_controller_node.c:159:17: warning: variable 'msg_reply' set but not used [-Wunused-but-set-variable]
  message_data_t msg_reply;
                 ^
src/central_controller_node.c:158:17: warning: variable 'msg' set but not used [-Wunused-but-set-variable]
  message_data_t msg;
                 ^
src/central_controller_node.c:157:21: warning: unused variable 'controller_data' [-Wunused-variable]
  controller_data_t* controller_data = (controller_data_t*) arg;
                     ^
qcc -Vgcc_ntox86_64 -o build/x86_64-debug/central_controller_node   build/x86_64-debug/src/central_controller_node.o build/x86_64-debug/../../include/global_include.o  
01:50:25 **** Incremental Build of configuration x86_64-debug for project central_controller_node ****
make -j4 all 
qcc -Vgcc_ntox86_64 -c -Wp,-MMD,build/x86_64-debug/src/central_controller_node.d,-MT,build/x86_64-debug/src/central_controller_node.o -o build/x86_64-debug/src/central_controller_node.o -I ../../include -Wall -fmessage-length=0 -g -O0 -fno-builtin  src/central_controller_node.c
src/central_controller_node.c: In function 'software_input_thread':
src/central_controller_node.c:159:17: warning: variable 'msg_reply' set but not used [-Wunused-but-set-variable]
  message_data_t msg_reply;
                 ^
src/central_controller_node.c:158:17: warning: variable 'msg' set but not used [-Wunused-but-set-variable]
  message_data_t msg;
                 ^
src/central_controller_node.c:157:21: warning: unused variable 'controller_data' [-Wunused-variable]
  controller_data_t* controller_data = (controller_data_t*) arg;
                     ^
qcc -Vgcc_ntox86_64 -o build/x86_64-debug/central_controller_node   build/x86_64-debug/src/central_controller_node.o build/x86_64-debug/../../include/global_include.o  
01:51:55 **** Incremental Build of configuration x86_64-debug for project central_controller_node ****
make -j4 all 
qcc -Vgcc_ntox86_64 -c -Wp,-MMD,build/x86_64-debug/src/central_controller_node.d,-MT,build/x86_64-debug/src/central_controller_node.o -o build/x86_64-debug/src/central_controller_node.o -I ../../include -Wall -fmessage-length=0 -g -O0 -fno-builtin  src/central_controller_node.c
src/central_controller_node.c: In function 'software_input_thread':
src/central_controller_node.c:159:17: warning: variable 'msg_reply' set but not used [-Wunused-but-set-variable]
  message_data_t msg_reply;
                 ^
src/central_controller_node.c:158:17: warning: variable 'msg' set but not used [-Wunused-but-set-variable]
  message_data_t msg;
                 ^
src/central_controller_node.c:157:21: warning: unused variable 'controller_data' [-Wunused-variable]
  controller_data_t* controller_data = (controller_data_t*) arg;
                     ^
qcc -Vgcc_ntox86_64 -o build/x86_64-debug/central_controller_node   build/x86_64-debug/src/central_controller_node.o build/x86_64-debug/../../include/global_include.o  
01:51:58 **** Incremental Build of configuration x86_64-debug for project central_controller_node ****
make -j4 all 
make: Nothing to be done for 'all'.
02:02:22 **** Incremental Build of configuration x86_64-debug for project central_controller_node ****
make -j4 all 
qcc -Vgcc_ntox86_64 -c -Wp,-MMD,build/x86_64-debug/src/central_controller_node.d,-MT,build/x86_64-debug/src/central_controller_node.o -o build/x86_64-debug/src/central_controller_node.o -I ../../include -Wall -fmessage-length=0 -g -O0 -fno-builtin  src/central_controller_node.c
qcc -Vgcc_ntox86_64 -c -Wp,-MMD,build/x86_64-debug/../../include/global_include.d,-MT,build/x86_64-debug/../../include/global_include.o -o build/x86_64-debug/../../include/global_include.o -I ../../include -Wall -fmessage-length=0 -g -O0 -fno-builtin  ../../include/global_include.c
src/central_controller_node.c: In function 'software_input_thread':
src/central_controller_node.c:177:49: warning: excess elements in scalar initializer
     char* sending_name = {X1_QNET_ATTACH_POINT, "I1_GLOBAL", "I2_GLOBAL"}; // TODO need to update these global names in the global include
                                                 ^
src/central_controller_node.c:177:49: note: (near initialization for 'sending_name')
src/central_controller_node.c:177:62: warning: excess elements in scalar initializer
     char* sending_name = {X1_QNET_ATTACH_POINT, "I1_GLOBAL", "I2_GLOBAL"}; // TODO need to update these global names in the global include
                                                              ^
src/central_controller_node.c:177:62: note: (near initialization for 'sending_name')
src/central_controller_node.c:179:37: warning: passing argument 2 of 'send_message' makes pointer from integer without a cast [-Wint-conversion]
      msg_reply = send_message(&msg, sending_name[i]);
                                     ^
In file included from src/central_controller_node.c:4:0:
../../include/global_include.h:55:16: note: expected 'char *' but argument is of type 'char'
 message_data_t send_message(message_data_t*, char*);
                ^
src/central_controller_node.c:180:9: error: 'reply' undeclared (first use in this function)
      if(reply.msg_type == MSG_ERROR){
         ^
src/central_controller_node.c:180:9: note: each undeclared identifier is reported only once for each function it appears in
src/central_controller_node.c:159:17: warning: variable 'msg_reply' set but not used [-Wunused-but-set-variable]
  message_data_t msg_reply;
                 ^
src/central_controller_node.c:157:21: warning: unused variable 'controller_data' [-Wunused-variable]
  controller_data_t* controller_data = (controller_data_t*) arg;
                     ^
cc: C:/QNX/qnx700/host/win64/x86_64/usr/lib/gcc/x86_64-pc-nto-qnx7.0.0/5.4.0/cc1 caught signal 1
Makefile:57: recipe for target 'build/x86_64-debug/src/central_controller_node.o' failed
make: *** [build/x86_64-debug/src/central_controller_node.o] Error 1
make: *** Waiting for unfinished jobs....
02:02:34 **** Incremental Build of configuration x86_64-debug for project central_controller_node ****
make -j4 all 
qcc -Vgcc_ntox86_64 -c -Wp,-MMD,build/x86_64-debug/src/central_controller_node.d,-MT,build/x86_64-debug/src/central_controller_node.o -o build/x86_64-debug/src/central_controller_node.o -I ../../include -Wall -fmessage-length=0 -g -O0 -fno-builtin  src/central_controller_node.c
src/central_controller_node.c: In function 'software_input_thread':
src/central_controller_node.c:180:9: error: 'reply' undeclared (first use in this function)
      if(reply.msg_type == MSG_ERROR){
         ^
src/central_controller_node.c:180:9: note: each undeclared identifier is reported only once for each function it appears in
src/central_controller_node.c:159:17: warning: variable 'msg_reply' set but not used [-Wunused-but-set-variable]
  message_data_t msg_reply;
                 ^
src/central_controller_node.c:157:21: warning: unused variable 'controller_data' [-Wunused-variable]
  controller_data_t* controller_data = (controller_data_t*) arg;
                     ^
cc: C:/QNX/qnx700/host/win64/x86_64/usr/lib/gcc/x86_64-pc-nto-qnx7.0.0/5.4.0/cc1 caught signal 1
make: *** [build/x86_64-debug/src/central_controller_node.o] Error 1
Makefile:57: recipe for target 'build/x86_64-debug/src/central_controller_node.o' failed
02:02:48 **** Incremental Build of configuration x86_64-debug for project central_controller_node ****
make -j4 all 
qcc -Vgcc_ntox86_64 -c -Wp,-MMD,build/x86_64-debug/src/central_controller_node.d,-MT,build/x86_64-debug/src/central_controller_node.o -o build/x86_64-debug/src/central_controller_node.o -I ../../include -Wall -fmessage-length=0 -g -O0 -fno-builtin  src/central_controller_node.c
src/central_controller_node.c: In function 'software_input_thread':
src/central_controller_node.c:157:21: warning: unused variable 'controller_data' [-Wunused-variable]
  controller_data_t* controller_data = (controller_data_t*) arg;
                     ^
qcc -Vgcc_ntox86_64 -o build/x86_64-debug/central_controller_node   build/x86_64-debug/src/central_controller_node.o build/x86_64-debug/../../include/global_include.o  
02:06:53 **** Incremental Build of configuration x86_64-debug for project central_controller_node ****
make -j4 all 
qcc -Vgcc_ntox86_64 -c -Wp,-MMD,build/x86_64-debug/src/central_controller_node.d,-MT,build/x86_64-debug/src/central_controller_node.o -o build/x86_64-debug/src/central_controller_node.o -I ../../include -Wall -fmessage-length=0 -g -O0 -fno-builtin  src/central_controller_node.c
src/central_controller_node.c: In function 'software_input_thread':
src/central_controller_node.c:214:11: error: redefinition of 'sending_name'
     char* sending_name[3] = {X1_QNET_ATTACH_POINT, "I1_GLOBAL", "I2_GLOBAL"}; // TODO need to update these global names in the global include
           ^
src/central_controller_node.c:181:11: note: previous definition of 'sending_name' was here
     char* sending_name[3] = {X1_QNET_ATTACH_POINT, "I1_GLOBAL", "I2_GLOBAL"}; // TODO need to update these global names in the global include
           ^
cc: C:/QNX/qnx700/host/win64/x86_64/usr/lib/gcc/x86_64-pc-nto-qnx7.0.0/5.4.0/cc1 caught signal 1
Makefile:57: recipe for target 'build/x86_64-debug/src/central_controller_node.o' failed
make: *** [build/x86_64-debug/src/central_controller_node.o] Error 1
02:07:18 **** Incremental Build of configuration x86_64-debug for project central_controller_node ****
make -j4 all 
qcc -Vgcc_ntox86_64 -c -Wp,-MMD,build/x86_64-debug/src/central_controller_node.d,-MT,build/x86_64-debug/src/central_controller_node.o -o build/x86_64-debug/src/central_controller_node.o -I ../../include -Wall -fmessage-length=0 -g -O0 -fno-builtin  src/central_controller_node.c
qcc -Vgcc_ntox86_64 -o build/x86_64-debug/central_controller_node   build/x86_64-debug/src/central_controller_node.o build/x86_64-debug/../../include/global_include.o  
02:07:52 **** Incremental Build of configuration x86_64-debug for project central_controller_node ****
make -j4 all 
make: Nothing to be done for 'all'.
02:07:54 **** Incremental Build of configuration x86_64-debug for project central_controller_node ****
make -j4 all 
make: Nothing to be done for 'all'.
02:17:59 **** Incremental Build of configuration x86_64-debug for project central_controller_node ****
make -j4 all 
qcc -Vgcc_ntox86_64 -c -Wp,-MMD,build/x86_64-debug/src/central_controller_node.d,-MT,build/x86_64-debug/src/central_controller_node.o -o build/x86_64-debug/src/central_controller_node.o -I ../../include -Wall -fmessage-length=0 -g -O0 -fno-builtin  src/central_controller_node.c
qcc -Vgcc_ntox86_64 -o build/x86_64-debug/central_controller_node   build/x86_64-debug/src/central_controller_node.o build/x86_64-debug/../../include/global_include.o  
02:18:49 **** Incremental Build of configuration x86_64-debug for project central_controller_node ****
make -j4 all 
make: Nothing to be done for 'all'.
02:19:56 **** Incremental Build of configuration x86_64-debug for project central_controller_node ****
make -j4 all 
make: Nothing to be done for 'all'.
02:21:55 **** Incremental Build of configuration x86_64-debug for project central_controller_node ****
make -j4 all 
qcc -Vgcc_ntox86_64 -c -Wp,-MMD,build/x86_64-debug/src/central_controller_node.d,-MT,build/x86_64-debug/src/central_controller_node.o -o build/x86_64-debug/src/central_controller_node.o -I ../../include -Wall -fmessage-length=0 -g -O0 -fno-builtin  src/central_controller_node.c
qcc -Vgcc_ntox86_64 -o build/x86_64-debug/central_controller_node   build/x86_64-debug/src/central_controller_node.o build/x86_64-debug/../../include/global_include.o  
02:24:26 **** Clean-only build of configuration x86_64-debug for project central_controller_node ****
make -j4 clean 
rm -fr build/x86_64-debug
02:24:37 **** Build of configuration x86_64-debug for project central_controller_node ****
make -j4 all 
qcc -Vgcc_ntox86_64 -c -Wp,-MMD,build/x86_64-debug/src/central_controller_node.d,-MT,build/x86_64-debug/src/central_controller_node.o -o build/x86_64-debug/src/central_controller_node.o -I ../../include -Wall -fmessage-length=0 -g -O0 -fno-builtin  src/central_controller_node.c
qcc -Vgcc_ntox86_64 -o build/x86_64-debug/central_controller_node   build/x86_64-debug/src/central_controller_node.o build/x86_64-debug/../../include/global_include.o  
02:26:00 **** Incremental Build of configuration x86_64-debug for project central_controller_node ****
make -j4 all 
qcc -Vgcc_ntox86_64 -c -Wp,-MMD,build/x86_64-debug/src/central_controller_node.d,-MT,build/x86_64-debug/src/central_controller_node.o -o build/x86_64-debug/src/central_controller_node.o -I ../../include -Wall -fmessage-length=0 -g -O0 -fno-builtin  src/central_controller_node.c
src/central_controller_node.c: In function 'software_output_thread':
src/central_controller_node.c:262:10: warning: passing argument 1 of 'printf' makes pointer from integer without a cast [-Wint-conversion]
   printf(out_data->priority.signal_sent);
          ^
In file included from src/central_controller_node.c:1:0:
C:/QNX/qnx700/target/qnx7/usr/include/stdio.h:176:12: note: expected 'const char *' but argument is of type 'uint8_t {aka unsigned char}'
 extern int printf(const char *__format, ...);
            ^
qcc -Vgcc_ntox86_64 -o build/x86_64-debug/central_controller_node   build/x86_64-debug/src/central_controller_node.o build/x86_64-debug/../../include/global_include.o  
02:26:07 **** Incremental Build of configuration x86_64-debug for project central_controller_node ****
make -j4 all 
make: Nothing to be done for 'all'.
02:27:51 **** Incremental Build of configuration x86_64-debug for project central_controller_node ****
make -j4 all 
qcc -Vgcc_ntox86_64 -c -Wp,-MMD,build/x86_64-debug/src/central_controller_node.d,-MT,build/x86_64-debug/src/central_controller_node.o -o build/x86_64-debug/src/central_controller_node.o -I ../../include -Wall -fmessage-length=0 -g -O0 -fno-builtin  src/central_controller_node.c
src/central_controller_node.c: In function 'software_output_thread':
src/central_controller_node.c:262:10: warning: passing argument 1 of 'printf' makes pointer from integer without a cast [-Wint-conversion]
   printf(out_data->priority.signal_sent);
          ^
In file included from src/central_controller_node.c:1:0:
C:/QNX/qnx700/target/qnx7/usr/include/stdio.h:176:12: note: expected 'const char *' but argument is of type 'uint8_t {aka unsigned char}'
 extern int printf(const char *__format, ...);
            ^
qcc -Vgcc_ntox86_64 -o build/x86_64-debug/central_controller_node   build/x86_64-debug/src/central_controller_node.o build/x86_64-debug/../../include/global_include.o  
02:27:53 **** Incremental Build of configuration x86_64-debug for project central_controller_node ****
make -j4 all 
make: Nothing to be done for 'all'.
02:29:05 **** Incremental Build of configuration x86_64-debug for project central_controller_node ****
make -j4 all 
qcc -Vgcc_ntox86_64 -c -Wp,-MMD,build/x86_64-debug/src/central_controller_node.d,-MT,build/x86_64-debug/src/central_controller_node.o -o build/x86_64-debug/src/central_controller_node.o -I ../../include -Wall -fmessage-length=0 -g -O0 -fno-builtin  src/central_controller_node.c
qcc -Vgcc_ntox86_64 -o build/x86_64-debug/central_controller_node   build/x86_64-debug/src/central_controller_node.o build/x86_64-debug/../../include/global_include.o  
02:29:06 **** Incremental Build of configuration x86_64-debug for project central_controller_node ****
make -j4 all 
make: Nothing to be done for 'all'.
02:29:27 **** Incremental Build of configuration x86_64-debug for project central_controller_node ****
make -j4 all 
qcc -Vgcc_ntox86_64 -c -Wp,-MMD,build/x86_64-debug/src/central_controller_node.d,-MT,build/x86_64-debug/src/central_controller_node.o -o build/x86_64-debug/src/central_controller_node.o -I ../../include -Wall -fmessage-length=0 -g -O0 -fno-builtin  src/central_controller_node.c
qcc -Vgcc_ntox86_64 -o build/x86_64-debug/central_controller_node   build/x86_64-debug/src/central_controller_node.o build/x86_64-debug/../../include/global_include.o  
02:29:29 **** Incremental Build of configuration x86_64-debug for project central_controller_node ****
make -j4 all 
make: Nothing to be done for 'all'.
02:29:59 **** Incremental Build of configuration x86_64-debug for project central_controller_node ****
make -j4 all 
qcc -Vgcc_ntox86_64 -c -Wp,-MMD,build/x86_64-debug/src/central_controller_node.d,-MT,build/x86_64-debug/src/central_controller_node.o -o build/x86_64-debug/src/central_controller_node.o -I ../../include -Wall -fmessage-length=0 -g -O0 -fno-builtin  src/central_controller_node.c
qcc -Vgcc_ntox86_64 -o build/x86_64-debug/central_controller_node   build/x86_64-debug/src/central_controller_node.o build/x86_64-debug/../../include/global_include.o  
02:30:00 **** Incremental Build of configuration x86_64-debug for project central_controller_node ****
make -j4 all 
make: Nothing to be done for 'all'.
02:30:38 **** Incremental Build of configuration x86_64-debug for project central_controller_node ****
make -j4 all 
qcc -Vgcc_ntox86_64 -c -Wp,-MMD,build/x86_64-debug/src/central_controller_node.d,-MT,build/x86_64-debug/src/central_controller_node.o -o build/x86_64-debug/src/central_controller_node.o -I ../../include -Wall -fmessage-length=0 -g -O0 -fno-builtin  src/central_controller_node.c
qcc -Vgcc_ntox86_64 -o build/x86_64-debug/central_controller_node   build/x86_64-debug/src/central_controller_node.o build/x86_64-debug/../../include/global_include.o  
02:57:48 **** Incremental Build of configuration x86_64-debug for project central_controller_node ****
make -j4 all 
qcc -Vgcc_ntox86_64 -c -Wp,-MMD,build/x86_64-debug/src/central_controller_node.d,-MT,build/x86_64-debug/src/central_controller_node.o -o build/x86_64-debug/src/central_controller_node.o -I ../../include -Wall -fmessage-length=0 -g -O0 -fno-builtin  src/central_controller_node.c
qcc -Vgcc_ntox86_64 -o build/x86_64-debug/central_controller_node   build/x86_64-debug/src/central_controller_node.o build/x86_64-debug/../../include/global_include.o  
03:02:30 **** Incremental Build of configuration x86_64-debug for project central_controller_node ****
make -j4 all 
qcc -Vgcc_ntox86_64 -c -Wp,-MMD,build/x86_64-debug/src/central_controller_node.d,-MT,build/x86_64-debug/src/central_controller_node.o -o build/x86_64-debug/src/central_controller_node.o -I ../../include -Wall -fmessage-length=0 -g -O0 -fno-builtin  src/central_controller_node.c
qcc -Vgcc_ntox86_64 -o build/x86_64-debug/central_controller_node   build/x86_64-debug/src/central_controller_node.o build/x86_64-debug/../../include/global_include.o  
03:02:32 **** Incremental Build of configuration x86_64-debug for project central_controller_node ****
make -j4 all 
make: Nothing to be done for 'all'.
03:08:03 **** Incremental Build of configuration x86_64-debug for project central_controller_node ****
make -j4 all 
qcc -Vgcc_ntox86_64 -c -Wp,-MMD,build/x86_64-debug/src/central_controller_node.d,-MT,build/x86_64-debug/src/central_controller_node.o -o build/x86_64-debug/src/central_controller_node.o -I ../../include -Wall -fmessage-length=0 -g -O0 -fno-builtin  src/central_controller_node.c
qcc -Vgcc_ntox86_64 -o build/x86_64-debug/central_controller_node   build/x86_64-debug/src/central_controller_node.o build/x86_64-debug/../../include/global_include.o  
03:10:20 **** Incremental Build of configuration x86_64-debug for project central_controller_node ****
make -j4 all 
qcc -Vgcc_ntox86_64 -c -Wp,-MMD,build/x86_64-debug/../../include/global_include.d,-MT,build/x86_64-debug/../../include/global_include.o -o build/x86_64-debug/../../include/global_include.o -I ../../include -Wall -fmessage-length=0 -g -O0 -fno-builtin  ../../include/global_include.c
qcc -Vgcc_ntox86_64 -o build/x86_64-debug/central_controller_node   build/x86_64-debug/src/central_controller_node.o build/x86_64-debug/../../include/global_include.o  
03:10:23 **** Incremental Build of configuration x86_64-debug for project central_controller_node ****
make -j4 all 
make: Nothing to be done for 'all'.
03:12:44 **** Incremental Build of configuration x86_64-debug for project central_controller_node ****
make -j4 all 
qcc -Vgcc_ntox86_64 -c -Wp,-MMD,build/x86_64-debug/src/central_controller_node.d,-MT,build/x86_64-debug/src/central_controller_node.o -o build/x86_64-debug/src/central_controller_node.o -I ../../include -Wall -fmessage-length=0 -g -O0 -fno-builtin  src/central_controller_node.c
qcc -Vgcc_ntox86_64 -o build/x86_64-debug/central_controller_node   build/x86_64-debug/src/central_controller_node.o build/x86_64-debug/../../include/global_include.o  
03:13:30 **** Incremental Build of configuration x86_64-debug for project central_controller_node ****
make -j4 all 
make: Nothing to be done for 'all'.
03:20:52 **** Incremental Build of configuration x86_64-debug for project central_controller_node ****
make -j4 all 
qcc -Vgcc_ntox86_64 -c -Wp,-MMD,build/x86_64-debug/src/central_controller_node.d,-MT,build/x86_64-debug/src/central_controller_node.o -o build/x86_64-debug/src/central_controller_node.o -I ../../include -Wall -fmessage-length=0 -g -O0 -fno-builtin  src/central_controller_node.c
qcc -Vgcc_ntox86_64 -o build/x86_64-debug/central_controller_node   build/x86_64-debug/src/central_controller_node.o build/x86_64-debug/../../include/global_include.o  
03:25:45 **** Incremental Build of configuration x86_64-debug for project central_controller_node ****
make -j4 all 
qcc -Vgcc_ntox86_64 -c -Wp,-MMD,build/x86_64-debug/src/central_controller_node.d,-MT,build/x86_64-debug/src/central_controller_node.o -o build/x86_64-debug/src/central_controller_node.o -I ../../include -Wall -fmessage-length=0 -g -O0 -fno-builtin  src/central_controller_node.c
qcc -Vgcc_ntox86_64 -o build/x86_64-debug/central_controller_node   build/x86_64-debug/src/central_controller_node.o build/x86_64-debug/../../include/global_include.o  
03:25:49 **** Incremental Build of configuration x86_64-debug for project central_controller_node ****
make -j4 all 
make: Nothing to be done for 'all'.
03:26:58 **** Incremental Build of configuration x86_64-debug for project central_controller_node ****
make -j4 all 
qcc -Vgcc_ntox86_64 -c -Wp,-MMD,build/x86_64-debug/src/central_controller_node.d,-MT,build/x86_64-debug/src/central_controller_node.o -o build/x86_64-debug/src/central_controller_node.o -I ../../include -Wall -fmessage-length=0 -g -O0 -fno-builtin  src/central_controller_node.c
qcc -Vgcc_ntox86_64 -o build/x86_64-debug/central_controller_node   build/x86_64-debug/src/central_controller_node.o build/x86_64-debug/../../include/global_include.o  
03:27:37 **** Incremental Build of configuration x86_64-debug for project central_controller_node ****
make -j4 all 
make: Nothing to be done for 'all'.
03:29:34 **** Incremental Build of configuration x86_64-debug for project central_controller_node ****
make -j4 all 
qcc -Vgcc_ntox86_64 -c -Wp,-MMD,build/x86_64-debug/src/central_controller_node.d,-MT,build/x86_64-debug/src/central_controller_node.o -o build/x86_64-debug/src/central_controller_node.o -I ../../include -Wall -fmessage-length=0 -g -O0 -fno-builtin  src/central_controller_node.c
qcc -Vgcc_ntox86_64 -o build/x86_64-debug/central_controller_node   build/x86_64-debug/src/central_controller_node.o build/x86_64-debug/../../include/global_include.o  
03:31:16 **** Incremental Build of configuration x86_64-debug for project central_controller_node ****
make -j4 all 
qcc -Vgcc_ntox86_64 -c -Wp,-MMD,build/x86_64-debug/src/central_controller_node.d,-MT,build/x86_64-debug/src/central_controller_node.o -o build/x86_64-debug/src/central_controller_node.o -I ../../include -Wall -fmessage-length=0 -g -O0 -fno-builtin  src/central_controller_node.c
qcc -Vgcc_ntox86_64 -o build/x86_64-debug/central_controller_node   build/x86_64-debug/src/central_controller_node.o build/x86_64-debug/../../include/global_include.o  
03:31:20 **** Incremental Build of configuration x86_64-debug for project central_controller_node ****
make -j4 all 
make: Nothing to be done for 'all'.
03:37:01 **** Incremental Build of configuration x86_64-debug for project central_controller_node ****
make -j4 all 
qcc -Vgcc_ntox86_64 -c -Wp,-MMD,build/x86_64-debug/src/central_controller_node.d,-MT,build/x86_64-debug/src/central_controller_node.o -o build/x86_64-debug/src/central_controller_node.o -I ../../include -Wall -fmessage-length=0 -g -O0 -fno-builtin  src/central_controller_node.c
qcc -Vgcc_ntox86_64 -o build/x86_64-debug/central_controller_node   build/x86_64-debug/src/central_controller_node.o build/x86_64-debug/../../include/global_include.o  
03:38:13 **** Incremental Build of configuration x86_64-debug for project central_controller_node ****
make -j4 all 
qcc -Vgcc_ntox86_64 -c -Wp,-MMD,build/x86_64-debug/src/central_controller_node.d,-MT,build/x86_64-debug/src/central_controller_node.o -o build/x86_64-debug/src/central_controller_node.o -I ../../include -Wall -fmessage-length=0 -g -O0 -fno-builtin  src/central_controller_node.c
qcc -Vgcc_ntox86_64 -o build/x86_64-debug/central_controller_node   build/x86_64-debug/src/central_controller_node.o build/x86_64-debug/../../include/global_include.o  
03:38:15 **** Incremental Build of configuration x86_64-debug for project central_controller_node ****
make -j4 all 
make: Nothing to be done for 'all'.
03:40:51 **** Incremental Build of configuration x86_64-debug for project central_controller_node ****
make -j4 all 
qcc -Vgcc_ntox86_64 -c -Wp,-MMD,build/x86_64-debug/src/central_controller_node.d,-MT,build/x86_64-debug/src/central_controller_node.o -o build/x86_64-debug/src/central_controller_node.o -I ../../include -Wall -fmessage-length=0 -g -O0 -fno-builtin  src/central_controller_node.c
qcc -Vgcc_ntox86_64 -o build/x86_64-debug/central_controller_node   build/x86_64-debug/src/central_controller_node.o build/x86_64-debug/../../include/global_include.o  
00:31:58 **** Incremental Build of configuration x86_64-debug for project central_controller_node ****
make -j4 all 
qcc -Vgcc_ntox86_64 -c -Wp,-MMD,build/x86_64-debug/src/central_controller_node.d,-MT,build/x86_64-debug/src/central_controller_node.o -o build/x86_64-debug/src/central_controller_node.o -I ../../include -Wall -fmessage-length=0 -g -O0 -fno-builtin  src/central_controller_node.c
qcc -Vgcc_ntox86_64 -c -Wp,-MMD,build/x86_64-debug/../../include/global_include.d,-MT,build/x86_64-debug/../../include/global_include.o -o build/x86_64-debug/../../include/global_include.o -I ../../include -Wall -fmessage-length=0 -g -O0 -fno-builtin  ../../include/global_include.c
qcc -Vgcc_ntox86_64 -o build/x86_64-debug/central_controller_node   build/x86_64-debug/src/central_controller_node.o build/x86_64-debug/../../include/global_include.o  
00:32:25 **** Incremental Build of configuration x86_64-debug for project central_controller_node ****
make -j4 all 
qcc -Vgcc_ntox86_64 -c -Wp,-MMD,build/x86_64-debug/src/central_controller_node.d,-MT,build/x86_64-debug/src/central_controller_node.o -o build/x86_64-debug/src/central_controller_node.o -I ../../include -Wall -fmessage-length=0 -g -O0 -fno-builtin  src/central_controller_node.c
qcc -Vgcc_ntox86_64 -o build/x86_64-debug/central_controller_node   build/x86_64-debug/src/central_controller_node.o build/x86_64-debug/../../include/global_include.o  
00:33:18 **** Incremental Build of configuration x86_64-debug for project central_controller_node ****
make -j4 all 
qcc -Vgcc_ntox86_64 -c -Wp,-MMD,build/x86_64-debug/src/central_controller_node.d,-MT,build/x86_64-debug/src/central_controller_node.o -o build/x86_64-debug/src/central_controller_node.o -I ../../include -Wall -fmessage-length=0 -g -O0 -fno-builtin  src/central_controller_node.c
qcc -Vgcc_ntox86_64 -o build/x86_64-debug/central_controller_node   build/x86_64-debug/src/central_controller_node.o build/x86_64-debug/../../include/global_include.o  
00:38:45 **** Incremental Build of configuration x86_64-debug for project central_controller_node ****
make -j4 all 
qcc -Vgcc_ntox86_64 -c -Wp,-MMD,build/x86_64-debug/src/central_controller_node.d,-MT,build/x86_64-debug/src/central_controller_node.o -o build/x86_64-debug/src/central_controller_node.o -I ../../include -Wall -fmessage-length=0 -g -O0 -fno-builtin  src/central_controller_node.c
src/central_controller_node.c: In function 'software_input_thread':
src/central_controller_node.c:327:4: error: 'default' label not within a switch statement
    default:
    ^
src/central_controller_node.c: At top level:
src/central_controller_node.c:333:1: error: expected identifier or '(' before '}' token
 }
 ^
src/central_controller_node.c: In function 'software_input_thread':
src/central_controller_node.c:332:2: warning: control reaches end of non-void function [-Wreturn-type]
  }
  ^
cc: C:/QNX/qnx700/host/win64/x86_64/usr/lib/gcc/x86_64-pc-nto-qnx7.0.0/5.4.0/cc1 caught signal 1
Makefile:57: recipe for target 'build/x86_64-debug/src/central_controller_node.o' failed
make: *** [build/x86_64-debug/src/central_controller_node.o] Error 1
00:39:10 **** Incremental Build of configuration x86_64-debug for project central_controller_node ****
make -j4 all 
qcc -Vgcc_ntox86_64 -c -Wp,-MMD,build/x86_64-debug/src/central_controller_node.d,-MT,build/x86_64-debug/src/central_controller_node.o -o build/x86_64-debug/src/central_controller_node.o -I ../../include -Wall -fmessage-length=0 -g -O0 -fno-builtin  src/central_controller_node.c
src/central_controller_node.c: In function 'software_input_thread':
src/central_controller_node.c:328:4: error: 'default' label not within a switch statement
    default:
    ^
src/central_controller_node.c: At top level:
src/central_controller_node.c:334:1: error: expected identifier or '(' before '}' token
 }
 ^
cc: C:/QNX/qnx700/host/win64/x86_64/usr/lib/gcc/x86_64-pc-nto-qnx7.0.0/5.4.0/cc1 caught signal 1
make: *** [build/x86_64-debug/src/central_controller_node.o] Error 1
Makefile:57: recipe for target 'build/x86_64-debug/src/central_controller_node.o' failed
00:39:30 **** Incremental Build of configuration x86_64-debug for project central_controller_node ****
make -j4 all 
qcc -Vgcc_ntox86_64 -c -Wp,-MMD,build/x86_64-debug/src/central_controller_node.d,-MT,build/x86_64-debug/src/central_controller_node.o -o build/x86_64-debug/src/central_controller_node.o -I ../../include -Wall -fmessage-length=0 -g -O0 -fno-builtin  src/central_controller_node.c
qcc -Vgcc_ntox86_64 -o build/x86_64-debug/central_controller_node   build/x86_64-debug/src/central_controller_node.o build/x86_64-debug/../../include/global_include.o  
00:39:32 **** Incremental Build of configuration x86_64-debug for project central_controller_node ****
make -j4 all 
make: Nothing to be done for 'all'.
00:49:33 **** Incremental Build of configuration x86_64-debug for project central_controller_node ****
make -j4 all 
qcc -Vgcc_ntox86_64 -c -Wp,-MMD,build/x86_64-debug/src/central_controller_node.d,-MT,build/x86_64-debug/src/central_controller_node.o -o build/x86_64-debug/src/central_controller_node.o -I ../../include -Wall -fmessage-length=0 -g -O0 -fno-builtin  src/central_controller_node.c
qcc -Vgcc_ntox86_64 -c -Wp,-MMD,build/x86_64-debug/../../include/global_include.d,-MT,build/x86_64-debug/../../include/global_include.o -o build/x86_64-debug/../../include/global_include.o -I ../../include -Wall -fmessage-length=0 -g -O0 -fno-builtin  ../../include/global_include.c
qcc -Vgcc_ntox86_64 -o build/x86_64-debug/central_controller_node   build/x86_64-debug/src/central_controller_node.o build/x86_64-debug/../../include/global_include.o  
00:50:17 **** Incremental Build of configuration x86_64-debug for project central_controller_node ****
make -j4 all 
qcc -Vgcc_ntox86_64 -c -Wp,-MMD,build/x86_64-debug/src/central_controller_node.d,-MT,build/x86_64-debug/src/central_controller_node.o -o build/x86_64-debug/src/central_controller_node.o -I ../../include -Wall -fmessage-length=0 -g -O0 -fno-builtin  src/central_controller_node.c
qcc -Vgcc_ntox86_64 -o build/x86_64-debug/central_controller_node   build/x86_64-debug/src/central_controller_node.o build/x86_64-debug/../../include/global_include.o  
11:35:24 **** Build of configuration x86_64-debug for project timer ****
make -j4 all 
qcc -Vgcc_ntox86_64 -c -Wp,-MMD,build/x86_64-debug/src/timer.d,-MT,build/x86_64-debug/src/timer.o -o build/x86_64-debug/src/timer.o  -Wall -fmessage-length=0 -g -O0 -fno-builtin  src/timer.c
qcc -Vgcc_ntox86_64 -o build/x86_64-debug/timer   build/x86_64-debug/src/timer.o  
11:37:00 **** Incremental Build of configuration x86_64-debug for project timer ****
make -j4 all 
qcc -Vgcc_ntox86_64 -c -Wp,-MMD,build/x86_64-debug/src/timer.d,-MT,build/x86_64-debug/src/timer.o -o build/x86_64-debug/src/timer.o  -Wall -fmessage-length=0 -g -O0 -fno-builtin  src/timer.c
src/timer.c: In function 'main':
src/timer.c:62:12: warning: passing argument 1 of 'printf' from incompatible pointer type [-Wincompatible-pointer-types]
     printf(stderr, "%s:  couldn't ConnectAttach to self!\n", progname);
            ^
In file included from src/timer.c:11:0:
C:/QNX/qnx700/target/qnx7/usr/include/stdio.h:176:12: note: expected 'const char *' but argument is of type 'FILE * {aka struct _Filet *}'
 extern int printf(const char *__format, ...);
            ^
src/timer.c:68:2: warning: implicit declaration of function 'pthread_getschedparam' [-Wimplicit-function-declaration]
  pthread_getschedparam(pthread_self(), NULL, &th_param);
  ^
src/timer.c:68:24: warning: implicit declaration of function 'pthread_self' [-Wimplicit-function-declaration]
  pthread_getschedparam(pthread_self(), NULL, &th_param);
                        ^
src/timer.c:76:13: warning: passing argument 1 of 'printf' from incompatible pointer type [-Wincompatible-pointer-types]
     printf (stderr, "%s:  couldn't create a timer, errno %d\n", progname, errno);
             ^
In file included from src/timer.c:11:0:
C:/QNX/qnx700/target/qnx7/usr/include/stdio.h:176:12: note: expected 'const char *' but argument is of type 'FILE * {aka struct _Filet *}'
 extern int printf(const char *__format, ...);
            ^
qcc -Vgcc_ntox86_64 -o build/x86_64-debug/timer   build/x86_64-debug/src/timer.o  
17:05:45 **** Incremental Build of configuration x86_64-debug for project central_controller_node ****
make -j4 all 
qcc -Vgcc_ntox86_64 -c -Wp,-MMD,build/x86_64-debug/src/central_controller_node.d,-MT,build/x86_64-debug/src/central_controller_node.o -o build/x86_64-debug/src/central_controller_node.o -I ../../include -Wall -fmessage-length=0 -g -O0 -fno-builtin  src/central_controller_node.c
src/central_controller_node.c: In function 'check_node_connection':
src/central_controller_node.c:193:10: warning: unused variable 'timer' [-Wunused-variable]
  timer_t timer;
          ^
src/central_controller_node.c:192:21: warning: unused variable 'controller_data' [-Wunused-variable]
  controller_data_t* controller_data = (controller_data_t*) arg;
                     ^
src/central_controller_node.c: In function 'hardware_input_thread':
src/central_controller_node.c:205:21: warning: unused variable 'controller_data' [-Wunused-variable]
  controller_data_t* controller_data = (controller_data_t*) arg;
                     ^
qcc -Vgcc_ntox86_64 -o build/x86_64-debug/central_controller_node   build/x86_64-debug/src/central_controller_node.o build/x86_64-debug/../../include/global_include.o  
18:27:45 **** Incremental Build of configuration x86_64-debug for project central_controller_node ****
make -j4 all 
qcc -Vgcc_ntox86_64 -c -Wp,-MMD,build/x86_64-debug/src/central_controller_node.d,-MT,build/x86_64-debug/src/central_controller_node.o -o build/x86_64-debug/src/central_controller_node.o -I ../../include -Wall -fmessage-length=0 -g -O0 -fno-builtin  src/central_controller_node.c
qcc -Vgcc_ntox86_64 -c -Wp,-MMD,build/x86_64-debug/../../include/hardware_include.d,-MT,build/x86_64-debug/../../include/hardware_include.o -o build/x86_64-debug/../../include/hardware_include.o -I ../../include -Wall -fmessage-length=0 -g -O0 -fno-builtin  ../../include/hardware_include.c
../../include/hardware_include.c: In function 'delaySCL':
../../include/hardware_include.c:19:19: warning: variable 'a' set but not used [-Wunused-but-set-variable]
   volatile int i, a;
                   ^
../../include/hardware_include.c: In function 'lcd_write_to_screen':
../../include/hardware_include.c:170:2: warning: implicit declaration of function 'strcpy' [-Wimplicit-function-declaration]
  strcpy(LCDdata, line_1);
  ^
../../include/hardware_include.c: In function 'keypad_setup':
../../include/hardware_include.c:211:12: warning: passing argument 1 of 'in32s' discards 'volatile' qualifier from pointer target type [-Wdiscarded-qualifiers]
      in32s(&val, 1, control_module + P9_12_pinConfig );
            ^
In file included from D:/qnx700_QNX_SDK/target/qnx7/usr/include/hw/inout.h:37:0,
                 from ../../include/hardware_include.h:6,
                 from ../../include/hardware_include.c:1:
D:/qnx700_QNX_SDK/target/qnx7/usr/include/x86_64/inout.h:132:54: note: expected 'void *' but argument is of type 'volatile uint32_t * {aka volatile unsigned int *}'
 static __inline__ void * __attribute__((__unused__)) in32s(void *__addr, unsigned __count, _Uint16t __port) {
                                                      ^
../../include/hardware_include.c:226:12: warning: passing argument 1 of 'in32s' discards 'volatile' qualifier from pointer target type [-Wdiscarded-qualifiers]
      in32s(&val, 1, control_module + P9_12_pinConfig);   // Read it back
            ^
In file included from D:/qnx700_QNX_SDK/target/qnx7/usr/include/hw/inout.h:37:0,
                 from ../../include/hardware_include.h:6,
                 from ../../include/hardware_include.c:1:
D:/qnx700_QNX_SDK/target/qnx7/usr/include/x86_64/inout.h:132:54: note: expected 'void *' but argument is of type 'volatile uint32_t * {aka volatile unsigned int *}'
 static __inline__ void * __attribute__((__unused__)) in32s(void *__addr, unsigned __count, _Uint16t __port) {
                                                      ^
../../include/hardware_include.c:237:6: warning: implicit declaration of function 'memset' [-Wimplicit-function-declaration]
      memset(&event, 0, sizeof(event));
      ^
src/central_controller_node.c: In function 'check_node_connection':
src/central_controller_node.c:194:10: warning: unused variable 'timer' [-Wunused-variable]
  timer_t timer;
          ^
src/central_controller_node.c:193:21: warning: unused variable 'controller_data' [-Wunused-variable]
  controller_data_t* controller_data = (controller_data_t*) arg;
                     ^
src/central_controller_node.c: In function 'hardware_input_thread':
src/central_controller_node.c:206:21: warning: unused variable 'controller_data' [-Wunused-variable]
  controller_data_t* controller_data = (controller_data_t*) arg;
                     ^
qcc -Vgcc_ntox86_64 -o build/x86_64-debug/central_controller_node   build/x86_64-debug/src/central_controller_node.o build/x86_64-debug/../../include/global_include.o build/x86_64-debug/../../include/hardware_include.o  
18:41:58 **** Incremental Build of configuration x86_64-debug for project central_controller_node ****
make -j4 all 
qcc -Vgcc_ntox86_64 -c -Wp,-MMD,build/x86_64-debug/../../include/global_include.d,-MT,build/x86_64-debug/../../include/global_include.o -o build/x86_64-debug/../../include/global_include.o -I ../../include -Wall -fmessage-length=0 -g -O0 -fno-builtin  ../../include/global_include.c
qcc -Vgcc_ntox86_64 -c -Wp,-MMD,build/x86_64-debug/src/central_controller_node.d,-MT,build/x86_64-debug/src/central_controller_node.o -o build/x86_64-debug/src/central_controller_node.o -I ../../include -Wall -fmessage-length=0 -g -O0 -fno-builtin  src/central_controller_node.c
src/central_controller_node.c: In function 'check_node_connection':
src/central_controller_node.c:195:10: warning: unused variable 'timer' [-Wunused-variable]
  timer_t timer;
          ^
src/central_controller_node.c:194:21: warning: unused variable 'controller_data' [-Wunused-variable]
  controller_data_t* controller_data = (controller_data_t*) arg;
                     ^
qcc -Vgcc_ntox86_64 -o build/x86_64-debug/central_controller_node   build/x86_64-debug/src/central_controller_node.o build/x86_64-debug/../../include/global_include.o build/x86_64-debug/../../include/hardware_include.o  
18:43:14 **** Incremental Build of configuration armv7le-debug for project central_controller_node ****
make -j4 all 
qcc -Vgcc_ntoarmv7le -c -Wp,-MMD,build/armv7le-debug/src/central_controller_node.d,-MT,build/armv7le-debug/src/central_controller_node.o -o build/armv7le-debug/src/central_controller_node.o -I ../../include -Wall -fmessage-length=0 -g -O0 -fno-builtin  src/central_controller_node.c
src/central_controller_node.c: In function 'check_node_connection':
src/central_controller_node.c:195:10: warning: unused variable 'timer' [-Wunused-variable]
  timer_t timer;
          ^
src/central_controller_node.c:194:21: warning: unused variable 'controller_data' [-Wunused-variable]
  controller_data_t* controller_data = (controller_data_t*) arg;
                     ^
qcc -Vgcc_ntoarmv7le -o build/armv7le-debug/central_controller_node   build/armv7le-debug/src/central_controller_node.o build/armv7le-debug/../../include/global_include.o build/armv7le-debug/../../include/hardware_include.o  
build/armv7le-debug/../../include/global_include.o: file not recognized: File format not recognized
cc: D:/qnx700_QNX_SDK/host/win64/x86_64/usr/bin/arm-unknown-nto-qnx7.0.0eabi-ld caught signal 1
Makefile:62: recipe for target 'build/armv7le-debug/central_controller_node' failed
make: *** [build/armv7le-debug/central_controller_node] Error 1
18:43:25 **** Clean-only build of configuration armv7le-debug for project central_controller_node ****
make -j4 clean 
rm -fr build/armv7le-debug
18:45:58 **** Build of configuration armv7le-debug for project central_controller_node ****
make -j4 all 
qcc -Vgcc_ntoarmv7le -c -Wp,-MMD,build/armv7le-debug/src/central_controller_node.d,-MT,build/armv7le-debug/src/central_controller_node.o -o build/armv7le-debug/src/central_controller_node.o -I ../../include -Wall -fmessage-length=0 -g -O0 -fno-builtin  src/central_controller_node.c
qcc -Vgcc_ntoarmv7le -c -Wp,-MMD,build/armv7le-debug/../../include/hardware_include.d,-MT,build/armv7le-debug/../../include/hardware_include.o -o build/armv7le-debug/../../include/hardware_include.o -I ../../include -Wall -fmessage-length=0 -g -O0 -fno-builtin  ../../include/hardware_include.c
qcc -Vgcc_ntoarmv7le -c -Wp,-MMD,build/armv7le-debug/../../include/global_include.d,-MT,build/armv7le-debug/../../include/global_include.o -o build/armv7le-debug/../../include/global_include.o -I ../../include -Wall -fmessage-length=0 -g -O0 -fno-builtin  ../../include/global_include.c
src/central_controller_node.c: In function 'check_node_connection':
src/central_controller_node.c:195:10: warning: unused variable 'timer' [-Wunused-variable]
  timer_t timer;
          ^
src/central_controller_node.c:194:21: warning: unused variable 'controller_data' [-Wunused-variable]
  controller_data_t* controller_data = (controller_data_t*) arg;
                     ^
../../include/hardware_include.c: In function 'delaySCL':
../../include/hardware_include.c:19:19: warning: variable 'a' set but not used [-Wunused-but-set-variable]
   volatile int i, a;
                   ^
../../include/hardware_include.c: In function 'lcd_write_to_screen':
../../include/hardware_include.c:170:2: warning: implicit declaration of function 'strcpy' [-Wimplicit-function-declaration]
  strcpy(LCDdata, line_1);
  ^
../../include/hardware_include.c: In function 'keypad_setup':
../../include/hardware_include.c:211:12: warning: passing argument 1 of 'in32s' discards 'volatile' qualifier from pointer target type [-Wdiscarded-qualifiers]
      in32s(&val, 1, control_module + P9_12_pinConfig );
            ^
In file included from D:/qnx700_QNX_SDK/target/qnx7/usr/include/hw/inout.h:37:0,
                 from ../../include/hardware_include.h:6,
                 from ../../include/hardware_include.c:1:
D:/qnx700_QNX_SDK/target/qnx7/usr/include/arm/inout.h:106:1: note: expected 'void *' but argument is of type 'volatile uint32_t * {aka volatile unsigned int *}'
 in32s(void *__buff, unsigned __len, _Uintptrt __addr)
 ^
../../include/hardware_include.c:226:12: warning: passing argument 1 of 'in32s' discards 'volatile' qualifier from pointer target type [-Wdiscarded-qualifiers]
      in32s(&val, 1, control_module + P9_12_pinConfig);   // Read it back
            ^
In file included from D:/qnx700_QNX_SDK/target/qnx7/usr/include/hw/inout.h:37:0,
                 from ../../include/hardware_include.h:6,
                 from ../../include/hardware_include.c:1:
D:/qnx700_QNX_SDK/target/qnx7/usr/include/arm/inout.h:106:1: note: expected 'void *' but argument is of type 'volatile uint32_t * {aka volatile unsigned int *}'
 in32s(void *__buff, unsigned __len, _Uintptrt __addr)
 ^
../../include/hardware_include.c:237:6: warning: implicit declaration of function 'memset' [-Wimplicit-function-declaration]
      memset(&event, 0, sizeof(event));
      ^
qcc -Vgcc_ntoarmv7le -o build/armv7le-debug/central_controller_node   build/armv7le-debug/src/central_controller_node.o build/armv7le-debug/../../include/global_include.o build/armv7le-debug/../../include/hardware_include.o  
18:46:23 **** Incremental Build of configuration armv7le-debug for project central_controller_node ****
make -j4 all 
qcc -Vgcc_ntoarmv7le -c -Wp,-MMD,build/armv7le-debug/src/central_controller_node.d,-MT,build/armv7le-debug/src/central_controller_node.o -o build/armv7le-debug/src/central_controller_node.o -I ../../include -Wall -fmessage-length=0 -g -O0 -fno-builtin  src/central_controller_node.c
qcc -Vgcc_ntoarmv7le -o build/armv7le-debug/central_controller_node   build/armv7le-debug/src/central_controller_node.o build/armv7le-debug/../../include/global_include.o build/armv7le-debug/../../include/hardware_include.o  
18:46:26 **** Incremental Build of configuration armv7le-debug for project central_controller_node ****
make -j4 all 
make: Nothing to be done for 'all'.
18:48:07 **** Incremental Build of configuration armv7le-debug for project central_controller_node ****
make -j4 all 
make: Nothing to be done for 'all'.
18:49:05 **** Incremental Build of configuration armv7le-debug for project central_controller_node ****
make -j4 all 
qcc -Vgcc_ntoarmv7le -c -Wp,-MMD,build/armv7le-debug/src/central_controller_node.d,-MT,build/armv7le-debug/src/central_controller_node.o -o build/armv7le-debug/src/central_controller_node.o -I ../../include -Wall -fmessage-length=0 -g -O0 -fno-builtin  src/central_controller_node.c
qcc -Vgcc_ntoarmv7le -o build/armv7le-debug/central_controller_node   build/armv7le-debug/src/central_controller_node.o build/armv7le-debug/../../include/global_include.o build/armv7le-debug/../../include/hardware_include.o  
18:49:08 **** Incremental Build of configuration armv7le-debug for project central_controller_node ****
make -j4 all 
make: Nothing to be done for 'all'.
18:49:38 **** Incremental Build of configuration armv7le-debug for project central_controller_node ****
make -j4 all 
make: Nothing to be done for 'all'.
18:50:30 **** Incremental Build of configuration armv7le-debug for project central_controller_node ****
make -j4 all 
make: Nothing to be done for 'all'.
19:14:30 **** Incremental Build of configuration armv7le-debug for project central_controller_node ****
make -j4 all 
qcc -Vgcc_ntoarmv7le -c -Wp,-MMD,build/armv7le-debug/src/central_controller_node.d,-MT,build/armv7le-debug/src/central_controller_node.o -o build/armv7le-debug/src/central_controller_node.o -I ../../include -Wall -fmessage-length=0 -g -O0 -fno-builtin  src/central_controller_node.c
qcc -Vgcc_ntoarmv7le -o build/armv7le-debug/central_controller_node   build/armv7le-debug/src/central_controller_node.o build/armv7le-debug/../../include/global_include.o build/armv7le-debug/../../include/hardware_include.o  
19:14:35 **** Incremental Build of configuration armv7le-debug for project central_controller_node ****
make -j4 all 
make: Nothing to be done for 'all'.
19:18:00 **** Incremental Build of configuration armv7le-debug for project central_controller_node ****
make -j4 all 
make: Nothing to be done for 'all'.
19:19:03 **** Build of configuration armv7le-debug for project tmp ****
make -j4 all 
qcc -Vgcc_ntoarmv7le -c -Wp,-MMD,build/armv7le-debug/src/tmp.d,-MT,build/armv7le-debug/src/tmp.o -o build/armv7le-debug/src/tmp.o  -Wall -fmessage-length=0 -g -O0 -fno-builtin  src/tmp.c
qcc -Vgcc_ntoarmv7le -o build/armv7le-debug/tmp   build/armv7le-debug/src/tmp.o  
19:23:57 **** Incremental Build of configuration armv7le-debug for project tmp ****
make -j4 all 
qcc -Vgcc_ntoarmv7le -c -Wp,-MMD,build/armv7le-debug/src/tmp.d,-MT,build/armv7le-debug/src/tmp.o -o build/armv7le-debug/src/tmp.o  -Wall -fmessage-length=0 -g -O0 -fno-builtin  src/tmp.c
src/tmp.c:3:30: fatal error: hardware_include.h: No such file or directory
compilation terminated.
cc: D:/qnx700_QNX_SDK/host/win64/x86_64/usr/lib/gcc/arm-unknown-nto-qnx7.0.0eabi/5.4.0/cc1 caught signal 1
make: *** [build/armv7le-debug/src/tmp.o] Error 1
Makefile:55: recipe for target 'build/armv7le-debug/src/tmp.o' failed
19:24:27 **** Incremental Build of configuration armv7le-debug for project tmp ****
make -j4 all 
qcc -Vgcc_ntoarmv7le -c -Wp,-MMD,build/armv7le-debug/src/tmp.d,-MT,build/armv7le-debug/src/tmp.o -o build/armv7le-debug/src/tmp.o -I ../../include -Wall -fmessage-length=0 -g -O0 -fno-builtin  src/tmp.c
qcc -Vgcc_ntoarmv7le -c -Wp,-MMD,build/armv7le-debug/../../include/global_include.d,-MT,build/armv7le-debug/../../include/global_include.o -o build/armv7le-debug/../../include/global_include.o -I ../../include -Wall -fmessage-length=0 -g -O0 -fno-builtin  ../../include/global_include.c
qcc -Vgcc_ntoarmv7le -c -Wp,-MMD,build/armv7le-debug/../../include/hardware_include.d,-MT,build/armv7le-debug/../../include/hardware_include.o -o build/armv7le-debug/../../include/hardware_include.o -I ../../include -Wall -fmessage-length=0 -g -O0 -fno-builtin  ../../include/hardware_include.c
../../include/hardware_include.c: In function 'delaySCL':
../../include/hardware_include.c:19:19: warning: variable 'a' set but not used [-Wunused-but-set-variable]
   volatile int i, a;
                   ^
../../include/hardware_include.c: In function 'lcd_write_to_screen':
../../include/hardware_include.c:170:2: warning: implicit declaration of function 'strcpy' [-Wimplicit-function-declaration]
  strcpy(LCDdata, line_1);
  ^
../../include/hardware_include.c: In function 'keypad_setup':
../../include/hardware_include.c:211:12: warning: passing argument 1 of 'in32s' discards 'volatile' qualifier from pointer target type [-Wdiscarded-qualifiers]
      in32s(&val, 1, control_module + P9_12_pinConfig );
            ^
In file included from D:/qnx700_QNX_SDK/target/qnx7/usr/include/hw/inout.h:37:0,
                 from ../../include/hardware_include.h:6,
                 from ../../include/hardware_include.c:1:
D:/qnx700_QNX_SDK/target/qnx7/usr/include/arm/inout.h:106:1: note: expected 'void *' but argument is of type 'volatile uint32_t * {aka volatile unsigned int *}'
 in32s(void *__buff, unsigned __len, _Uintptrt __addr)
 ^
../../include/hardware_include.c:226:12: warning: passing argument 1 of 'in32s' discards 'volatile' qualifier from pointer target type [-Wdiscarded-qualifiers]
      in32s(&val, 1, control_module + P9_12_pinConfig);   // Read it back
            ^
In file included from D:/qnx700_QNX_SDK/target/qnx7/usr/include/hw/inout.h:37:0,
                 from ../../include/hardware_include.h:6,
                 from ../../include/hardware_include.c:1:
D:/qnx700_QNX_SDK/target/qnx7/usr/include/arm/inout.h:106:1: note: expected 'void *' but argument is of type 'volatile uint32_t * {aka volatile unsigned int *}'
 in32s(void *__buff, unsigned __len, _Uintptrt __addr)
 ^
../../include/hardware_include.c:237:6: warning: implicit declaration of function 'memset' [-Wimplicit-function-declaration]
      memset(&event, 0, sizeof(event));
      ^
qcc -Vgcc_ntoarmv7le -o build/armv7le-debug/tmp   build/armv7le-debug/src/tmp.o build/armv7le-debug/../../include/global_include.o build/armv7le-debug/../../include/hardware_include.o  
19:24:31 **** Incremental Build of configuration armv7le-debug for project tmp ****
make -j4 all 
make: Nothing to be done for 'all'.
19:25:11 **** Incremental Build of configuration armv7le-debug for project tmp ****
make -j4 all 
qcc -Vgcc_ntoarmv7le -c -Wp,-MMD,build/armv7le-debug/src/tmp.d,-MT,build/armv7le-debug/src/tmp.o -o build/armv7le-debug/src/tmp.o -I ../../include -Wall -fmessage-length=0 -g -O0 -fno-builtin  src/tmp.c
qcc -Vgcc_ntoarmv7le -o build/armv7le-debug/tmp   build/armv7le-debug/src/tmp.o build/armv7le-debug/../../include/global_include.o build/armv7le-debug/../../include/hardware_include.o  
19:25:38 **** Incremental Build of configuration armv7le-debug for project tmp ****
make -j4 all 
make: Nothing to be done for 'all'.
19:30:35 **** Incremental Build of configuration armv7le-debug for project central_controller_node ****
make -j4 all 
qcc -Vgcc_ntoarmv7le -c -Wp,-MMD,build/armv7le-debug/src/central_controller_node.d,-MT,build/armv7le-debug/src/central_controller_node.o -o build/armv7le-debug/src/central_controller_node.o -I ../../include -Wall -fmessage-length=0 -g -O0 -fno-builtin  src/central_controller_node.c
src/central_controller_node.c: In function 'hardware_input_thread':
src/central_controller_node.c:235:21: warning: variable 'val' set but not used [-Wunused-but-set-variable]
   volatile uint32_t val;
                     ^
src/central_controller_node.c:214:17: warning: variable 'msg_reply' set but not used [-Wunused-but-set-variable]
  message_data_t msg_reply;
                 ^
src/central_controller_node.c:213:17: warning: variable 'msg' set but not used [-Wunused-but-set-variable]
  message_data_t msg;
                 ^
src/central_controller_node.c:211:8: warning: unused variable 'sending_name' [-Wunused-variable]
  char* sending_name[3] = {X1_QNET_ATTACH_POINT, I1_QNET_ATTACH_POINT, I2_QNET_ATTACH_POINT};
        ^
src/central_controller_node.c:209:21: warning: unused variable 'controller_data' [-Wunused-variable]
  controller_data_t* controller_data = (controller_data_t*) arg;
                     ^
qcc -Vgcc_ntoarmv7le -o build/armv7le-debug/central_controller_node   build/armv7le-debug/src/central_controller_node.o build/armv7le-debug/../../include/global_include.o build/armv7le-debug/../../include/hardware_include.o  
19:31:12 **** Incremental Build of configuration armv7le-debug for project central_controller_node ****
make -j4 all 
make: Nothing to be done for 'all'.
19:42:18 **** Incremental Build of configuration armv7le-debug for project central_controller_node ****
make -j4 all 
make: Nothing to be done for 'all'.
19:44:22 **** Incremental Build of configuration armv7le-debug for project central_controller_node ****
make -j4 all 
make: Nothing to be done for 'all'.
19:44:28 **** Incremental Build of configuration armv7le-debug for project tmp ****
make -j4 all 
qcc -Vgcc_ntoarmv7le -c -Wp,-MMD,build/armv7le-debug/src/tmp.d,-MT,build/armv7le-debug/src/tmp.o -o build/armv7le-debug/src/tmp.o -I ../../include -Wall -fmessage-length=0 -g -O0 -fno-builtin  src/tmp.c
src/tmp.c: In function 'main':
src/tmp.c:25:17: warning: unused variable 'th2' [-Wunused-variable]
  pthread_t th1, th2;
                 ^
qcc -Vgcc_ntoarmv7le -o build/armv7le-debug/tmp   build/armv7le-debug/src/tmp.o build/armv7le-debug/../../include/global_include.o build/armv7le-debug/../../include/hardware_include.o  
19:45:44 **** Incremental Build of configuration armv7le-debug for project tmp ****
make -j4 all 
make: Nothing to be done for 'all'.
19:47:39 **** Incremental Build of configuration armv7le-debug for project tmp ****
make -j4 all 
make: Nothing to be done for 'all'.
19:48:04 **** Incremental Build of configuration armv7le-debug for project central_controller_node ****
make -j4 all 
make: Nothing to be done for 'all'.
19:53:50 **** Incremental Build of configuration armv7le-debug for project central_controller_node ****
make -j4 all 
qcc -Vgcc_ntoarmv7le -c -Wp,-MMD,build/armv7le-debug/src/central_controller_node.d,-MT,build/armv7le-debug/src/central_controller_node.o -o build/armv7le-debug/src/central_controller_node.o -I ../../include -Wall -fmessage-length=0 -g -O0 -fno-builtin  src/central_controller_node.c
src/central_controller_node.c: In function 'hardware_input_thread':
src/central_controller_node.c:210:1: warning: control reaches end of non-void function [-Wreturn-type]
 }
 ^
qcc -Vgcc_ntoarmv7le -o build/armv7le-debug/central_controller_node   build/armv7le-debug/src/central_controller_node.o build/armv7le-debug/../../include/global_include.o build/armv7le-debug/../../include/hardware_include.o  
19:54:06 **** Incremental Build of configuration armv7le-debug for project central_controller_node ****
make -j4 all 
qcc -Vgcc_ntoarmv7le -c -Wp,-MMD,build/armv7le-debug/src/central_controller_node.d,-MT,build/armv7le-debug/src/central_controller_node.o -o build/armv7le-debug/src/central_controller_node.o -I ../../include -Wall -fmessage-length=0 -g -O0 -fno-builtin  src/central_controller_node.c
qcc -Vgcc_ntoarmv7le -o build/armv7le-debug/central_controller_node   build/armv7le-debug/src/central_controller_node.o build/armv7le-debug/../../include/global_include.o build/armv7le-debug/../../include/hardware_include.o  
22:21:16 **** Build of configuration armv7le-debug for project central_controller_node ****
make -j4 all 
qcc -Vgcc_ntoarmv7le -c -Wp,-MMD,build/armv7le-debug/../../include/global_include.d,-MT,build/armv7le-debug/../../include/global_include.o -o build/armv7le-debug/../../include/global_include.o -I ../../include -Wall -fmessage-length=0 -g -O0 -fno-builtin  ../../include/global_include.c
qcc -Vgcc_ntoarmv7le -c -Wp,-MMD,build/armv7le-debug/../../include/hardware_include.d,-MT,build/armv7le-debug/../../include/hardware_include.o -o build/armv7le-debug/../../include/hardware_include.o -I ../../include -Wall -fmessage-length=0 -g -O0 -fno-builtin  ../../include/hardware_include.c
qcc -Vgcc_ntoarmv7le -c -Wp,-MMD,build/armv7le-debug/src/central_controller_node.d,-MT,build/armv7le-debug/src/central_controller_node.o -o build/armv7le-debug/src/central_controller_node.o -I ../../include -Wall -fmessage-length=0 -g -O0 -fno-builtin  src/central_controller_node.c
../../include/hardware_include.c: In function 'delaySCL':
../../include/hardware_include.c:19:19: warning: variable 'a' set but not used [-Wunused-but-set-variable]
   volatile int i, a;
                   ^
../../include/hardware_include.c: In function 'lcd_write_to_screen':
../../include/hardware_include.c:170:2: warning: implicit declaration of function 'strcpy' [-Wimplicit-function-declaration]
  strcpy(LCDdata, line_1);
  ^
../../include/hardware_include.c: In function 'keypad_setup':
../../include/hardware_include.c:211:12: warning: passing argument 1 of 'in32s' discards 'volatile' qualifier from pointer target type [-Wdiscarded-qualifiers]
      in32s(&val, 1, control_module + P9_12_pinConfig );
            ^
In file included from D:/qnx700_QNX_SDK/target/qnx7/usr/include/hw/inout.h:37:0,
                 from ../../include/hardware_include.h:6,
                 from ../../include/hardware_include.c:1:
D:/qnx700_QNX_SDK/target/qnx7/usr/include/arm/inout.h:106:1: note: expected 'void *' but argument is of type 'volatile uint32_t * {aka volatile unsigned int *}'
 in32s(void *__buff, unsigned __len, _Uintptrt __addr)
 ^
../../include/hardware_include.c:226:12: warning: passing argument 1 of 'in32s' discards 'volatile' qualifier from pointer target type [-Wdiscarded-qualifiers]
      in32s(&val, 1, control_module + P9_12_pinConfig);   // Read it back
            ^
In file included from D:/qnx700_QNX_SDK/target/qnx7/usr/include/hw/inout.h:37:0,
                 from ../../include/hardware_include.h:6,
                 from ../../include/hardware_include.c:1:
D:/qnx700_QNX_SDK/target/qnx7/usr/include/arm/inout.h:106:1: note: expected 'void *' but argument is of type 'volatile uint32_t * {aka volatile unsigned int *}'
 in32s(void *__buff, unsigned __len, _Uintptrt __addr)
 ^
../../include/hardware_include.c:237:6: warning: implicit declaration of function 'memset' [-Wimplicit-function-declaration]
      memset(&event, 0, sizeof(event));
      ^
src/central_controller_node.c: In function 'main':
src/central_controller_node.c:26:60: warning: unused variable 'hardware_input_th' [-Wunused-variable]
  pthread_t c1_message_thread, output_thread, input_thread, hardware_input_th;
                                                            ^
qcc -Vgcc_ntoarmv7le -o build/armv7le-debug/central_controller_node   build/armv7le-debug/src/central_controller_node.o build/armv7le-debug/../../include/global_include.o build/armv7le-debug/../../include/hardware_include.o  
22:33:29 **** Incremental Build of configuration armv7le-debug for project central_controller_node ****
make -j4 all 
qcc -Vgcc_ntoarmv7le -c -Wp,-MMD,build/armv7le-debug/../../include/global_include.d,-MT,build/armv7le-debug/../../include/global_include.o -o build/armv7le-debug/../../include/global_include.o -I ../../include -Wall -fmessage-length=0 -g -O0 -fno-builtin  ../../include/global_include.c
qcc -Vgcc_ntoarmv7le -c -Wp,-MMD,build/armv7le-debug/src/central_controller_node.d,-MT,build/armv7le-debug/src/central_controller_node.o -o build/armv7le-debug/src/central_controller_node.o -I ../../include -Wall -fmessage-length=0 -g -O0 -fno-builtin  src/central_controller_node.c
src/central_controller_node.c: In function 'main':
src/central_controller_node.c:26:60: warning: unused variable 'hardware_input_th' [-Wunused-variable]
  pthread_t c1_message_thread, output_thread, input_thread, hardware_input_th;
                                                            ^
qcc -Vgcc_ntoarmv7le -o build/armv7le-debug/central_controller_node   build/armv7le-debug/src/central_controller_node.o build/armv7le-debug/../../include/global_include.o build/armv7le-debug/../../include/hardware_include.o  
22:34:07 **** Incremental Build of configuration x86_64-debug for project central_controller_node ****
make -j4 all 
qcc -Vgcc_ntox86_64 -c -Wp,-MMD,build/x86_64-debug/src/central_controller_node.d,-MT,build/x86_64-debug/src/central_controller_node.o -o build/x86_64-debug/src/central_controller_node.o -I ../../include -Wall -fmessage-length=0 -g -O0 -fno-builtin  src/central_controller_node.c
src/central_controller_node.c: In function 'main':
src/central_controller_node.c:26:60: warning: unused variable 'hardware_input_th' [-Wunused-variable]
  pthread_t c1_message_thread, output_thread, input_thread, hardware_input_th;
                                                            ^
qcc -Vgcc_ntox86_64 -o build/x86_64-debug/central_controller_node   build/x86_64-debug/src/central_controller_node.o build/x86_64-debug/../../include/global_include.o build/x86_64-debug/../../include/hardware_include.o  
D:\qnx700_QNX_SDK\host\win64\x86_64\usr\bin\x86_64-pc-nto-qnx7.0.0-ld: build/x86_64-debug/../../include/global_include.o: Relocations in generic ELF (EM: 40)
D:\qnx700_QNX_SDK\host\win64\x86_64\usr\bin\x86_64-pc-nto-qnx7.0.0-ld: build/x86_64-debug/../../include/global_include.o: Relocations in generic ELF (EM: 40)
D:\qnx700_QNX_SDK\host\win64\x86_64\usr\bin\x86_64-pc-nto-qnx7.0.0-ld: build/x86_64-debug/../../include/global_include.o: Relocations in generic ELF (EM: 40)
D:\qnx700_QNX_SDK\host\win64\x86_64\usr\bin\x86_64-pc-nto-qnx7.0.0-ld: build/x86_64-debug/../../include/global_include.o: Relocations in generic ELF (EM: 40)
D:\qnx700_QNX_SDK\host\win64\x86_64\usr\bin\x86_64-pc-nto-qnx7.0.0-ld: build/x86_64-debug/../../include/global_include.o: Relocations in generic ELF (EM: 40)
build/x86_64-debug/../../include/global_include.o: error adding symbols: File in wrong format
cc: D:/qnx700_QNX_SDK/host/win64/x86_64/usr/bin/x86_64-pc-nto-qnx7.0.0-ld caught signal 1
make: *** [build/x86_64-debug/central_controller_node] Error 1
Makefile:62: recipe for target 'build/x86_64-debug/central_controller_node' failed
22:34:23 **** Clean-only build of configuration x86_64-debug for project central_controller_node ****
make -j4 clean 
rm -fr build/x86_64-debug
22:34:23 **** Clean-only build of configuration armv7le-debug for project tmp ****
make -j4 clean 
rm -fr build/armv7le-debug
22:34:25 **** Build of configuration x86_64-debug for project central_controller_node ****
make -j4 all 
qcc -Vgcc_ntox86_64 -c -Wp,-MMD,build/x86_64-debug/src/central_controller_node.d,-MT,build/x86_64-debug/src/central_controller_node.o -o build/x86_64-debug/src/central_controller_node.o -I ../../include -Wall -fmessage-length=0 -g -O0 -fno-builtin  src/central_controller_node.c
qcc -Vgcc_ntox86_64 -c -Wp,-MMD,build/x86_64-debug/../../include/global_include.d,-MT,build/x86_64-debug/../../include/global_include.o -o build/x86_64-debug/../../include/global_include.o -I ../../include -Wall -fmessage-length=0 -g -O0 -fno-builtin  ../../include/global_include.c
qcc -Vgcc_ntox86_64 -c -Wp,-MMD,build/x86_64-debug/../../include/hardware_include.d,-MT,build/x86_64-debug/../../include/hardware_include.o -o build/x86_64-debug/../../include/hardware_include.o -I ../../include -Wall -fmessage-length=0 -g -O0 -fno-builtin  ../../include/hardware_include.c
../../include/hardware_include.c: In function 'delaySCL':
../../include/hardware_include.c:19:19: warning: variable 'a' set but not used [-Wunused-but-set-variable]
   volatile int i, a;
                   ^
../../include/hardware_include.c: In function 'lcd_write_to_screen':
../../include/hardware_include.c:170:2: warning: implicit declaration of function 'strcpy' [-Wimplicit-function-declaration]
  strcpy(LCDdata, line_1);
  ^
src/central_controller_node.c: In function 'main':
src/central_controller_node.c:26:60: warning: unused variable 'hardware_input_th' [-Wunused-variable]
  pthread_t c1_message_thread, output_thread, input_thread, hardware_input_th;
                                                            ^
../../include/hardware_include.c: In function 'keypad_setup':
../../include/hardware_include.c:211:12: warning: passing argument 1 of 'in32s' discards 'volatile' qualifier from pointer target type [-Wdiscarded-qualifiers]
      in32s(&val, 1, control_module + P9_12_pinConfig );
            ^
In file included from D:/qnx700_QNX_SDK/target/qnx7/usr/include/hw/inout.h:37:0,
                 from ../../include/hardware_include.h:6,
                 from ../../include/hardware_include.c:1:
D:/qnx700_QNX_SDK/target/qnx7/usr/include/x86_64/inout.h:132:54: note: expected 'void *' but argument is of type 'volatile uint32_t * {aka volatile unsigned int *}'
 static __inline__ void * __attribute__((__unused__)) in32s(void *__addr, unsigned __count, _Uint16t __port) {
                                                      ^
../../include/hardware_include.c:226:12: warning: passing argument 1 of 'in32s' discards 'volatile' qualifier from pointer target type [-Wdiscarded-qualifiers]
      in32s(&val, 1, control_module + P9_12_pinConfig);   // Read it back
            ^
In file included from D:/qnx700_QNX_SDK/target/qnx7/usr/include/hw/inout.h:37:0,
                 from ../../include/hardware_include.h:6,
                 from ../../include/hardware_include.c:1:
D:/qnx700_QNX_SDK/target/qnx7/usr/include/x86_64/inout.h:132:54: note: expected 'void *' but argument is of type 'volatile uint32_t * {aka volatile unsigned int *}'
 static __inline__ void * __attribute__((__unused__)) in32s(void *__addr, unsigned __count, _Uint16t __port) {
                                                      ^
../../include/hardware_include.c:237:6: warning: implicit declaration of function 'memset' [-Wimplicit-function-declaration]
      memset(&event, 0, sizeof(event));
      ^
qcc -Vgcc_ntox86_64 -o build/x86_64-debug/central_controller_node   build/x86_64-debug/src/central_controller_node.o build/x86_64-debug/../../include/global_include.o build/x86_64-debug/../../include/hardware_include.o  
22:34:34 **** Incremental Build of configuration x86_64-debug for project central_controller_node ****
make -j4 all 
make: Nothing to be done for 'all'.
22:42:19 **** Incremental Build of configuration armv7le-debug for project central_controller_node ****
make -j4 all 
qcc -Vgcc_ntoarmv7le -c -Wp,-MMD,build/armv7le-debug/src/central_controller_node.d,-MT,build/armv7le-debug/src/central_controller_node.o -o build/armv7le-debug/src/central_controller_node.o -I ../../include -Wall -fmessage-length=0 -g -O0 -fno-builtin  src/central_controller_node.c
src/central_controller_node.c: In function 'main':
src/central_controller_node.c:26:60: warning: unused variable 'hardware_input_th' [-Wunused-variable]
  pthread_t c1_message_thread, output_thread, input_thread, hardware_input_th;
                                                            ^
qcc -Vgcc_ntoarmv7le -o build/armv7le-debug/central_controller_node   build/armv7le-debug/src/central_controller_node.o build/armv7le-debug/../../include/global_include.o build/armv7le-debug/../../include/hardware_include.o  
build/armv7le-debug/../../include/global_include.o: file not recognized: File format not recognized
cc: D:/qnx700_QNX_SDK/host/win64/x86_64/usr/bin/arm-unknown-nto-qnx7.0.0eabi-ld caught signal 1
Makefile:62: recipe for target 'build/armv7le-debug/central_controller_node' failed
make: *** [build/armv7le-debug/central_controller_node] Error 1
22:42:28 **** Incremental Build of configuration armv7le-debug for project central_controller_node ****
make -j4 all 
qcc -Vgcc_ntoarmv7le -c -Wp,-MMD,build/armv7le-debug/../../include/global_include.d,-MT,build/armv7le-debug/../../include/global_include.o -o build/armv7le-debug/../../include/global_include.o -I ../../include -Wall -fmessage-length=0 -g -O0 -fno-builtin  ../../include/global_include.c
qcc -Vgcc_ntoarmv7le -c -Wp,-MMD,build/armv7le-debug/../../include/hardware_include.d,-MT,build/armv7le-debug/../../include/hardware_include.o -o build/armv7le-debug/../../include/hardware_include.o -I ../../include -Wall -fmessage-length=0 -g -O0 -fno-builtin  ../../include/hardware_include.c
../../include/hardware_include.c: In function 'delaySCL':
../../include/hardware_include.c:19:19: warning: variable 'a' set but not used [-Wunused-but-set-variable]
   volatile int i, a;
                   ^
../../include/hardware_include.c: In function 'lcd_write_to_screen':
../../include/hardware_include.c:170:2: warning: implicit declaration of function 'strcpy' [-Wimplicit-function-declaration]
  strcpy(LCDdata, line_1);
  ^
../../include/hardware_include.c: In function 'keypad_setup':
../../include/hardware_include.c:211:12: warning: passing argument 1 of 'in32s' discards 'volatile' qualifier from pointer target type [-Wdiscarded-qualifiers]
      in32s(&val, 1, control_module + P9_12_pinConfig );
            ^
In file included from D:/qnx700_QNX_SDK/target/qnx7/usr/include/hw/inout.h:37:0,
                 from ../../include/hardware_include.h:6,
                 from ../../include/hardware_include.c:1:
D:/qnx700_QNX_SDK/target/qnx7/usr/include/arm/inout.h:106:1: note: expected 'void *' but argument is of type 'volatile uint32_t * {aka volatile unsigned int *}'
 in32s(void *__buff, unsigned __len, _Uintptrt __addr)
 ^
../../include/hardware_include.c:226:12: warning: passing argument 1 of 'in32s' discards 'volatile' qualifier from pointer target type [-Wdiscarded-qualifiers]
      in32s(&val, 1, control_module + P9_12_pinConfig);   // Read it back
            ^
In file included from D:/qnx700_QNX_SDK/target/qnx7/usr/include/hw/inout.h:37:0,
                 from ../../include/hardware_include.h:6,
                 from ../../include/hardware_include.c:1:
D:/qnx700_QNX_SDK/target/qnx7/usr/include/arm/inout.h:106:1: note: expected 'void *' but argument is of type 'volatile uint32_t * {aka volatile unsigned int *}'
 in32s(void *__buff, unsigned __len, _Uintptrt __addr)
 ^
../../include/hardware_include.c:237:6: warning: implicit declaration of function 'memset' [-Wimplicit-function-declaration]
      memset(&event, 0, sizeof(event));
      ^
qcc -Vgcc_ntoarmv7le -o build/armv7le-debug/central_controller_node   build/armv7le-debug/src/central_controller_node.o build/armv7le-debug/../../include/global_include.o build/armv7le-debug/../../include/hardware_include.o  
22:48:04 **** Incremental Build of configuration armv7le-debug for project central_controller_node ****
make -j4 all 
qcc -Vgcc_ntoarmv7le -c -Wp,-MMD,build/armv7le-debug/src/central_controller_node.d,-MT,build/armv7le-debug/src/central_controller_node.o -o build/armv7le-debug/src/central_controller_node.o -I ../../include -Wall -fmessage-length=0 -g -O0 -fno-builtin  src/central_controller_node.c
qcc -Vgcc_ntoarmv7le -c -Wp,-MMD,build/armv7le-debug/../../include/global_include.d,-MT,build/armv7le-debug/../../include/global_include.o -o build/armv7le-debug/../../include/global_include.o -I ../../include -Wall -fmessage-length=0 -g -O0 -fno-builtin  ../../include/global_include.c
src/central_controller_node.c: In function 'main':
src/central_controller_node.c:26:60: warning: unused variable 'hardware_input_th' [-Wunused-variable]
  pthread_t c1_message_thread, output_thread, input_thread, hardware_input_th;
                                                            ^
qcc -Vgcc_ntoarmv7le -o build/armv7le-debug/central_controller_node   build/armv7le-debug/src/central_controller_node.o build/armv7le-debug/../../include/global_include.o build/armv7le-debug/../../include/hardware_include.o  
23:00:40 **** Incremental Build of configuration armv7le-debug for project central_controller_node ****
make -j4 all 
qcc -Vgcc_ntoarmv7le -c -Wp,-MMD,build/armv7le-debug/src/central_controller_node.d,-MT,build/armv7le-debug/src/central_controller_node.o -o build/armv7le-debug/src/central_controller_node.o -I ../../include -Wall -fmessage-length=0 -g -O0 -fno-builtin  src/central_controller_node.c
qcc -Vgcc_ntoarmv7le -c -Wp,-MMD,build/armv7le-debug/../../include/global_include.d,-MT,build/armv7le-debug/../../include/global_include.o -o build/armv7le-debug/../../include/global_include.o -I ../../include -Wall -fmessage-length=0 -g -O0 -fno-builtin  ../../include/global_include.c
src/central_controller_node.c: In function 'main':
src/central_controller_node.c:26:60: warning: unused variable 'hardware_input_th' [-Wunused-variable]
  pthread_t c1_message_thread, output_thread, input_thread, hardware_input_th;
                                                            ^
qcc -Vgcc_ntoarmv7le -o build/armv7le-debug/central_controller_node   build/armv7le-debug/src/central_controller_node.o build/armv7le-debug/../../include/global_include.o build/armv7le-debug/../../include/hardware_include.o  
23:01:31 **** Incremental Build of configuration armv7le-debug for project central_controller_node ****
make -j4 all 
make: Nothing to be done for 'all'.
23:03:42 **** Incremental Build of configuration armv7le-debug for project central_controller_node ****
make -j4 all 
make: Nothing to be done for 'all'.
23:04:30 **** Clean-only build of configuration armv7le-debug for project central_controller_node ****
make -j4 clean 
rm -fr build/armv7le-debug
23:04:30 **** Clean-only build of configuration armv7le-debug for project tmp ****
make -j4 clean 
rm -fr build/armv7le-debug
23:05:00 **** Build of configuration armv7le-debug for project central_controller_node ****
make -j4 all 
qcc -Vgcc_ntoarmv7le -c -Wp,-MMD,build/armv7le-debug/src/central_controller_node.d,-MT,build/armv7le-debug/src/central_controller_node.o -o build/armv7le-debug/src/central_controller_node.o -I ../../include -Wall -fmessage-length=0 -g -O0 -fno-builtin  src/central_controller_node.c
qcc -Vgcc_ntoarmv7le -c -Wp,-MMD,build/armv7le-debug/../../include/global_include.d,-MT,build/armv7le-debug/../../include/global_include.o -o build/armv7le-debug/../../include/global_include.o -I ../../include -Wall -fmessage-length=0 -g -O0 -fno-builtin  ../../include/global_include.c
src/central_controller_node.c: In function 'main':
src/central_controller_node.c:26:60: warning: unused variable 'hardware_input_th' [-Wunused-variable]
  pthread_t c1_message_thread, output_thread, input_thread, hardware_input_th;
                                                            ^
qcc -Vgcc_ntoarmv7le -o build/armv7le-debug/central_controller_node   build/armv7le-debug/src/central_controller_node.o build/armv7le-debug/../../include/global_include.o build/armv7le-debug/../../include/hardware_include.o  
23:11:47 **** Incremental Build of configuration armv7le-debug for project central_controller_node ****
make -j4 all 
qcc -Vgcc_ntoarmv7le -c -Wp,-MMD,build/armv7le-debug/src/central_controller_node.d,-MT,build/armv7le-debug/src/central_controller_node.o -o build/armv7le-debug/src/central_controller_node.o -I ../../include -Wall -fmessage-length=0 -g -O0 -fno-builtin  src/central_controller_node.c
qcc -Vgcc_ntoarmv7le -c -Wp,-MMD,build/armv7le-debug/../../include/global_include.d,-MT,build/armv7le-debug/../../include/global_include.o -o build/armv7le-debug/../../include/global_include.o -I ../../include -Wall -fmessage-length=0 -g -O0 -fno-builtin  ../../include/global_include.c
src/central_controller_node.c: In function 'main':
src/central_controller_node.c:26:60: warning: unused variable 'hardware_input_th' [-Wunused-variable]
  pthread_t c1_message_thread, output_thread, input_thread, hardware_input_th;
                                                            ^
qcc -Vgcc_ntoarmv7le -o build/armv7le-debug/central_controller_node   build/armv7le-debug/src/central_controller_node.o build/armv7le-debug/../../include/global_include.o build/armv7le-debug/../../include/hardware_include.o  
23:21:57 **** Incremental Build of configuration armv7le-debug for project central_controller_node ****
make -j4 all 
qcc -Vgcc_ntoarmv7le -c -Wp,-MMD,build/armv7le-debug/src/central_controller_node.d,-MT,build/armv7le-debug/src/central_controller_node.o -o build/armv7le-debug/src/central_controller_node.o -I ../../include -Wall -fmessage-length=0 -g -O0 -fno-builtin  src/central_controller_node.c
src/central_controller_node.c: In function 'hardware_output_thread':
src/central_controller_node.c:386:10: warning: return makes pointer from integer without a cast [-Wint-conversion]
   return EXIT_FAILURE;
          ^
src/central_controller_node.c:409:12: warning: passing argument 1 of 'sprintf' from incompatible pointer type [-Wincompatible-pointer-types]
    sprintf(line1, "I1:%d, I2%d, X1:%d");
            ^
In file included from src/central_controller_node.c:1:0:
D:/qnx700_QNX_SDK/target/qnx7/usr/include/stdio.h:184:12: note: expected 'char *' but argument is of type 'char **'
 extern int sprintf(char *__s, const char *__format, ...);
            ^
src/central_controller_node.c:410:12: warning: passing argument 1 of 'sprintf' from incompatible pointer type [-Wincompatible-pointer-types]
    sprintf(line2, "Peak Status: %d", out_data->peak);
            ^
In file included from src/central_controller_node.c:1:0:
D:/qnx700_QNX_SDK/target/qnx7/usr/include/stdio.h:184:12: note: expected 'char *' but argument is of type 'char **'
 extern int sprintf(char *__s, const char *__format, ...);
            ^
src/central_controller_node.c:411:29: warning: passing argument 2 of 'lcd_write_to_screen' from incompatible pointer type [-Wincompatible-pointer-types]
    lcd_write_to_screen(lcd, line1, line2);
                             ^
In file included from src/central_controller_node.c:8:0:
../../include/hardware_include.h:122:11: note: expected 'char *' but argument is of type 'char **'
 lcd_error lcd_write_to_screen(lcd_data_t data, char* line_1, char* line_2);
           ^
src/central_controller_node.c:411:36: warning: passing argument 3 of 'lcd_write_to_screen' from incompatible pointer type [-Wincompatible-pointer-types]
    lcd_write_to_screen(lcd, line1, line2);
                                    ^
In file included from src/central_controller_node.c:8:0:
../../include/hardware_include.h:122:11: note: expected 'char *' but argument is of type 'char **'
 lcd_error lcd_write_to_screen(lcd_data_t data, char* line_1, char* line_2);
           ^
qcc -Vgcc_ntoarmv7le -o build/armv7le-debug/central_controller_node   build/armv7le-debug/src/central_controller_node.o build/armv7le-debug/../../include/global_include.o build/armv7le-debug/../../include/hardware_include.o  
23:22:57 **** Incremental Build of configuration armv7le-debug for project central_controller_node ****
make -j4 all 
qcc -Vgcc_ntoarmv7le -c -Wp,-MMD,build/armv7le-debug/src/central_controller_node.d,-MT,build/armv7le-debug/src/central_controller_node.o -o build/armv7le-debug/src/central_controller_node.o -I ../../include -Wall -fmessage-length=0 -g -O0 -fno-builtin  src/central_controller_node.c
src/central_controller_node.c: In function 'hardware_output_thread':
src/central_controller_node.c:386:10: warning: return makes pointer from integer without a cast [-Wint-conversion]
   return EXIT_FAILURE;
          ^
src/central_controller_node.c:409:77: error: 'controller_data_t {aka struct <anonymous>}' has no member named 'i2_current_state'
    sprintf(line1, "I1:%d, I2%d, X1:%d", out_data->i1_current_state, out_data->i2_current_state, out_data->x1_current_state);
                                                                             ^
src/central_controller_node.c:414:44: error: 'controller_data_t {aka struct <anonymous>}' has no member named 'i2_current_state'
    printf("I2 Current State_%d\n", out_data->i2_current_state);
                                            ^
cc: D:/qnx700_QNX_SDK/host/win64/x86_64/usr/lib/gcc/arm-unknown-nto-qnx7.0.0eabi/5.4.0/cc1 caught signal 1
Makefile:57: recipe for target 'build/armv7le-debug/src/central_controller_node.o' failed
make: *** [build/armv7le-debug/src/central_controller_node.o] Error 1
23:23:19 **** Incremental Build of configuration armv7le-debug for project central_controller_node ****
make -j4 all 
qcc -Vgcc_ntoarmv7le -c -Wp,-MMD,build/armv7le-debug/src/central_controller_node.d,-MT,build/armv7le-debug/src/central_controller_node.o -o build/armv7le-debug/src/central_controller_node.o -I ../../include -Wall -fmessage-length=0 -g -O0 -fno-builtin  src/central_controller_node.c
src/central_controller_node.c: In function 'hardware_output_thread':
src/central_controller_node.c:386:10: warning: return makes pointer from integer without a cast [-Wint-conversion]
   return EXIT_FAILURE;
          ^
src/central_controller_node.c:409:77: error: 'controller_data_t {aka struct <anonymous>}' has no member named 'i2_current_state'
    sprintf(line1, "I1:%d, I2%d, X1:%d", out_data->i1_current_state, out_data->i2_current_state, out_data->x1_current_state);
                                                                             ^
src/central_controller_node.c:409:12: warning: passing argument 1 of 'sprintf' from incompatible pointer type [-Wincompatible-pointer-types]
    sprintf(line1, "I1:%d, I2%d, X1:%d", out_data->i1_current_state, out_data->i2_current_state, out_data->x1_current_state);
            ^
In file included from src/central_controller_node.c:1:0:
D:/qnx700_QNX_SDK/target/qnx7/usr/include/stdio.h:184:12: note: expected 'char *' but argument is of type 'char **'
 extern int sprintf(char *__s, const char *__format, ...);
            ^
src/central_controller_node.c:410:12: warning: passing argument 1 of 'sprintf' from incompatible pointer type [-Wincompatible-pointer-types]
    sprintf(line2, "Peak Status: %d", out_data->peak);
            ^
In file included from src/central_controller_node.c:1:0:
D:/qnx700_QNX_SDK/target/qnx7/usr/include/stdio.h:184:12: note: expected 'char *' but argument is of type 'char **'
 extern int sprintf(char *__s, const char *__format, ...);
            ^
src/central_controller_node.c:411:29: warning: passing argument 2 of 'lcd_write_to_screen' from incompatible pointer type [-Wincompatible-pointer-types]
    lcd_write_to_screen(lcd, line1, line2);
                             ^
In file included from src/central_controller_node.c:8:0:
../../include/hardware_include.h:122:11: note: expected 'char *' but argument is of type 'char **'
 lcd_error lcd_write_to_screen(lcd_data_t data, char* line_1, char* line_2);
           ^
src/central_controller_node.c:411:36: warning: passing argument 3 of 'lcd_write_to_screen' from incompatible pointer type [-Wincompatible-pointer-types]
    lcd_write_to_screen(lcd, line1, line2);
                                    ^
In file included from src/central_controller_node.c:8:0:
../../include/hardware_include.h:122:11: note: expected 'char *' but argument is of type 'char **'
 lcd_error lcd_write_to_screen(lcd_data_t data, char* line_1, char* line_2);
           ^
src/central_controller_node.c:414:44: error: 'controller_data_t {aka struct <anonymous>}' has no member named 'i2_current_state'
    printf("I2 Current State_%d\n", out_data->i2_current_state);
                                            ^
cc: D:/qnx700_QNX_SDK/host/win64/x86_64/usr/lib/gcc/arm-unknown-nto-qnx7.0.0eabi/5.4.0/cc1 caught signal 1
Makefile:57: recipe for target 'build/armv7le-debug/src/central_controller_node.o' failed
make: *** [build/armv7le-debug/src/central_controller_node.o] Error 1
23:23:48 **** Incremental Build of configuration armv7le-debug for project central_controller_node ****
make -j4 all 
qcc -Vgcc_ntoarmv7le -c -Wp,-MMD,build/armv7le-debug/src/central_controller_node.d,-MT,build/armv7le-debug/src/central_controller_node.o -o build/armv7le-debug/src/central_controller_node.o -I ../../include -Wall -fmessage-length=0 -g -O0 -fno-builtin  src/central_controller_node.c
src/central_controller_node.c: In function 'hardware_output_thread':
src/central_controller_node.c:386:10: warning: return makes pointer from integer without a cast [-Wint-conversion]
   return EXIT_FAILURE;
          ^
src/central_controller_node.c:415:44: error: 'controller_data_t {aka struct <anonymous>}' has no member named 'i2_current_state'
    printf("I2 Current State_%d\n", out_data->i2_current_state);
                                            ^
src/central_controller_node.c:408:10: warning: unused variable 'line2' [-Wunused-variable]
    char* line2[21];
          ^
src/central_controller_node.c:407:10: warning: unused variable 'line1' [-Wunused-variable]
    char* line1[21];
          ^
cc: D:/qnx700_QNX_SDK/host/win64/x86_64/usr/lib/gcc/arm-unknown-nto-qnx7.0.0eabi/5.4.0/cc1 caught signal 1
Makefile:57: recipe for target 'build/armv7le-debug/src/central_controller_node.o' failed
make: *** [build/armv7le-debug/src/central_controller_node.o] Error 1
23:23:53 **** Incremental Build of configuration armv7le-debug for project central_controller_node ****
make -j4 all 
qcc -Vgcc_ntoarmv7le -c -Wp,-MMD,build/armv7le-debug/src/central_controller_node.d,-MT,build/armv7le-debug/src/central_controller_node.o -o build/armv7le-debug/src/central_controller_node.o -I ../../include -Wall -fmessage-length=0 -g -O0 -fno-builtin  src/central_controller_node.c
src/central_controller_node.c: In function 'hardware_output_thread':
src/central_controller_node.c:386:10: warning: return makes pointer from integer without a cast [-Wint-conversion]
   return EXIT_FAILURE;
          ^
src/central_controller_node.c:408:10: warning: unused variable 'line2' [-Wunused-variable]
    char* line2[21];
          ^
src/central_controller_node.c:407:10: warning: unused variable 'line1' [-Wunused-variable]
    char* line1[21];
          ^
qcc -Vgcc_ntoarmv7le -o build/armv7le-debug/central_controller_node   build/armv7le-debug/src/central_controller_node.o build/armv7le-debug/../../include/global_include.o build/armv7le-debug/../../include/hardware_include.o  
23:24:06 **** Incremental Build of configuration armv7le-debug for project central_controller_node ****
make -j4 all 
qcc -Vgcc_ntoarmv7le -c -Wp,-MMD,build/armv7le-debug/src/central_controller_node.d,-MT,build/armv7le-debug/src/central_controller_node.o -o build/armv7le-debug/src/central_controller_node.o -I ../../include -Wall -fmessage-length=0 -g -O0 -fno-builtin  src/central_controller_node.c
src/central_controller_node.c: In function 'hardware_output_thread':
src/central_controller_node.c:386:10: warning: return makes pointer from integer without a cast [-Wint-conversion]
   return EXIT_FAILURE;
          ^
src/central_controller_node.c:408:10: warning: unused variable 'line2' [-Wunused-variable]
    char* line2[21];
          ^
src/central_controller_node.c:407:10: warning: unused variable 'line1' [-Wunused-variable]
    char* line1[21];
          ^
qcc -Vgcc_ntoarmv7le -o build/armv7le-debug/central_controller_node   build/armv7le-debug/src/central_controller_node.o build/armv7le-debug/../../include/global_include.o build/armv7le-debug/../../include/hardware_include.o  
23:24:14 **** Incremental Build of configuration armv7le-debug for project central_controller_node ****
make -j4 all 
qcc -Vgcc_ntoarmv7le -c -Wp,-MMD,build/armv7le-debug/src/central_controller_node.d,-MT,build/armv7le-debug/src/central_controller_node.o -o build/armv7le-debug/src/central_controller_node.o -I ../../include -Wall -fmessage-length=0 -g -O0 -fno-builtin  src/central_controller_node.c
src/central_controller_node.c: In function 'hardware_output_thread':
src/central_controller_node.c:386:10: warning: return makes pointer from integer without a cast [-Wint-conversion]
   return EXIT_FAILURE;
          ^
src/central_controller_node.c:409:12: warning: passing argument 1 of 'sprintf' from incompatible pointer type [-Wincompatible-pointer-types]
    sprintf(line1, "I1:%d, X1:%d", out_data->i1_current_state, out_data->x1_current_state);
            ^
In file included from src/central_controller_node.c:1:0:
D:/qnx700_QNX_SDK/target/qnx7/usr/include/stdio.h:184:12: note: expected 'char *' but argument is of type 'char **'
 extern int sprintf(char *__s, const char *__format, ...);
            ^
src/central_controller_node.c:410:12: warning: passing argument 1 of 'sprintf' from incompatible pointer type [-Wincompatible-pointer-types]
    sprintf(line2, "Peak Status: %d", out_data->peak);
            ^
In file included from src/central_controller_node.c:1:0:
D:/qnx700_QNX_SDK/target/qnx7/usr/include/stdio.h:184:12: note: expected 'char *' but argument is of type 'char **'
 extern int sprintf(char *__s, const char *__format, ...);
            ^
src/central_controller_node.c:411:29: warning: passing argument 2 of 'lcd_write_to_screen' from incompatible pointer type [-Wincompatible-pointer-types]
    lcd_write_to_screen(lcd, line1, line2);
                             ^
In file included from src/central_controller_node.c:8:0:
../../include/hardware_include.h:122:11: note: expected 'char *' but argument is of type 'char **'
 lcd_error lcd_write_to_screen(lcd_data_t data, char* line_1, char* line_2);
           ^
src/central_controller_node.c:411:36: warning: passing argument 3 of 'lcd_write_to_screen' from incompatible pointer type [-Wincompatible-pointer-types]
    lcd_write_to_screen(lcd, line1, line2);
                                    ^
In file included from src/central_controller_node.c:8:0:
../../include/hardware_include.h:122:11: note: expected 'char *' but argument is of type 'char **'
 lcd_error lcd_write_to_screen(lcd_data_t data, char* line_1, char* line_2);
           ^
qcc -Vgcc_ntoarmv7le -o build/armv7le-debug/central_controller_node   build/armv7le-debug/src/central_controller_node.o build/armv7le-debug/../../include/global_include.o build/armv7le-debug/../../include/hardware_include.o  
23:24:53 **** Incremental Build of configuration armv7le-debug for project central_controller_node ****
make -j4 all 
qcc -Vgcc_ntoarmv7le -c -Wp,-MMD,build/armv7le-debug/src/central_controller_node.d,-MT,build/armv7le-debug/src/central_controller_node.o -o build/armv7le-debug/src/central_controller_node.o -I ../../include -Wall -fmessage-length=0 -g -O0 -fno-builtin  src/central_controller_node.c
src/central_controller_node.c: In function 'hardware_output_thread':
src/central_controller_node.c:386:10: warning: return makes pointer from integer without a cast [-Wint-conversion]
   return EXIT_FAILURE;
          ^
src/central_controller_node.c:409:12: warning: passing argument 1 of 'sprintf' from incompatible pointer type [-Wincompatible-pointer-types]
    sprintf(line1, "I1:%d, X1:%d ", out_data->i1_current_state, out_data->x1_current_state);
            ^
In file included from src/central_controller_node.c:1:0:
D:/qnx700_QNX_SDK/target/qnx7/usr/include/stdio.h:184:12: note: expected 'char *' but argument is of type 'char **'
 extern int sprintf(char *__s, const char *__format, ...);
            ^
src/central_controller_node.c:410:12: warning: passing argument 1 of 'sprintf' from incompatible pointer type [-Wincompatible-pointer-types]
    sprintf(line2, "Peak Status: %d  ", out_data->peak);
            ^
In file included from src/central_controller_node.c:1:0:
D:/qnx700_QNX_SDK/target/qnx7/usr/include/stdio.h:184:12: note: expected 'char *' but argument is of type 'char **'
 extern int sprintf(char *__s, const char *__format, ...);
            ^
src/central_controller_node.c:411:29: warning: passing argument 2 of 'lcd_write_to_screen' from incompatible pointer type [-Wincompatible-pointer-types]
    lcd_write_to_screen(lcd, line1, line2);
                             ^
In file included from src/central_controller_node.c:8:0:
../../include/hardware_include.h:122:11: note: expected 'char *' but argument is of type 'char **'
 lcd_error lcd_write_to_screen(lcd_data_t data, char* line_1, char* line_2);
           ^
src/central_controller_node.c:411:36: warning: passing argument 3 of 'lcd_write_to_screen' from incompatible pointer type [-Wincompatible-pointer-types]
    lcd_write_to_screen(lcd, line1, line2);
                                    ^
In file included from src/central_controller_node.c:8:0:
../../include/hardware_include.h:122:11: note: expected 'char *' but argument is of type 'char **'
 lcd_error lcd_write_to_screen(lcd_data_t data, char* line_1, char* line_2);
           ^
qcc -Vgcc_ntoarmv7le -o build/armv7le-debug/central_controller_node   build/armv7le-debug/src/central_controller_node.o build/armv7le-debug/../../include/global_include.o build/armv7le-debug/../../include/hardware_include.o  
23:24:56 **** Incremental Build of configuration armv7le-debug for project central_controller_node ****
make -j4 all 
make: Nothing to be done for 'all'.
23:27:51 **** Incremental Build of configuration armv7le-debug for project central_controller_node ****
make -j4 all 
qcc -Vgcc_ntoarmv7le -c -Wp,-MMD,build/armv7le-debug/src/central_controller_node.d,-MT,build/armv7le-debug/src/central_controller_node.o -o build/armv7le-debug/src/central_controller_node.o -I ../../include -Wall -fmessage-length=0 -g -O0 -fno-builtin  src/central_controller_node.c
src/central_controller_node.c: In function 'hardware_output_thread':
src/central_controller_node.c:389:10: warning: return makes pointer from integer without a cast [-Wint-conversion]
   return EXIT_FAILURE;
          ^
src/central_controller_node.c:414:12: warning: passing argument 1 of 'sprintf' from incompatible pointer type [-Wincompatible-pointer-types]
    sprintf(line1, "I1:%d, X1:%d ", out_data->i1_current_state, out_data->x1_current_state);
            ^
In file included from src/central_controller_node.c:1:0:
D:/qnx700_QNX_SDK/target/qnx7/usr/include/stdio.h:184:12: note: expected 'char *' but argument is of type 'char **'
 extern int sprintf(char *__s, const char *__format, ...);
            ^
src/central_controller_node.c:415:12: warning: passing argument 1 of 'sprintf' from incompatible pointer type [-Wincompatible-pointer-types]
    sprintf(line2, "Peak Status: %d  ", out_data->peak);
            ^
In file included from src/central_controller_node.c:1:0:
D:/qnx700_QNX_SDK/target/qnx7/usr/include/stdio.h:184:12: note: expected 'char *' but argument is of type 'char **'
 extern int sprintf(char *__s, const char *__format, ...);
            ^
src/central_controller_node.c:416:29: warning: passing argument 2 of 'lcd_write_to_screen' from incompatible pointer type [-Wincompatible-pointer-types]
    lcd_write_to_screen(lcd, line1, line2);
                             ^
In file included from src/central_controller_node.c:8:0:
../../include/hardware_include.h:122:11: note: expected 'char *' but argument is of type 'char **'
 lcd_error lcd_write_to_screen(lcd_data_t data, char* line_1, char* line_2);
           ^
src/central_controller_node.c:416:36: warning: passing argument 3 of 'lcd_write_to_screen' from incompatible pointer type [-Wincompatible-pointer-types]
    lcd_write_to_screen(lcd, line1, line2);
                                    ^
In file included from src/central_controller_node.c:8:0:
../../include/hardware_include.h:122:11: note: expected 'char *' but argument is of type 'char **'
 lcd_error lcd_write_to_screen(lcd_data_t data, char* line_1, char* line_2);
           ^
qcc -Vgcc_ntoarmv7le -o build/armv7le-debug/central_controller_node   build/armv7le-debug/src/central_controller_node.o build/armv7le-debug/../../include/global_include.o build/armv7le-debug/../../include/hardware_include.o  
23:27:53 **** Incremental Build of configuration armv7le-debug for project central_controller_node ****
make -j4 all 
make: Nothing to be done for 'all'.
23:28:49 **** Incremental Build of configuration armv7le-debug for project central_controller_node ****
make -j4 all 
qcc -Vgcc_ntoarmv7le -c -Wp,-MMD,build/armv7le-debug/src/central_controller_node.d,-MT,build/armv7le-debug/src/central_controller_node.o -o build/armv7le-debug/src/central_controller_node.o -I ../../include -Wall -fmessage-length=0 -g -O0 -fno-builtin  src/central_controller_node.c
src/central_controller_node.c: In function 'hardware_output_thread':
src/central_controller_node.c:409:10: warning: return makes pointer from integer without a cast [-Wint-conversion]
   return EXIT_FAILURE;
          ^
src/central_controller_node.c:434:12: warning: passing argument 1 of 'sprintf' from incompatible pointer type [-Wincompatible-pointer-types]
    sprintf(line1, "I1:%d, X1:%d ", out_data->i1_current_state, out_data->x1_current_state);
            ^
In file included from src/central_controller_node.c:1:0:
D:/qnx700_QNX_SDK/target/qnx7/usr/include/stdio.h:184:12: note: expected 'char *' but argument is of type 'char **'
 extern int sprintf(char *__s, const char *__format, ...);
            ^
src/central_controller_node.c:435:12: warning: passing argument 1 of 'sprintf' from incompatible pointer type [-Wincompatible-pointer-types]
    sprintf(line2, "Peak Status: %d  ", out_data->peak);
            ^
In file included from src/central_controller_node.c:1:0:
D:/qnx700_QNX_SDK/target/qnx7/usr/include/stdio.h:184:12: note: expected 'char *' but argument is of type 'char **'
 extern int sprintf(char *__s, const char *__format, ...);
            ^
src/central_controller_node.c:436:29: warning: passing argument 2 of 'lcd_write_to_screen' from incompatible pointer type [-Wincompatible-pointer-types]
    lcd_write_to_screen(lcd, line1, line2);
                             ^
In file included from src/central_controller_node.c:8:0:
../../include/hardware_include.h:122:11: note: expected 'char *' but argument is of type 'char **'
 lcd_error lcd_write_to_screen(lcd_data_t data, char* line_1, char* line_2);
           ^
src/central_controller_node.c:436:36: warning: passing argument 3 of 'lcd_write_to_screen' from incompatible pointer type [-Wincompatible-pointer-types]
    lcd_write_to_screen(lcd, line1, line2);
                                    ^
In file included from src/central_controller_node.c:8:0:
../../include/hardware_include.h:122:11: note: expected 'char *' but argument is of type 'char **'
 lcd_error lcd_write_to_screen(lcd_data_t data, char* line_1, char* line_2);
           ^
qcc -Vgcc_ntoarmv7le -o build/armv7le-debug/central_controller_node   build/armv7le-debug/src/central_controller_node.o build/armv7le-debug/../../include/global_include.o build/armv7le-debug/../../include/hardware_include.o  
23:34:04 **** Incremental Build of configuration armv7le-debug for project central_controller_node ****
make -j4 all 
qcc -Vgcc_ntoarmv7le -c -Wp,-MMD,build/armv7le-debug/src/central_controller_node.d,-MT,build/armv7le-debug/src/central_controller_node.o -o build/armv7le-debug/src/central_controller_node.o -I ../../include -Wall -fmessage-length=0 -g -O0 -fno-builtin  src/central_controller_node.c
src/central_controller_node.c: In function 'hardware_output_thread':
src/central_controller_node.c:545:10: warning: return makes pointer from integer without a cast [-Wint-conversion]
   return EXIT_FAILURE;
          ^
src/central_controller_node.c:570:12: warning: passing argument 1 of 'sprintf' from incompatible pointer type [-Wincompatible-pointer-types]
    sprintf(line1, "I1:%d, X1:%d ", out_data->i1_current_state, out_data->x1_current_state);
            ^
In file included from src/central_controller_node.c:1:0:
D:/qnx700_QNX_SDK/target/qnx7/usr/include/stdio.h:184:12: note: expected 'char *' but argument is of type 'char **'
 extern int sprintf(char *__s, const char *__format, ...);
            ^
src/central_controller_node.c:571:12: warning: passing argument 1 of 'sprintf' from incompatible pointer type [-Wincompatible-pointer-types]
    sprintf(line2, "Peak Status: %d  ", out_data->peak);
            ^
In file included from src/central_controller_node.c:1:0:
D:/qnx700_QNX_SDK/target/qnx7/usr/include/stdio.h:184:12: note: expected 'char *' but argument is of type 'char **'
 extern int sprintf(char *__s, const char *__format, ...);
            ^
src/central_controller_node.c:572:29: warning: passing argument 2 of 'lcd_write_to_screen' from incompatible pointer type [-Wincompatible-pointer-types]
    lcd_write_to_screen(lcd, line1, line2);
                             ^
In file included from src/central_controller_node.c:8:0:
../../include/hardware_include.h:122:11: note: expected 'char *' but argument is of type 'char **'
 lcd_error lcd_write_to_screen(lcd_data_t data, char* line_1, char* line_2);
           ^
src/central_controller_node.c:572:36: warning: passing argument 3 of 'lcd_write_to_screen' from incompatible pointer type [-Wincompatible-pointer-types]
    lcd_write_to_screen(lcd, line1, line2);
                                    ^
In file included from src/central_controller_node.c:8:0:
../../include/hardware_include.h:122:11: note: expected 'char *' but argument is of type 'char **'
 lcd_error lcd_write_to_screen(lcd_data_t data, char* line_1, char* line_2);
           ^
qcc -Vgcc_ntoarmv7le -o build/armv7le-debug/central_controller_node   build/armv7le-debug/src/central_controller_node.o build/armv7le-debug/../../include/global_include.o build/armv7le-debug/../../include/hardware_include.o  
23:37:40 **** Incremental Build of configuration armv7le-debug for project central_controller_node ****
make -j4 all 
make: Nothing to be done for 'all'.
23:38:34 **** Incremental Build of configuration armv7le-debug for project central_controller_node ****
make -j4 all 
make: Nothing to be done for 'all'.
23:46:58 **** Incremental Build of configuration armv7le-debug for project central_controller_node ****
make -j4 all 
qcc -Vgcc_ntoarmv7le -c -Wp,-MMD,build/armv7le-debug/src/central_controller_node.d,-MT,build/armv7le-debug/src/central_controller_node.o -o build/armv7le-debug/src/central_controller_node.o -I ../../include -Wall -fmessage-length=0 -g -O0 -fno-builtin  src/central_controller_node.c
src/central_controller_node.c: In function 'hardware_output_thread':
src/central_controller_node.c:547:10: warning: return makes pointer from integer without a cast [-Wint-conversion]
   return EXIT_FAILURE;
          ^
src/central_controller_node.c:572:12: warning: passing argument 1 of 'sprintf' from incompatible pointer type [-Wincompatible-pointer-types]
    sprintf(line1, "I1:%d, X1:%d ", out_data->i1_current_state, out_data->x1_current_state);
            ^
In file included from src/central_controller_node.c:1:0:
D:/qnx700_QNX_SDK/target/qnx7/usr/include/stdio.h:184:12: note: expected 'char *' but argument is of type 'char **'
 extern int sprintf(char *__s, const char *__format, ...);
            ^
src/central_controller_node.c:573:12: warning: passing argument 1 of 'sprintf' from incompatible pointer type [-Wincompatible-pointer-types]
    sprintf(line2, "Peak Status: %d  ", out_data->peak);
            ^
In file included from src/central_controller_node.c:1:0:
D:/qnx700_QNX_SDK/target/qnx7/usr/include/stdio.h:184:12: note: expected 'char *' but argument is of type 'char **'
 extern int sprintf(char *__s, const char *__format, ...);
            ^
src/central_controller_node.c:574:29: warning: passing argument 2 of 'lcd_write_to_screen' from incompatible pointer type [-Wincompatible-pointer-types]
    lcd_write_to_screen(lcd, line1, line2);
                             ^
In file included from src/central_controller_node.c:8:0:
../../include/hardware_include.h:122:11: note: expected 'char *' but argument is of type 'char **'
 lcd_error lcd_write_to_screen(lcd_data_t data, char* line_1, char* line_2);
           ^
src/central_controller_node.c:574:36: warning: passing argument 3 of 'lcd_write_to_screen' from incompatible pointer type [-Wincompatible-pointer-types]
    lcd_write_to_screen(lcd, line1, line2);
                                    ^
In file included from src/central_controller_node.c:8:0:
../../include/hardware_include.h:122:11: note: expected 'char *' but argument is of type 'char **'
 lcd_error lcd_write_to_screen(lcd_data_t data, char* line_1, char* line_2);
           ^
qcc -Vgcc_ntoarmv7le -o build/armv7le-debug/central_controller_node   build/armv7le-debug/src/central_controller_node.o build/armv7le-debug/../../include/global_include.o build/armv7le-debug/../../include/hardware_include.o  
23:48:44 **** Incremental Build of configuration armv7le-debug for project central_controller_node ****
make -j4 all 
qcc -Vgcc_ntoarmv7le -c -Wp,-MMD,build/armv7le-debug/src/central_controller_node.d,-MT,build/armv7le-debug/src/central_controller_node.o -o build/armv7le-debug/src/central_controller_node.o -I ../../include -Wall -fmessage-length=0 -g -O0 -fno-builtin  src/central_controller_node.c
src/central_controller_node.c: In function 'hardware_output_thread':
src/central_controller_node.c:547:10: warning: return makes pointer from integer without a cast [-Wint-conversion]
   return EXIT_FAILURE;
          ^
src/central_controller_node.c:572:12: warning: passing argument 1 of 'sprintf' from incompatible pointer type [-Wincompatible-pointer-types]
    sprintf(line1, "I1:%d, X1:%d ", out_data->i1_current_state, out_data->x1_current_state);
            ^
In file included from src/central_controller_node.c:1:0:
D:/qnx700_QNX_SDK/target/qnx7/usr/include/stdio.h:184:12: note: expected 'char *' but argument is of type 'char **'
 extern int sprintf(char *__s, const char *__format, ...);
            ^
src/central_controller_node.c:573:12: warning: passing argument 1 of 'sprintf' from incompatible pointer type [-Wincompatible-pointer-types]
    sprintf(line2, "Peak Status: %d  ", out_data->peak);
            ^
In file included from src/central_controller_node.c:1:0:
D:/qnx700_QNX_SDK/target/qnx7/usr/include/stdio.h:184:12: note: expected 'char *' but argument is of type 'char **'
 extern int sprintf(char *__s, const char *__format, ...);
            ^
src/central_controller_node.c:574:29: warning: passing argument 2 of 'lcd_write_to_screen' from incompatible pointer type [-Wincompatible-pointer-types]
    lcd_write_to_screen(lcd, line1, line2);
                             ^
In file included from src/central_controller_node.c:8:0:
../../include/hardware_include.h:122:11: note: expected 'char *' but argument is of type 'char **'
 lcd_error lcd_write_to_screen(lcd_data_t data, char* line_1, char* line_2);
           ^
src/central_controller_node.c:574:36: warning: passing argument 3 of 'lcd_write_to_screen' from incompatible pointer type [-Wincompatible-pointer-types]
    lcd_write_to_screen(lcd, line1, line2);
                                    ^
In file included from src/central_controller_node.c:8:0:
../../include/hardware_include.h:122:11: note: expected 'char *' but argument is of type 'char **'
 lcd_error lcd_write_to_screen(lcd_data_t data, char* line_1, char* line_2);
           ^
qcc -Vgcc_ntoarmv7le -o build/armv7le-debug/central_controller_node   build/armv7le-debug/src/central_controller_node.o build/armv7le-debug/../../include/global_include.o build/armv7le-debug/../../include/hardware_include.o  
23:48:46 **** Incremental Build of configuration armv7le-debug for project central_controller_node ****
make -j4 all 
make: Nothing to be done for 'all'.
23:51:29 **** Incremental Build of configuration armv7le-debug for project central_controller_node ****
make -j4 all 
make: Nothing to be done for 'all'.
23:51:45 **** Incremental Build of configuration armv7le-debug for project central_controller_node ****
make -j4 all 
make: Nothing to be done for 'all'.
23:53:43 **** Incremental Build of configuration armv7le-debug for project central_controller_node ****
make -j4 all 
make: Nothing to be done for 'all'.
23:56:27 **** Incremental Build of configuration armv7le-debug for project central_controller_node ****
make -j4 all 
make: Nothing to be done for 'all'.
23:57:52 **** Incremental Build of configuration armv7le-debug for project central_controller_node ****
make -j4 all 
make: Nothing to be done for 'all'.
00:01:53 **** Incremental Build of configuration armv7le-debug for project central_controller_node ****
make -j4 all 
make: Nothing to be done for 'all'.
00:04:01 **** Incremental Build of configuration armv7le-debug for project central_controller_node ****
make -j4 all 
make: Nothing to be done for 'all'.
00:04:36 **** Incremental Build of configuration armv7le-debug for project central_controller_node ****
make -j4 all 
make: Nothing to be done for 'all'.
00:06:20 **** Incremental Build of configuration armv7le-debug for project central_controller_node ****
make -j4 all 
make: Nothing to be done for 'all'.
00:08:56 **** Incremental Build of configuration armv7le-debug for project central_controller_node ****
make -j4 all 
qcc -Vgcc_ntoarmv7le -c -Wp,-MMD,build/armv7le-debug/src/central_controller_node.d,-MT,build/armv7le-debug/src/central_controller_node.o -o build/armv7le-debug/src/central_controller_node.o -I ../../include -Wall -fmessage-length=0 -g -O0 -fno-builtin  src/central_controller_node.c
src/central_controller_node.c: In function 'hardware_output_thread':
src/central_controller_node.c:549:10: warning: return makes pointer from integer without a cast [-Wint-conversion]
   return EXIT_FAILURE;
          ^
src/central_controller_node.c:567:13: warning: passing argument 1 of 'sprintf' from incompatible pointer type [-Wincompatible-pointer-types]
     sprintf(line2, "I1:%d I2:%d X1:%d ", out_data->priority.i1_ready, out_data->priority.i2_ready, out_data->priority.x1_ready);
             ^
In file included from src/central_controller_node.c:1:0:
D:/qnx700_QNX_SDK/target/qnx7/usr/include/stdio.h:184:12: note: expected 'char *' but argument is of type 'char **'
 extern int sprintf(char *__s, const char *__format, ...);
            ^
src/central_controller_node.c:574:12: warning: passing argument 1 of 'sprintf' from incompatible pointer type [-Wincompatible-pointer-types]
    sprintf(line1, "I1:%d, X1:%d ", out_data->i1_current_state, out_data->x1_current_state);
            ^
In file included from src/central_controller_node.c:1:0:
D:/qnx700_QNX_SDK/target/qnx7/usr/include/stdio.h:184:12: note: expected 'char *' but argument is of type 'char **'
 extern int sprintf(char *__s, const char *__format, ...);
            ^
src/central_controller_node.c:575:12: warning: passing argument 1 of 'sprintf' from incompatible pointer type [-Wincompatible-pointer-types]
    sprintf(line2, "Peak Status: %d  ", out_data->peak);
            ^
In file included from src/central_controller_node.c:1:0:
D:/qnx700_QNX_SDK/target/qnx7/usr/include/stdio.h:184:12: note: expected 'char *' but argument is of type 'char **'
 extern int sprintf(char *__s, const char *__format, ...);
            ^
src/central_controller_node.c:576:29: warning: passing argument 2 of 'lcd_write_to_screen' from incompatible pointer type [-Wincompatible-pointer-types]
    lcd_write_to_screen(lcd, line1, line2);
                             ^
In file included from src/central_controller_node.c:8:0:
../../include/hardware_include.h:122:11: note: expected 'char *' but argument is of type 'char **'
 lcd_error lcd_write_to_screen(lcd_data_t data, char* line_1, char* line_2);
           ^
src/central_controller_node.c:576:36: warning: passing argument 3 of 'lcd_write_to_screen' from incompatible pointer type [-Wincompatible-pointer-types]
    lcd_write_to_screen(lcd, line1, line2);
                                    ^
In file included from src/central_controller_node.c:8:0:
../../include/hardware_include.h:122:11: note: expected 'char *' but argument is of type 'char **'
 lcd_error lcd_write_to_screen(lcd_data_t data, char* line_1, char* line_2);
           ^
qcc -Vgcc_ntoarmv7le -o build/armv7le-debug/central_controller_node   build/armv7le-debug/src/central_controller_node.o build/armv7le-debug/../../include/global_include.o build/armv7le-debug/../../include/hardware_include.o  
00:09:08 **** Incremental Build of configuration armv7le-debug for project central_controller_node ****
make -j4 all 
make: Nothing to be done for 'all'.
00:12:33 **** Incremental Build of configuration armv7le-debug for project central_controller_node ****
make -j4 all 
qcc -Vgcc_ntoarmv7le -c -Wp,-MMD,build/armv7le-debug/src/central_controller_node.d,-MT,build/armv7le-debug/src/central_controller_node.o -o build/armv7le-debug/src/central_controller_node.o -I ../../include -Wall -fmessage-length=0 -g -O0 -fno-builtin  src/central_controller_node.c
src/central_controller_node.c: In function 'hardware_output_thread':
src/central_controller_node.c:549:10: warning: return makes pointer from integer without a cast [-Wint-conversion]
   return EXIT_FAILURE;
          ^
src/central_controller_node.c:567:13: warning: passing argument 1 of 'sprintf' from incompatible pointer type [-Wincompatible-pointer-types]
     sprintf(line2, "I1:%d I2:%d X1:%d ", out_data->priority.i1_ready, out_data->priority.i2_ready, out_data->priority.x1_ready);
             ^
In file included from src/central_controller_node.c:1:0:
D:/qnx700_QNX_SDK/target/qnx7/usr/include/stdio.h:184:12: note: expected 'char *' but argument is of type 'char **'
 extern int sprintf(char *__s, const char *__format, ...);
            ^
src/central_controller_node.c:574:12: warning: passing argument 1 of 'sprintf' from incompatible pointer type [-Wincompatible-pointer-types]
    sprintf(line1, "I1:%d, X1:%d ", out_data->i1_current_state, out_data->x1_current_state);
            ^
In file included from src/central_controller_node.c:1:0:
D:/qnx700_QNX_SDK/target/qnx7/usr/include/stdio.h:184:12: note: expected 'char *' but argument is of type 'char **'
 extern int sprintf(char *__s, const char *__format, ...);
            ^
src/central_controller_node.c:575:12: warning: passing argument 1 of 'sprintf' from incompatible pointer type [-Wincompatible-pointer-types]
    sprintf(line2, "Peak Status: %d  ", out_data->peak);
            ^
In file included from src/central_controller_node.c:1:0:
D:/qnx700_QNX_SDK/target/qnx7/usr/include/stdio.h:184:12: note: expected 'char *' but argument is of type 'char **'
 extern int sprintf(char *__s, const char *__format, ...);
            ^
src/central_controller_node.c:576:29: warning: passing argument 2 of 'lcd_write_to_screen' from incompatible pointer type [-Wincompatible-pointer-types]
    lcd_write_to_screen(lcd, line1, line2);
                             ^
In file included from src/central_controller_node.c:8:0:
../../include/hardware_include.h:122:11: note: expected 'char *' but argument is of type 'char **'
 lcd_error lcd_write_to_screen(lcd_data_t data, char* line_1, char* line_2);
           ^
src/central_controller_node.c:576:36: warning: passing argument 3 of 'lcd_write_to_screen' from incompatible pointer type [-Wincompatible-pointer-types]
    lcd_write_to_screen(lcd, line1, line2);
                                    ^
In file included from src/central_controller_node.c:8:0:
../../include/hardware_include.h:122:11: note: expected 'char *' but argument is of type 'char **'
 lcd_error lcd_write_to_screen(lcd_data_t data, char* line_1, char* line_2);
           ^
qcc -Vgcc_ntoarmv7le -o build/armv7le-debug/central_controller_node   build/armv7le-debug/src/central_controller_node.o build/armv7le-debug/../../include/global_include.o build/armv7le-debug/../../include/hardware_include.o  
00:12:43 **** Incremental Build of configuration armv7le-debug for project central_controller_node ****
make -j4 all 
make: Nothing to be done for 'all'.
00:15:02 **** Incremental Build of configuration armv7le-debug for project central_controller_node ****
make -j4 all 
make: Nothing to be done for 'all'.
00:16:04 **** Incremental Build of configuration armv7le-debug for project central_controller_node ****
make -j4 all 
qcc -Vgcc_ntoarmv7le -c -Wp,-MMD,build/armv7le-debug/src/central_controller_node.d,-MT,build/armv7le-debug/src/central_controller_node.o -o build/armv7le-debug/src/central_controller_node.o -I ../../include -Wall -fmessage-length=0 -g -O0 -fno-builtin  src/central_controller_node.c
src/central_controller_node.c: In function 'hardware_output_thread':
src/central_controller_node.c:547:10: warning: return makes pointer from integer without a cast [-Wint-conversion]
   return EXIT_FAILURE;
          ^
src/central_controller_node.c:565:13: warning: passing argument 1 of 'sprintf' from incompatible pointer type [-Wincompatible-pointer-types]
     sprintf(line2, "I1:%d I2:%d X1:%d ", out_data->priority.i1_ready, out_data->priority.i2_ready, out_data->priority.x1_ready);
             ^
In file included from src/central_controller_node.c:1:0:
D:/qnx700_QNX_SDK/target/qnx7/usr/include/stdio.h:184:12: note: expected 'char *' but argument is of type 'char **'
 extern int sprintf(char *__s, const char *__format, ...);
            ^
src/central_controller_node.c:572:12: warning: passing argument 1 of 'sprintf' from incompatible pointer type [-Wincompatible-pointer-types]
    sprintf(line1, "I1:%d, X1:%d ", out_data->i1_current_state, out_data->x1_current_state);
            ^
In file included from src/central_controller_node.c:1:0:
D:/qnx700_QNX_SDK/target/qnx7/usr/include/stdio.h:184:12: note: expected 'char *' but argument is of type 'char **'
 extern int sprintf(char *__s, const char *__format, ...);
            ^
src/central_controller_node.c:573:12: warning: passing argument 1 of 'sprintf' from incompatible pointer type [-Wincompatible-pointer-types]
    sprintf(line2, "Peak Status: %d  ", out_data->peak);
            ^
In file included from src/central_controller_node.c:1:0:
D:/qnx700_QNX_SDK/target/qnx7/usr/include/stdio.h:184:12: note: expected 'char *' but argument is of type 'char **'
 extern int sprintf(char *__s, const char *__format, ...);
            ^
src/central_controller_node.c:574:29: warning: passing argument 2 of 'lcd_write_to_screen' from incompatible pointer type [-Wincompatible-pointer-types]
    lcd_write_to_screen(lcd, line1, line2);
                             ^
In file included from src/central_controller_node.c:8:0:
../../include/hardware_include.h:122:11: note: expected 'char *' but argument is of type 'char **'
 lcd_error lcd_write_to_screen(lcd_data_t data, char* line_1, char* line_2);
           ^
src/central_controller_node.c:574:36: warning: passing argument 3 of 'lcd_write_to_screen' from incompatible pointer type [-Wincompatible-pointer-types]
    lcd_write_to_screen(lcd, line1, line2);
                                    ^
In file included from src/central_controller_node.c:8:0:
../../include/hardware_include.h:122:11: note: expected 'char *' but argument is of type 'char **'
 lcd_error lcd_write_to_screen(lcd_data_t data, char* line_1, char* line_2);
           ^
qcc -Vgcc_ntoarmv7le -o build/armv7le-debug/central_controller_node   build/armv7le-debug/src/central_controller_node.o build/armv7le-debug/../../include/global_include.o build/armv7le-debug/../../include/hardware_include.o  
00:16:33 **** Incremental Build of configuration armv7le-debug for project central_controller_node ****
make -j4 all 
make: Nothing to be done for 'all'.
00:36:22 **** Incremental Build of configuration armv7le-debug for project central_controller_node ****
make -j4 all 
qcc -Vgcc_ntoarmv7le -c -Wp,-MMD,build/armv7le-debug/src/central_controller_node.d,-MT,build/armv7le-debug/src/central_controller_node.o -o build/armv7le-debug/src/central_controller_node.o -I ../../include -Wall -fmessage-length=0 -g -O0 -fno-builtin  src/central_controller_node.c
In file included from src/central_controller_node.c:7:0:
../../include/controller_include.h:20:5: error: unknown type name 'i2_states'
     i2_states i1_current_state;
     ^
../../include/controller_include.h:20:15: error: duplicate member 'i1_current_state'
     i2_states i1_current_state;
               ^
src/central_controller_node.c: In function 'hardware_output_thread':
src/central_controller_node.c:547:10: warning: return makes pointer from integer without a cast [-Wint-conversion]
   return EXIT_FAILURE;
          ^
src/central_controller_node.c:565:13: warning: passing argument 1 of 'sprintf' from incompatible pointer type [-Wincompatible-pointer-types]
     sprintf(line2, "I1:%d I2:%d X1:%d ", out_data->priority.i1_ready, out_data->priority.i2_ready, out_data->priority.x1_ready);
             ^
In file included from src/central_controller_node.c:1:0:
D:/qnx700_QNX_SDK/target/qnx7/usr/include/stdio.h:184:12: note: expected 'char *' but argument is of type 'char **'
 extern int sprintf(char *__s, const char *__format, ...);
            ^
src/central_controller_node.c:572:12: warning: passing argument 1 of 'sprintf' from incompatible pointer type [-Wincompatible-pointer-types]
    sprintf(line1, "I1:%d, X1:%d ", out_data->i1_current_state, out_data->x1_current_state);
            ^
In file included from src/central_controller_node.c:1:0:
D:/qnx700_QNX_SDK/target/qnx7/usr/include/stdio.h:184:12: note: expected 'char *' but argument is of type 'char **'
 extern int sprintf(char *__s, const char *__format, ...);
            ^
src/central_controller_node.c:573:12: warning: passing argument 1 of 'sprintf' from incompatible pointer type [-Wincompatible-pointer-types]
    sprintf(line2, "Peak Status: %d  ", out_data->peak);
            ^
In file included from src/central_controller_node.c:1:0:
D:/qnx700_QNX_SDK/target/qnx7/usr/include/stdio.h:184:12: note: expected 'char *' but argument is of type 'char **'
 extern int sprintf(char *__s, const char *__format, ...);
            ^
src/central_controller_node.c:574:29: warning: passing argument 2 of 'lcd_write_to_screen' from incompatible pointer type [-Wincompatible-pointer-types]
    lcd_write_to_screen(lcd, line1, line2);
                             ^
In file included from src/central_controller_node.c:8:0:
../../include/hardware_include.h:122:11: note: expected 'char *' but argument is of type 'char **'
 lcd_error lcd_write_to_screen(lcd_data_t data, char* line_1, char* line_2);
           ^
src/central_controller_node.c:574:36: warning: passing argument 3 of 'lcd_write_to_screen' from incompatible pointer type [-Wincompatible-pointer-types]
    lcd_write_to_screen(lcd, line1, line2);
                                    ^
In file included from src/central_controller_node.c:8:0:
../../include/hardware_include.h:122:11: note: expected 'char *' but argument is of type 'char **'
 lcd_error lcd_write_to_screen(lcd_data_t data, char* line_1, char* line_2);
           ^
src/central_controller_node.c: In function 'software_output_thread':
src/central_controller_node.c:609:44: error: 'controller_data_t {aka struct <anonymous>}' has no member named 'i2_current_state'
    printf("I2 Current State_%d\n", out_data->i2_current_state);
                                            ^
cc: D:/qnx700_QNX_SDK/host/win64/x86_64/usr/lib/gcc/arm-unknown-nto-qnx7.0.0eabi/5.4.0/cc1 caught signal 1
Makefile:57: recipe for target 'build/armv7le-debug/src/central_controller_node.o' failed
make: *** [build/armv7le-debug/src/central_controller_node.o] Error 1
00:37:03 **** Incremental Build of configuration armv7le-debug for project central_controller_node ****
make -j4 all 
qcc -Vgcc_ntoarmv7le -c -Wp,-MMD,build/armv7le-debug/src/central_controller_node.d,-MT,build/armv7le-debug/src/central_controller_node.o -o build/armv7le-debug/src/central_controller_node.o -I ../../include -Wall -fmessage-length=0 -g -O0 -fno-builtin  src/central_controller_node.c
src/central_controller_node.c: In function 'hardware_output_thread':
src/central_controller_node.c:547:10: warning: return makes pointer from integer without a cast [-Wint-conversion]
   return EXIT_FAILURE;
          ^
src/central_controller_node.c:565:13: warning: passing argument 1 of 'sprintf' from incompatible pointer type [-Wincompatible-pointer-types]
     sprintf(line2, "I1:%d I2:%d X1:%d ", out_data->priority.i1_ready, out_data->priority.i2_ready, out_data->priority.x1_ready);
             ^
In file included from src/central_controller_node.c:1:0:
D:/qnx700_QNX_SDK/target/qnx7/usr/include/stdio.h:184:12: note: expected 'char *' but argument is of type 'char **'
 extern int sprintf(char *__s, const char *__format, ...);
            ^
src/central_controller_node.c:572:12: warning: passing argument 1 of 'sprintf' from incompatible pointer type [-Wincompatible-pointer-types]
    sprintf(line1, "I1:%d, X1:%d ", out_data->i1_current_state, out_data->x1_current_state);
            ^
In file included from src/central_controller_node.c:1:0:
D:/qnx700_QNX_SDK/target/qnx7/usr/include/stdio.h:184:12: note: expected 'char *' but argument is of type 'char **'
 extern int sprintf(char *__s, const char *__format, ...);
            ^
src/central_controller_node.c:573:12: warning: passing argument 1 of 'sprintf' from incompatible pointer type [-Wincompatible-pointer-types]
    sprintf(line2, "Peak Status: %d  ", out_data->peak);
            ^
In file included from src/central_controller_node.c:1:0:
D:/qnx700_QNX_SDK/target/qnx7/usr/include/stdio.h:184:12: note: expected 'char *' but argument is of type 'char **'
 extern int sprintf(char *__s, const char *__format, ...);
            ^
src/central_controller_node.c:574:29: warning: passing argument 2 of 'lcd_write_to_screen' from incompatible pointer type [-Wincompatible-pointer-types]
    lcd_write_to_screen(lcd, line1, line2);
                             ^
In file included from src/central_controller_node.c:8:0:
../../include/hardware_include.h:122:11: note: expected 'char *' but argument is of type 'char **'
 lcd_error lcd_write_to_screen(lcd_data_t data, char* line_1, char* line_2);
           ^
src/central_controller_node.c:574:36: warning: passing argument 3 of 'lcd_write_to_screen' from incompatible pointer type [-Wincompatible-pointer-types]
    lcd_write_to_screen(lcd, line1, line2);
                                    ^
In file included from src/central_controller_node.c:8:0:
../../include/hardware_include.h:122:11: note: expected 'char *' but argument is of type 'char **'
 lcd_error lcd_write_to_screen(lcd_data_t data, char* line_1, char* line_2);
           ^
qcc -Vgcc_ntoarmv7le -o build/armv7le-debug/central_controller_node   build/armv7le-debug/src/central_controller_node.o build/armv7le-debug/../../include/global_include.o build/armv7le-debug/../../include/hardware_include.o  
00:42:55 **** Incremental Build of configuration armv7le-debug for project central_controller_node ****
make -j4 all 
qcc -Vgcc_ntoarmv7le -c -Wp,-MMD,build/armv7le-debug/src/central_controller_node.d,-MT,build/armv7le-debug/src/central_controller_node.o -o build/armv7le-debug/src/central_controller_node.o -I ../../include -Wall -fmessage-length=0 -g -O0 -fno-builtin  src/central_controller_node.c
src/central_controller_node.c: In function 'hardware_output_thread':
src/central_controller_node.c:548:10: warning: return makes pointer from integer without a cast [-Wint-conversion]
   return EXIT_FAILURE;
          ^
src/central_controller_node.c:567:13: warning: passing argument 1 of 'sprintf' from incompatible pointer type [-Wincompatible-pointer-types]
     sprintf(line2, "I1:%d I2:%d X1:%d ", out_data->priority.i1_ready, out_data->priority.i2_ready, out_data->priority.x1_ready);
             ^
In file included from src/central_controller_node.c:1:0:
D:/qnx700_QNX_SDK/target/qnx7/usr/include/stdio.h:184:12: note: expected 'char *' but argument is of type 'char **'
 extern int sprintf(char *__s, const char *__format, ...);
            ^
src/central_controller_node.c:568:5: error: too few arguments to function 'lcd_write_to_screen'
     lcd_write_to_screen(lcd, "Node Priority Status");
     ^
In file included from src/central_controller_node.c:8:0:
../../include/hardware_include.h:122:11: note: declared here
 lcd_error lcd_write_to_screen(lcd_data_t data, char* line_1, char* line_2);
           ^
src/central_controller_node.c:575:12: warning: passing argument 1 of 'sprintf' from incompatible pointer type [-Wincompatible-pointer-types]
    sprintf(line1, "I1:%d, X1:%d ", out_data->i1_current_state, out_data->x1_current_state);
            ^
In file included from src/central_controller_node.c:1:0:
D:/qnx700_QNX_SDK/target/qnx7/usr/include/stdio.h:184:12: note: expected 'char *' but argument is of type 'char **'
 extern int sprintf(char *__s, const char *__format, ...);
            ^
src/central_controller_node.c:576:12: warning: passing argument 1 of 'sprintf' from incompatible pointer type [-Wincompatible-pointer-types]
    sprintf(line2, "Peak Status: %d  ", out_data->peak);
            ^
In file included from src/central_controller_node.c:1:0:
D:/qnx700_QNX_SDK/target/qnx7/usr/include/stdio.h:184:12: note: expected 'char *' but argument is of type 'char **'
 extern int sprintf(char *__s, const char *__format, ...);
            ^
src/central_controller_node.c:577:29: warning: passing argument 2 of 'lcd_write_to_screen' from incompatible pointer type [-Wincompatible-pointer-types]
    lcd_write_to_screen(lcd, line1, line2);
                             ^
In file included from src/central_controller_node.c:8:0:
../../include/hardware_include.h:122:11: note: expected 'char *' but argument is of type 'char **'
 lcd_error lcd_write_to_screen(lcd_data_t data, char* line_1, char* line_2);
           ^
src/central_controller_node.c:577:36: warning: passing argument 3 of 'lcd_write_to_screen' from incompatible pointer type [-Wincompatible-pointer-types]
    lcd_write_to_screen(lcd, line1, line2);
                                    ^
In file included from src/central_controller_node.c:8:0:
../../include/hardware_include.h:122:11: note: expected 'char *' but argument is of type 'char **'
 lcd_error lcd_write_to_screen(lcd_data_t data, char* line_1, char* line_2);
           ^
cc: D:/qnx700_QNX_SDK/host/win64/x86_64/usr/lib/gcc/arm-unknown-nto-qnx7.0.0eabi/5.4.0/cc1 caught signal 1
Makefile:57: recipe for target 'build/armv7le-debug/src/central_controller_node.o' failed
make: *** [build/armv7le-debug/src/central_controller_node.o] Error 1
00:43:13 **** Incremental Build of configuration armv7le-debug for project central_controller_node ****
make -j4 all 
qcc -Vgcc_ntoarmv7le -c -Wp,-MMD,build/armv7le-debug/src/central_controller_node.d,-MT,build/armv7le-debug/src/central_controller_node.o -o build/armv7le-debug/src/central_controller_node.o -I ../../include -Wall -fmessage-length=0 -g -O0 -fno-builtin  src/central_controller_node.c
src/central_controller_node.c: In function 'hardware_output_thread':
src/central_controller_node.c:548:10: warning: return makes pointer from integer without a cast [-Wint-conversion]
   return EXIT_FAILURE;
          ^
src/central_controller_node.c:567:13: warning: passing argument 1 of 'sprintf' from incompatible pointer type [-Wincompatible-pointer-types]
     sprintf(line2, "I1:%d I2:%d X1:%d ", out_data->priority.i1_ready, out_data->priority.i2_ready, out_data->priority.x1_ready);
             ^
In file included from src/central_controller_node.c:1:0:
D:/qnx700_QNX_SDK/target/qnx7/usr/include/stdio.h:184:12: note: expected 'char *' but argument is of type 'char **'
 extern int sprintf(char *__s, const char *__format, ...);
            ^
src/central_controller_node.c:568:54: warning: passing argument 3 of 'lcd_write_to_screen' from incompatible pointer type [-Wincompatible-pointer-types]
     lcd_write_to_screen(lcd, "Node Priority Status", line2);
                                                      ^
In file included from src/central_controller_node.c:8:0:
../../include/hardware_include.h:122:11: note: expected 'char *' but argument is of type 'char **'
 lcd_error lcd_write_to_screen(lcd_data_t data, char* line_1, char* line_2);
           ^
src/central_controller_node.c:575:12: warning: passing argument 1 of 'sprintf' from incompatible pointer type [-Wincompatible-pointer-types]
    sprintf(line1, "I1:%d, X1:%d ", out_data->i1_current_state, out_data->x1_current_state);
            ^
In file included from src/central_controller_node.c:1:0:
D:/qnx700_QNX_SDK/target/qnx7/usr/include/stdio.h:184:12: note: expected 'char *' but argument is of type 'char **'
 extern int sprintf(char *__s, const char *__format, ...);
            ^
src/central_controller_node.c:576:12: warning: passing argument 1 of 'sprintf' from incompatible pointer type [-Wincompatible-pointer-types]
    sprintf(line2, "Peak Status: %d  ", out_data->peak);
            ^
In file included from src/central_controller_node.c:1:0:
D:/qnx700_QNX_SDK/target/qnx7/usr/include/stdio.h:184:12: note: expected 'char *' but argument is of type 'char **'
 extern int sprintf(char *__s, const char *__format, ...);
            ^
src/central_controller_node.c:577:29: warning: passing argument 2 of 'lcd_write_to_screen' from incompatible pointer type [-Wincompatible-pointer-types]
    lcd_write_to_screen(lcd, line1, line2);
                             ^
In file included from src/central_controller_node.c:8:0:
../../include/hardware_include.h:122:11: note: expected 'char *' but argument is of type 'char **'
 lcd_error lcd_write_to_screen(lcd_data_t data, char* line_1, char* line_2);
           ^
src/central_controller_node.c:577:36: warning: passing argument 3 of 'lcd_write_to_screen' from incompatible pointer type [-Wincompatible-pointer-types]
    lcd_write_to_screen(lcd, line1, line2);
                                    ^
In file included from src/central_controller_node.c:8:0:
../../include/hardware_include.h:122:11: note: expected 'char *' but argument is of type 'char **'
 lcd_error lcd_write_to_screen(lcd_data_t data, char* line_1, char* line_2);
           ^
qcc -Vgcc_ntoarmv7le -o build/armv7le-debug/central_controller_node   build/armv7le-debug/src/central_controller_node.o build/armv7le-debug/../../include/global_include.o build/armv7le-debug/../../include/hardware_include.o  
00:43:17 **** Incremental Build of configuration armv7le-debug for project central_controller_node ****
make -j4 all 
make: Nothing to be done for 'all'.
00:48:15 **** Incremental Build of configuration armv7le-debug for project central_controller_node ****
make -j4 all 
qcc -Vgcc_ntoarmv7le -c -Wp,-MMD,build/armv7le-debug/src/central_controller_node.d,-MT,build/armv7le-debug/src/central_controller_node.o -o build/armv7le-debug/src/central_controller_node.o -I ../../include -Wall -fmessage-length=0 -g -O0 -fno-builtin  src/central_controller_node.c
src/central_controller_node.c: In function 'hardware_output_thread':
src/central_controller_node.c:548:10: warning: return makes pointer from integer without a cast [-Wint-conversion]
   return EXIT_FAILURE;
          ^
src/central_controller_node.c:567:13: warning: passing argument 1 of 'sprintf' from incompatible pointer type [-Wincompatible-pointer-types]
     sprintf(line2, "I1:%d I2:%d X1:%d    ", out_data->priority.i1_ready, out_data->priority.i2_ready, out_data->priority.x1_ready);
             ^
In file included from src/central_controller_node.c:1:0:
D:/qnx700_QNX_SDK/target/qnx7/usr/include/stdio.h:184:12: note: expected 'char *' but argument is of type 'char **'
 extern int sprintf(char *__s, const char *__format, ...);
            ^
src/central_controller_node.c:568:54: warning: passing argument 3 of 'lcd_write_to_screen' from incompatible pointer type [-Wincompatible-pointer-types]
     lcd_write_to_screen(lcd, "Node Priority Status", line2);
                                                      ^
In file included from src/central_controller_node.c:8:0:
../../include/hardware_include.h:122:11: note: expected 'char *' but argument is of type 'char **'
 lcd_error lcd_write_to_screen(lcd_data_t data, char* line_1, char* line_2);
           ^
src/central_controller_node.c:575:12: warning: passing argument 1 of 'sprintf' from incompatible pointer type [-Wincompatible-pointer-types]
    sprintf(line1, "I1:%d, X1:%d ", out_data->i1_current_state, out_data->x1_current_state);
            ^
In file included from src/central_controller_node.c:1:0:
D:/qnx700_QNX_SDK/target/qnx7/usr/include/stdio.h:184:12: note: expected 'char *' but argument is of type 'char **'
 extern int sprintf(char *__s, const char *__format, ...);
            ^
src/central_controller_node.c:576:12: warning: passing argument 1 of 'sprintf' from incompatible pointer type [-Wincompatible-pointer-types]
    sprintf(line2, "Peak Status: %d  ", out_data->peak);
            ^
In file included from src/central_controller_node.c:1:0:
D:/qnx700_QNX_SDK/target/qnx7/usr/include/stdio.h:184:12: note: expected 'char *' but argument is of type 'char **'
 extern int sprintf(char *__s, const char *__format, ...);
            ^
src/central_controller_node.c:577:29: warning: passing argument 2 of 'lcd_write_to_screen' from incompatible pointer type [-Wincompatible-pointer-types]
    lcd_write_to_screen(lcd, line1, line2);
                             ^
In file included from src/central_controller_node.c:8:0:
../../include/hardware_include.h:122:11: note: expected 'char *' but argument is of type 'char **'
 lcd_error lcd_write_to_screen(lcd_data_t data, char* line_1, char* line_2);
           ^
src/central_controller_node.c:577:36: warning: passing argument 3 of 'lcd_write_to_screen' from incompatible pointer type [-Wincompatible-pointer-types]
    lcd_write_to_screen(lcd, line1, line2);
                                    ^
In file included from src/central_controller_node.c:8:0:
../../include/hardware_include.h:122:11: note: expected 'char *' but argument is of type 'char **'
 lcd_error lcd_write_to_screen(lcd_data_t data, char* line_1, char* line_2);
           ^
qcc -Vgcc_ntoarmv7le -o build/armv7le-debug/central_controller_node   build/armv7le-debug/src/central_controller_node.o build/armv7le-debug/../../include/global_include.o build/armv7le-debug/../../include/hardware_include.o  
00:48:58 **** Incremental Build of configuration armv7le-debug for project central_controller_node ****
make -j4 all 
qcc -Vgcc_ntoarmv7le -c -Wp,-MMD,build/armv7le-debug/src/central_controller_node.d,-MT,build/armv7le-debug/src/central_controller_node.o -o build/armv7le-debug/src/central_controller_node.o -I ../../include -Wall -fmessage-length=0 -g -O0 -fno-builtin  src/central_controller_node.c
src/central_controller_node.c: In function 'hardware_output_thread':
src/central_controller_node.c:548:10: warning: return makes pointer from integer without a cast [-Wint-conversion]
   return EXIT_FAILURE;
          ^
src/central_controller_node.c:567:13: warning: passing argument 1 of 'sprintf' from incompatible pointer type [-Wincompatible-pointer-types]
     sprintf(line2, "I1:%d I2:%d X1:%d    ", out_data->priority.i1_ready, out_data->priority.i2_ready, out_data->priority.x1_ready);
             ^
In file included from src/central_controller_node.c:1:0:
D:/qnx700_QNX_SDK/target/qnx7/usr/include/stdio.h:184:12: note: expected 'char *' but argument is of type 'char **'
 extern int sprintf(char *__s, const char *__format, ...);
            ^
src/central_controller_node.c:568:54: warning: passing argument 3 of 'lcd_write_to_screen' from incompatible pointer type [-Wincompatible-pointer-types]
     lcd_write_to_screen(lcd, "Node Priority Status", line2);
                                                      ^
In file included from src/central_controller_node.c:8:0:
../../include/hardware_include.h:122:11: note: expected 'char *' but argument is of type 'char **'
 lcd_error lcd_write_to_screen(lcd_data_t data, char* line_1, char* line_2);
           ^
src/central_controller_node.c:575:12: warning: passing argument 1 of 'sprintf' from incompatible pointer type [-Wincompatible-pointer-types]
    sprintf(line1, "I1:%d, X1:%d ", out_data->i1_current_state, out_data->x1_current_state);
            ^
In file included from src/central_controller_node.c:1:0:
D:/qnx700_QNX_SDK/target/qnx7/usr/include/stdio.h:184:12: note: expected 'char *' but argument is of type 'char **'
 extern int sprintf(char *__s, const char *__format, ...);
            ^
src/central_controller_node.c:576:12: warning: passing argument 1 of 'sprintf' from incompatible pointer type [-Wincompatible-pointer-types]
    sprintf(line2, "Peak Status: %d  ", out_data->peak);
            ^
In file included from src/central_controller_node.c:1:0:
D:/qnx700_QNX_SDK/target/qnx7/usr/include/stdio.h:184:12: note: expected 'char *' but argument is of type 'char **'
 extern int sprintf(char *__s, const char *__format, ...);
            ^
src/central_controller_node.c:577:29: warning: passing argument 2 of 'lcd_write_to_screen' from incompatible pointer type [-Wincompatible-pointer-types]
    lcd_write_to_screen(lcd, line1, line2);
                             ^
In file included from src/central_controller_node.c:8:0:
../../include/hardware_include.h:122:11: note: expected 'char *' but argument is of type 'char **'
 lcd_error lcd_write_to_screen(lcd_data_t data, char* line_1, char* line_2);
           ^
src/central_controller_node.c:577:36: warning: passing argument 3 of 'lcd_write_to_screen' from incompatible pointer type [-Wincompatible-pointer-types]
    lcd_write_to_screen(lcd, line1, line2);
                                    ^
In file included from src/central_controller_node.c:8:0:
../../include/hardware_include.h:122:11: note: expected 'char *' but argument is of type 'char **'
 lcd_error lcd_write_to_screen(lcd_data_t data, char* line_1, char* line_2);
           ^
qcc -Vgcc_ntoarmv7le -o build/armv7le-debug/central_controller_node   build/armv7le-debug/src/central_controller_node.o build/armv7le-debug/../../include/global_include.o build/armv7le-debug/../../include/hardware_include.o  
00:49:02 **** Incremental Build of configuration armv7le-debug for project central_controller_node ****
make -j4 all 
make: Nothing to be done for 'all'.
01:15:18 **** Incremental Build of configuration armv7le-debug for project central_controller_node ****
make -j4 all 
qcc -Vgcc_ntoarmv7le -c -Wp,-MMD,build/armv7le-debug/src/central_controller_node.d,-MT,build/armv7le-debug/src/central_controller_node.o -o build/armv7le-debug/src/central_controller_node.o -I ../../include -Wall -fmessage-length=0 -g -O0 -fno-builtin  src/central_controller_node.c
qcc -Vgcc_ntoarmv7le -c -Wp,-MMD,build/armv7le-debug/../../include/global_include.d,-MT,build/armv7le-debug/../../include/global_include.o -o build/armv7le-debug/../../include/global_include.o -I ../../include -Wall -fmessage-length=0 -g -O0 -fno-builtin  ../../include/global_include.c
src/central_controller_node.c: In function 'hardware_output_thread':
src/central_controller_node.c:548:10: warning: return makes pointer from integer without a cast [-Wint-conversion]
   return EXIT_FAILURE;
          ^
src/central_controller_node.c:567:13: warning: passing argument 1 of 'sprintf' from incompatible pointer type [-Wincompatible-pointer-types]
     sprintf(line2, "I1:%d I2:%d X1:%d     ", out_data->priority.i1_ready, out_data->priority.i2_ready, out_data->priority.x1_ready);
             ^
In file included from src/central_controller_node.c:1:0:
D:/qnx700_QNX_SDK/target/qnx7/usr/include/stdio.h:184:12: note: expected 'char *' but argument is of type 'char **'
 extern int sprintf(char *__s, const char *__format, ...);
            ^
src/central_controller_node.c:568:54: warning: passing argument 3 of 'lcd_write_to_screen' from incompatible pointer type [-Wincompatible-pointer-types]
     lcd_write_to_screen(lcd, "Node Priority Status", line2);
                                                      ^
In file included from src/central_controller_node.c:8:0:
../../include/hardware_include.h:122:11: note: expected 'char *' but argument is of type 'char **'
 lcd_error lcd_write_to_screen(lcd_data_t data, char* line_1, char* line_2);
           ^
src/central_controller_node.c:575:12: warning: passing argument 1 of 'sprintf' from incompatible pointer type [-Wincompatible-pointer-types]
    sprintf(line1, "I1:%d, X1:%d ", out_data->i1_current_state, out_data->x1_current_state);
            ^
In file included from src/central_controller_node.c:1:0:
D:/qnx700_QNX_SDK/target/qnx7/usr/include/stdio.h:184:12: note: expected 'char *' but argument is of type 'char **'
 extern int sprintf(char *__s, const char *__format, ...);
            ^
src/central_controller_node.c:576:12: warning: passing argument 1 of 'sprintf' from incompatible pointer type [-Wincompatible-pointer-types]
    sprintf(line2, "Peak Status: %d  ", out_data->peak);
            ^
In file included from src/central_controller_node.c:1:0:
D:/qnx700_QNX_SDK/target/qnx7/usr/include/stdio.h:184:12: note: expected 'char *' but argument is of type 'char **'
 extern int sprintf(char *__s, const char *__format, ...);
            ^
src/central_controller_node.c:577:29: warning: passing argument 2 of 'lcd_write_to_screen' from incompatible pointer type [-Wincompatible-pointer-types]
    lcd_write_to_screen(lcd, line1, line2);
                             ^
In file included from src/central_controller_node.c:8:0:
../../include/hardware_include.h:122:11: note: expected 'char *' but argument is of type 'char **'
 lcd_error lcd_write_to_screen(lcd_data_t data, char* line_1, char* line_2);
           ^
src/central_controller_node.c:577:36: warning: passing argument 3 of 'lcd_write_to_screen' from incompatible pointer type [-Wincompatible-pointer-types]
    lcd_write_to_screen(lcd, line1, line2);
                                    ^
In file included from src/central_controller_node.c:8:0:
../../include/hardware_include.h:122:11: note: expected 'char *' but argument is of type 'char **'
 lcd_error lcd_write_to_screen(lcd_data_t data, char* line_1, char* line_2);
           ^
qcc -Vgcc_ntoarmv7le -o build/armv7le-debug/central_controller_node   build/armv7le-debug/src/central_controller_node.o build/armv7le-debug/../../include/global_include.o build/armv7le-debug/../../include/hardware_include.o  
